*************************************
Datetime: 2019-05-10T10:47:03.753618
Authorization: Basic ZG1hcnRpbjoxNipsb2NhdGVkKkZJUkUqbmluZQ==
Cache-Control: no-cache
Accept: */*
User-Agent: PostmanRuntime/7.6.0
Connection: keep-alive
Postman-Token: 16d3aa29-448d-4130-9962-ef58cb7fab09
Host: localhost:9000
Accept-Encoding: gzip, deflate
Content-Length: 19546
Content-Type: application/json
*************************************
*************************************
Datetime: 2019-05-10T10:51:06.115921
Authorization: Basic ZG1hcnRpbjoxNipsb2NhdGVkKkZJUkUqbmluZQ==
Cache-Control: no-cache
Accept: */*
User-Agent: PostmanRuntime/7.6.0
Connection: keep-alive
Postman-Token: d3513432-0434-40be-9e19-c8c100253434
Host: localhost:9000
Accept-Encoding: gzip, deflate
Content-Length: 19546
Content-Type: application/json
*************************************
*************************************
Datetime: 2019-05-10T13:21:55.813584
Authorization: Basic ZG1hcnRpbjoxNipsb2NhdGVkKkZJUkUqbmluZQ==
Cache-Control: no-cache
Accept: */*
User-Agent: PostmanRuntime/7.6.0
Connection: keep-alive
Postman-Token: 569a7cc6-87ef-4778-b869-924047390c74
Host: localhost:9000
Accept-Encoding: gzip, deflate
Content-Length: 19546
Content-Type: application/json
*************************************
*************************************
Datetime: 2019-05-10T13:24:23.933069
Authorization: Basic ZG1hcnRpbjoxNipsb2NhdGVkKkZJUkUqbmluZQ==
Cache-Control: no-cache
Accept: */*
User-Agent: PostmanRuntime/7.6.0
Connection: keep-alive
Postman-Token: b419124a-0a18-4f0b-bf8b-0ec4fc5fd513
Host: localhost:9000
Accept-Encoding: gzip, deflate
Content-Length: 19546
Content-Type: application/json
*************************************
*************************************
Datetime: 2019-05-10T13:25:29.093795
Authorization: Basic ZG1hcnRpbjoxNipsb2NhdGVkKkZJUkUqbmluZQ==
Cache-Control: no-cache
Accept: */*
User-Agent: PostmanRuntime/7.6.0
Connection: keep-alive
Postman-Token: 094f8d5e-7170-43f9-b9af-f72608d9846a
Host: localhost:9000
Accept-Encoding: gzip, deflate
Content-Length: 19546
Content-Type: application/json
*************************************
*************************************
Datetime: 2019-05-10T13:26:35.115402
Authorization: Basic ZG1hcnRpbjoxNipsb2NhdGVkKkZJUkUqbmluZQ==
Cache-Control: no-cache
Accept: */*
User-Agent: PostmanRuntime/7.6.0
Connection: keep-alive
Postman-Token: ba1cc815-1534-40fd-865e-9de5caf9c072
Host: localhost:9000
Accept-Encoding: gzip, deflate
Content-Length: 19546
Content-Type: application/json
*************************************
*************************************
Datetime: 2019-05-10T13:28:29.744919
Authorization: Basic ZG1hcnRpbjoxNipsb2NhdGVkKkZJUkUqbmluZQ==
Cache-Control: no-cache
Accept: */*
User-Agent: PostmanRuntime/7.6.0
Connection: keep-alive
Postman-Token: 0fbacdbf-fcc4-403d-80d9-fd4fd34e1ea3
Host: localhost:9000
Accept-Encoding: gzip, deflate
Content-Length: 19546
Content-Type: application/json
*************************************
*************************************
Datetime: 2019-05-10T16:30:33.504466
Authorization: Basic ZG1hcnRpbjoxNipsb2NhdGVkKkZJUkUqbmluZQ==
Cache-Control: no-cache
Accept: */*
User-Agent: PostmanRuntime/7.6.0
Connection: keep-alive
Postman-Token: 605dbe2f-5d55-4e24-8fdd-d7f5b3339040
Host: localhost:9000
Accept-Encoding: gzip, deflate
Content-Length: 12175
Content-Type: application/json
*************************************
