*************************************
Datetime: 2019-01-25T10:18:47.717552
Extension: park
Cache-Control: no-cache
Accept: */*
TripleStore: InsertDataTests
User-Agent: PostmanRuntime/7.6.0
Connection: keep-alive
Postman-Token: f7e72cce-1f91-4cf7-bb2a-d01bee4952e7
Host: localhost:9000
Accept-Encoding: gzip, deflate
*************************************
*************************************
Datetime: 2019-01-25T10:18:47.766687
Extension: park
Cache-Control: no-cache
Accept: */*
TripleStore: InsertDataTests
User-Agent: PostmanRuntime/7.6.0
Referer: http://localhost:9000/extension
Connection: keep-alive
Postman-Token: f7e72cce-1f91-4cf7-bb2a-d01bee4952e7
Host: localhost:9000
Accept-Encoding: gzip, deflate
*************************************
*************************************
Datetime: 2019-01-25T10:19:46.873868
Extension: park
Cache-Control: no-cache
Accept: */*
TripleStore: InsertDataTests
User-Agent: PostmanRuntime/7.6.0
Connection: keep-alive
Postman-Token: 3b657695-305e-477a-bb91-d44332f4e325
Host: localhost:9000
Accept-Encoding: gzip, deflate
*************************************
*************************************
Datetime: 2019-01-25T10:19:46.879948
Extension: park
Cache-Control: no-cache
Accept: */*
TripleStore: InsertDataTests
User-Agent: PostmanRuntime/7.6.0
Referer: http://localhost:9000/extension
Connection: keep-alive
Postman-Token: 3b657695-305e-477a-bb91-d44332f4e325
Host: localhost:9000
Accept-Encoding: gzip, deflate
*************************************
*************************************
Datetime: 2019-01-25T10:19:55.661632
Cache-Control: no-cache
Accept: */*
User-Agent: PostmanRuntime/7.6.0
Connection: keep-alive
Postman-Token: 348dbd6a-15a1-47c7-b4f5-92c949e8bcd1
Host: localhost:9000
Accept-Encoding: gzip, deflate
*************************************
*************************************
Datetime: 2019-01-25T10:21:30.383222
Extension: park
Cache-Control: no-cache
Accept: */*
TripleStore: InsertDataTests
User-Agent: PostmanRuntime/7.6.0
Connection: keep-alive
Postman-Token: c736a344-c7bb-4022-9b2d-8123752c392f
Host: localhost:9000
Accept-Encoding: gzip, deflate
*************************************
*************************************
Datetime: 2019-01-25T10:21:30.425240
Extension: park
Cache-Control: no-cache
Accept: */*
TripleStore: InsertDataTests
User-Agent: PostmanRuntime/7.6.0
Referer: http://localhost:9000/extension
Connection: keep-alive
Postman-Token: c736a344-c7bb-4022-9b2d-8123752c392f
Host: localhost:9000
Accept-Encoding: gzip, deflate
*************************************
*************************************
Datetime: 2019-01-25T10:21:31.818227
Extension: park
Cache-Control: no-cache
Accept: */*
TripleStore: InsertDataTests
User-Agent: PostmanRuntime/7.6.0
Connection: keep-alive
Postman-Token: 45d338b4-a67e-40f9-a606-d20cb2b1a991
Host: localhost:9000
Accept-Encoding: gzip, deflate
*************************************
*************************************
Datetime: 2019-01-25T10:21:31.821626
Extension: park
Cache-Control: no-cache
Accept: */*
TripleStore: InsertDataTests
User-Agent: PostmanRuntime/7.6.0
Referer: http://localhost:9000/extension
Connection: keep-alive
Postman-Token: 45d338b4-a67e-40f9-a606-d20cb2b1a991
Host: localhost:9000
Accept-Encoding: gzip, deflate
*************************************
*************************************
Datetime: 2019-01-25T10:25:13.984159
Extension: park
Cache-Control: no-cache
Accept: */*
TripleStore: InsertDataTests
User-Agent: PostmanRuntime/7.6.0
Connection: keep-alive
Postman-Token: 1053290d-18a1-4e1f-a9be-c30210d61334
Host: localhost:9000
Accept-Encoding: gzip, deflate
*************************************
*************************************
Datetime: 2019-01-25T10:25:14.030154
Extension: park
Cache-Control: no-cache
Accept: */*
TripleStore: InsertDataTests
User-Agent: PostmanRuntime/7.6.0
Referer: http://localhost:9000/extension
Connection: keep-alive
Postman-Token: 1053290d-18a1-4e1f-a9be-c30210d61334
Host: localhost:9000
Accept-Encoding: gzip, deflate
*************************************
*************************************
Datetime: 2019-01-25T10:25:14.936166
Extension: park
Cache-Control: no-cache
Accept: */*
TripleStore: InsertDataTests
User-Agent: PostmanRuntime/7.6.0
Connection: keep-alive
Postman-Token: 998ac82a-78f8-4d54-8bd7-1c245337c8cc
Host: localhost:9000
Accept-Encoding: gzip, deflate
*************************************
*************************************
Datetime: 2019-01-25T10:25:14.939610
Extension: park
Cache-Control: no-cache
Accept: */*
TripleStore: InsertDataTests
User-Agent: PostmanRuntime/7.6.0
Referer: http://localhost:9000/extension
Connection: keep-alive
Postman-Token: 998ac82a-78f8-4d54-8bd7-1c245337c8cc
Host: localhost:9000
Accept-Encoding: gzip, deflate
*************************************
*************************************
Datetime: 2019-01-25T10:25:27.127970
Extension: park
Cache-Control: no-cache
Accept: */*
TripleStore: InsertDataTests
User-Agent: PostmanRuntime/7.6.0
Connection: keep-alive
Postman-Token: d9981473-4e7d-4064-9dd7-137f0234f22a
Host: localhost:9000
Accept-Encoding: gzip, deflate
*************************************
*************************************
Datetime: 2019-01-25T10:25:27.131012
Extension: park
Cache-Control: no-cache
Accept: */*
TripleStore: InsertDataTests
User-Agent: PostmanRuntime/7.6.0
Referer: http://localhost:9000/extension
Connection: keep-alive
Postman-Token: d9981473-4e7d-4064-9dd7-137f0234f22a
Host: localhost:9000
Accept-Encoding: gzip, deflate
*************************************
*************************************
Datetime: 2019-01-25T10:33:17.832069
Cache-Control: no-cache
Accept: */*
User-Agent: PostmanRuntime/7.6.0
Connection: keep-alive
Postman-Token: a9e7b40e-9024-4f19-b916-119be91d5729
Host: localhost:9000
Accept-Encoding: gzip, deflate
*************************************
*************************************
Datetime: 2019-01-25T10:33:29.549777
Cache-Control: no-cache
Accept: */*
User-Agent: PostmanRuntime/7.6.0
Connection: keep-alive
Postman-Token: 2378ac77-5185-43ff-9e06-1a6f7711aedf
Host: localhost:9000
Accept-Encoding: gzip, deflate
*************************************
*************************************
Datetime: 2019-01-25T10:33:29.555439
Cache-Control: no-cache
Accept: */*
User-Agent: PostmanRuntime/7.6.0
Referer: http://localhost:9000/extension
Connection: keep-alive
Postman-Token: 2378ac77-5185-43ff-9e06-1a6f7711aedf
Host: localhost:9000
Accept-Encoding: gzip, deflate
*************************************
*************************************
Datetime: 2019-01-25T10:34:26.786290
Extension: park
Cache-Control: no-cache
Accept: */*
TripleStore: InsertDataTests
User-Agent: PostmanRuntime/7.6.0
Connection: keep-alive
Postman-Token: e03c04dc-ca08-4303-a8e1-01267b0d4b27
Host: localhost:9000
Accept-Encoding: gzip, deflate
*************************************
*************************************
Datetime: 2019-01-25T10:34:27.721453
Extension: park
Cache-Control: no-cache
Accept: */*
TripleStore: InsertDataTests
User-Agent: PostmanRuntime/7.6.0
Referer: http://localhost:9000/extension
Connection: keep-alive
Postman-Token: e03c04dc-ca08-4303-a8e1-01267b0d4b27
Host: localhost:9000
Accept-Encoding: gzip, deflate
*************************************
*************************************
Datetime: 2019-01-25T10:56:44.463829
Extension: park
Cache-Control: no-cache
Accept: */*
TripleStore: InsertDataTests
User-Agent: PostmanRuntime/7.6.0
Connection: keep-alive
Postman-Token: 8a4b15bb-10ae-4bea-82b0-a03aa9b8f5b7
Host: localhost:9000
Accept-Encoding: gzip, deflate
*************************************
*************************************
Datetime: 2019-01-25T10:56:45.070253
Extension: park
Cache-Control: no-cache
Accept: */*
TripleStore: InsertDataTests
User-Agent: PostmanRuntime/7.6.0
Referer: http://localhost:9000/extension
Connection: keep-alive
Postman-Token: 8a4b15bb-10ae-4bea-82b0-a03aa9b8f5b7
Host: localhost:9000
Accept-Encoding: gzip, deflate
*************************************
*************************************
Datetime: 2019-01-25T10:57:31.525751
Extension: park
Cache-Control: no-cache
Accept: */*
TripleStore: InsertDataTests
User-Agent: PostmanRuntime/7.6.0
Connection: keep-alive
Postman-Token: f86d55c0-d7fd-441b-be4f-ed687481c3e4
Host: localhost:9000
Accept-Encoding: gzip, deflate
*************************************
*************************************
Datetime: 2019-01-25T10:57:32.122832
Extension: park
Cache-Control: no-cache
Accept: */*
TripleStore: InsertDataTests
User-Agent: PostmanRuntime/7.6.0
Referer: http://localhost:9000/extension
Connection: keep-alive
Postman-Token: f86d55c0-d7fd-441b-be4f-ed687481c3e4
Host: localhost:9000
Accept-Encoding: gzip, deflate
*************************************
