*************************************
Datetime: 2019-05-16T10:35:02.913243
Authorization: Basic ZG1hcnRpbjoxNipsb2NhdGVkKkZJUkUqbmluZQ==
Cache-Control: no-cache
Accept: */*
User-Agent: PostmanRuntime/7.6.0
Connection: keep-alive
Postman-Token: 0029a4e0-1dd0-4866-b605-14755065a1c6
Host: localhost:9000
Accept-Encoding: gzip, deflate
Content-Length: 19546
Content-Type: application/json
*************************************
*************************************
Datetime: 2019-05-16T10:36:03.462878
Authorization: Basic ZG1hcnRpbjoxNipsb2NhdGVkKkZJUkUqbmluZQ==
Cache-Control: no-cache
Accept: */*
User-Agent: PostmanRuntime/7.6.0
Connection: keep-alive
Postman-Token: 6a3b3a7b-cd26-4cff-b29f-cb95fc085bd7
Host: localhost:9000
Accept-Encoding: gzip, deflate
Content-Length: 19546
Content-Type: application/json
*************************************
*************************************
Datetime: 2019-05-16T10:36:56.014814
Authorization: Basic ZG1hcnRpbjoxNipsb2NhdGVkKkZJUkUqbmluZQ==
Cache-Control: no-cache
Accept: */*
User-Agent: PostmanRuntime/7.6.0
Connection: keep-alive
Postman-Token: 57b45098-f353-4d65-a60c-ef30bf0dcacf
Host: localhost:9000
Accept-Encoding: gzip, deflate
Content-Length: 6287
Content-Type: application/json
*************************************
*************************************
Datetime: 2019-05-16T10:40:28.731094
Authorization: Basic ZG1hcnRpbjoxNipsb2NhdGVkKkZJUkUqbmluZQ==
Cache-Control: no-cache
Accept: */*
User-Agent: PostmanRuntime/7.6.0
Connection: keep-alive
Postman-Token: 476cc87e-7e42-4b14-b8f1-9edb88a20432
Host: localhost:9000
Accept-Encoding: gzip, deflate
Content-Length: 6287
Content-Type: application/json
*************************************
*************************************
Datetime: 2019-05-16T10:41:57.667215
Authorization: Basic ZG1hcnRpbjoxNipsb2NhdGVkKkZJUkUqbmluZQ==
Cache-Control: no-cache
Accept: */*
User-Agent: PostmanRuntime/7.6.0
Connection: keep-alive
Postman-Token: 480c21c5-d9c1-465c-bde3-22790b6843ac
Host: localhost:9000
Accept-Encoding: gzip, deflate
Content-Length: 6299
Content-Type: application/json
*************************************
*************************************
Datetime: 2019-05-16T10:43:53.930434
Authorization: Basic ZG1hcnRpbjoxNipsb2NhdGVkKkZJUkUqbmluZQ==
Cache-Control: no-cache
Accept: */*
User-Agent: PostmanRuntime/7.6.0
Connection: keep-alive
Postman-Token: 01f384fc-88ae-4cb7-9385-5b3513f3ebef
Host: localhost:9000
Accept-Encoding: gzip, deflate
Content-Length: 6299
Content-Type: application/json
*************************************
*************************************
Datetime: 2019-05-16T10:45:49.763010
Authorization: Basic ZG1hcnRpbjoxNipsb2NhdGVkKkZJUkUqbmluZQ==
Cache-Control: no-cache
Accept: */*
User-Agent: PostmanRuntime/7.6.0
Connection: keep-alive
Postman-Token: 7003f30e-24ed-4500-804e-feb23beffda3
Host: localhost:9000
Accept-Encoding: gzip, deflate
Content-Length: 6299
Content-Type: application/json
*************************************
*************************************
Datetime: 2019-05-16T10:47:23.314045
Authorization: Basic ZG1hcnRpbjoxNipsb2NhdGVkKkZJUkUqbmluZQ==
Cache-Control: no-cache
Accept: */*
User-Agent: PostmanRuntime/7.6.0
Connection: keep-alive
Postman-Token: b1bbcd95-4635-4b13-873b-55520c50c52c
Host: localhost:9000
Accept-Encoding: gzip, deflate
Content-Length: 6299
Content-Type: application/json
*************************************
*************************************
Datetime: 2019-05-16T10:48:46.059974
Authorization: Basic ZG1hcnRpbjoxNipsb2NhdGVkKkZJUkUqbmluZQ==
Cache-Control: no-cache
Accept: */*
User-Agent: PostmanRuntime/7.6.0
Connection: keep-alive
Postman-Token: 433082b0-cd9e-4c53-948e-eef6331123c5
Host: localhost:9000
Accept-Encoding: gzip, deflate
Content-Length: 6299
Content-Type: application/json
*************************************
*************************************
Datetime: 2019-05-16T10:49:59.307965
Authorization: Basic ZG1hcnRpbjoxNipsb2NhdGVkKkZJUkUqbmluZQ==
Cache-Control: no-cache
Accept: */*
User-Agent: PostmanRuntime/7.6.0
Connection: keep-alive
Postman-Token: 636b87a8-553b-465c-8bda-137ed4569bba
Host: localhost:9000
Accept-Encoding: gzip, deflate
Content-Length: 6299
Content-Type: application/json
*************************************
*************************************
Datetime: 2019-05-16T11:33:08.966835
Authorization: Basic ZG1hcnRpbjoxNipsb2NhdGVkKkZJUkUqbmluZQ==
Cache-Control: no-cache
Accept: */*
User-Agent: PostmanRuntime/7.6.0
Connection: keep-alive
Postman-Token: 1e33807d-1ba9-449c-afec-e1839f275523
Host: localhost:9000
Accept-Encoding: gzip, deflate
Content-Length: 6299
Content-Type: application/json
*************************************
*************************************
Datetime: 2019-05-16T11:35:48.004057
Authorization: Basic ZG1hcnRpbjoxNipsb2NhdGVkKkZJUkUqbmluZQ==
Cache-Control: no-cache
Accept: */*
User-Agent: PostmanRuntime/7.6.0
Connection: keep-alive
Postman-Token: f964a250-f95e-4f2f-afdb-5bbfddb70608
Host: localhost:9000
Accept-Encoding: gzip, deflate
Content-Length: 6299
Content-Type: application/json
*************************************
*************************************
Datetime: 2019-05-16T11:36:04.940559
Authorization: Basic ZG1hcnRpbjoxNipsb2NhdGVkKkZJUkUqbmluZQ==
Cache-Control: no-cache
Accept: */*
User-Agent: PostmanRuntime/7.6.0
Connection: keep-alive
Postman-Token: e0caaa39-7294-4308-8100-b751c3491df9
Host: localhost:9000
Accept-Encoding: gzip, deflate
Content-Length: 6299
Content-Type: application/json
*************************************
*************************************
Datetime: 2019-05-16T11:37:10.022127
Authorization: Basic ZG1hcnRpbjoxNipsb2NhdGVkKkZJUkUqbmluZQ==
Cache-Control: no-cache
Accept: */*
User-Agent: PostmanRuntime/7.6.0
Connection: keep-alive
Postman-Token: 9fc7d933-eaa2-4617-9314-ffa2039c41a5
Host: localhost:9000
Accept-Encoding: gzip, deflate
Content-Length: 19546
Content-Type: application/json
*************************************
*************************************
Datetime: 2019-05-16T11:37:38.913358
Authorization: Basic ZG1hcnRpbjoxNipsb2NhdGVkKkZJUkUqbmluZQ==
Cache-Control: no-cache
Accept: */*
User-Agent: PostmanRuntime/7.6.0
Connection: keep-alive
Postman-Token: 4194ead1-b800-478b-8791-606edebb4f9e
Host: localhost:9000
Accept-Encoding: gzip, deflate
Content-Length: 6298
Content-Type: application/json
*************************************
*************************************
Datetime: 2019-05-16T11:39:13.948540
Authorization: Basic ZG1hcnRpbjoxNipsb2NhdGVkKkZJUkUqbmluZQ==
Cache-Control: no-cache
Accept: */*
User-Agent: PostmanRuntime/7.6.0
Connection: keep-alive
Postman-Token: 0f6f94b3-50e0-44ed-9710-0015e379a0b9
Host: localhost:9000
Accept-Encoding: gzip, deflate
Content-Length: 6299
Content-Type: application/json
*************************************
*************************************
Datetime: 2019-05-16T11:40:48.682317
Authorization: Basic ZG1hcnRpbjoxNipsb2NhdGVkKkZJUkUqbmluZQ==
Cache-Control: no-cache
Accept: */*
User-Agent: PostmanRuntime/7.6.0
Connection: keep-alive
Postman-Token: 76c99e4c-f8ec-4a8d-aa86-f6ed3f5edd6b
Host: localhost:9000
Accept-Encoding: gzip, deflate
Content-Length: 6298
Content-Type: application/json
*************************************
*************************************
Datetime: 2019-05-16T11:41:26.761121
Authorization: Basic ZG1hcnRpbjoxNipsb2NhdGVkKkZJUkUqbmluZQ==
Cache-Control: no-cache
Accept: */*
User-Agent: PostmanRuntime/7.6.0
Connection: keep-alive
Postman-Token: f15cedb2-bc7c-47f9-9185-f41179939a3b
Host: localhost:9000
Accept-Encoding: gzip, deflate
Content-Length: 6298
Content-Type: application/json
*************************************
*************************************
Datetime: 2019-05-16T11:41:27.356177
Authorization: Basic ZG1hcnRpbjoxNipsb2NhdGVkKkZJUkUqbmluZQ==
Cache-Control: no-cache
Accept: */*
User-Agent: PostmanRuntime/7.6.0
Connection: keep-alive
Postman-Token: ca4c25fd-c209-4a90-82f8-7d9a52b4e075
Host: localhost:9000
Accept-Encoding: gzip, deflate
Content-Length: 6298
Content-Type: application/json
*************************************
*************************************
Datetime: 2019-05-16T11:41:28.205784
Authorization: Basic ZG1hcnRpbjoxNipsb2NhdGVkKkZJUkUqbmluZQ==
Cache-Control: no-cache
Accept: */*
User-Agent: PostmanRuntime/7.6.0
Connection: keep-alive
Postman-Token: 81f41cbe-3a8b-460f-beff-55a1cbade7c7
Host: localhost:9000
Accept-Encoding: gzip, deflate
Content-Length: 6298
Content-Type: application/json
*************************************
*************************************
Datetime: 2019-05-16T11:41:29.597329
Authorization: Basic ZG1hcnRpbjoxNipsb2NhdGVkKkZJUkUqbmluZQ==
Cache-Control: no-cache
Accept: */*
User-Agent: PostmanRuntime/7.6.0
Connection: keep-alive
Postman-Token: 358aa51c-6482-433a-93bf-1ebbd59f9b36
Host: localhost:9000
Accept-Encoding: gzip, deflate
Content-Length: 6298
Content-Type: application/json
*************************************
*************************************
Datetime: 2019-05-16T11:41:41.429947
Authorization: Basic ZG1hcnRpbjoxNipsb2NhdGVkKkZJUkUqbmluZQ==
Cache-Control: no-cache
Accept: */*
User-Agent: PostmanRuntime/7.6.0
Connection: keep-alive
Postman-Token: 9e3c8788-a532-4254-bd3a-63bb5e53084a
Host: localhost:9000
Accept-Encoding: gzip, deflate
Content-Length: 6298
Content-Type: application/json
*************************************
*************************************
Datetime: 2019-05-16T11:41:43.575129
Authorization: Basic ZG1hcnRpbjoxNipsb2NhdGVkKkZJUkUqbmluZQ==
Cache-Control: no-cache
Accept: */*
User-Agent: PostmanRuntime/7.6.0
Connection: keep-alive
Postman-Token: 48bde41e-8270-4b18-a32c-9c8901a4d123
Host: localhost:9000
Accept-Encoding: gzip, deflate
Content-Length: 6298
Content-Type: application/json
*************************************
*************************************
Datetime: 2019-05-16T11:41:58.972349
Authorization: Basic ZG1hcnRpbjoxNipsb2NhdGVkKkZJUkUqbmluZQ==
Cache-Control: no-cache
Accept: */*
User-Agent: PostmanRuntime/7.6.0
Connection: keep-alive
Postman-Token: f5c91cf2-2ea3-4788-8cb5-c48491c3b41d
Host: localhost:9000
Accept-Encoding: gzip, deflate
Content-Length: 6298
Content-Type: application/json
*************************************
*************************************
Datetime: 2019-05-16T11:42:49.045563
Authorization: Basic ZG1hcnRpbjoxNipsb2NhdGVkKkZJUkUqbmluZQ==
Cache-Control: no-cache
Accept: */*
User-Agent: PostmanRuntime/7.6.0
Connection: keep-alive
Postman-Token: e3461083-4ef7-428c-8c4c-21b449d5a879
Host: localhost:9000
Accept-Encoding: gzip, deflate
Content-Length: 6298
Content-Type: application/json
*************************************
*************************************
Datetime: 2019-05-16T11:45:42.381753
Authorization: Basic ZG1hcnRpbjoxNipsb2NhdGVkKkZJUkUqbmluZQ==
Cache-Control: no-cache
Accept: */*
User-Agent: PostmanRuntime/7.6.0
Connection: keep-alive
Postman-Token: a0e51fe6-5888-4f2c-92ec-d5d4e3c55861
Host: localhost:9000
Accept-Encoding: gzip, deflate
Content-Length: 6298
Content-Type: application/json
*************************************
*************************************
Datetime: 2019-05-16T11:47:03.508058
Authorization: Basic ZG1hcnRpbjoxNipsb2NhdGVkKkZJUkUqbmluZQ==
Cache-Control: no-cache
Accept: */*
User-Agent: PostmanRuntime/7.6.0
Connection: keep-alive
Postman-Token: 47abda97-7f71-4755-a3a6-936efee14f40
Host: localhost:9000
Accept-Encoding: gzip, deflate
Content-Length: 6298
Content-Type: application/json
*************************************
*************************************
Datetime: 2019-05-16T11:47:06.038657
Authorization: Basic ZG1hcnRpbjoxNipsb2NhdGVkKkZJUkUqbmluZQ==
Cache-Control: no-cache
Accept: */*
User-Agent: PostmanRuntime/7.6.0
Connection: keep-alive
Postman-Token: 8f634a7c-6c1a-405f-8383-8a2aeff9fc65
Host: localhost:9000
Accept-Encoding: gzip, deflate
Content-Length: 6298
Content-Type: application/json
*************************************
*************************************
Datetime: 2019-05-16T11:47:06.824918
Authorization: Basic ZG1hcnRpbjoxNipsb2NhdGVkKkZJUkUqbmluZQ==
Cache-Control: no-cache
Accept: */*
User-Agent: PostmanRuntime/7.6.0
Connection: keep-alive
Postman-Token: c57704a7-603e-4b4f-9e8a-541d844e1c89
Host: localhost:9000
Accept-Encoding: gzip, deflate
Content-Length: 6298
Content-Type: application/json
*************************************
*************************************
Datetime: 2019-05-16T11:47:07.375438
Authorization: Basic ZG1hcnRpbjoxNipsb2NhdGVkKkZJUkUqbmluZQ==
Cache-Control: no-cache
Accept: */*
User-Agent: PostmanRuntime/7.6.0
Connection: keep-alive
Postman-Token: 89e96317-bd51-4023-b4c0-55881a390ede
Host: localhost:9000
Accept-Encoding: gzip, deflate
Content-Length: 6298
Content-Type: application/json
*************************************
*************************************
Datetime: 2019-05-16T11:47:07.691700
Authorization: Basic ZG1hcnRpbjoxNipsb2NhdGVkKkZJUkUqbmluZQ==
Cache-Control: no-cache
Accept: */*
User-Agent: PostmanRuntime/7.6.0
Connection: keep-alive
Postman-Token: 491e3f52-2938-4e3c-8a5e-b1cadef43a19
Host: localhost:9000
Accept-Encoding: gzip, deflate
Content-Length: 6298
Content-Type: application/json
*************************************
*************************************
Datetime: 2019-05-16T11:47:08.020377
Authorization: Basic ZG1hcnRpbjoxNipsb2NhdGVkKkZJUkUqbmluZQ==
Cache-Control: no-cache
Accept: */*
User-Agent: PostmanRuntime/7.6.0
Connection: keep-alive
Postman-Token: 5369b910-14eb-44a4-a909-6a4116aa2b4f
Host: localhost:9000
Accept-Encoding: gzip, deflate
Content-Length: 6298
Content-Type: application/json
*************************************
*************************************
Datetime: 2019-05-16T11:47:24.082656
Authorization: Basic ZG1hcnRpbjoxNipsb2NhdGVkKkZJUkUqbmluZQ==
Cache-Control: no-cache
Accept: */*
User-Agent: PostmanRuntime/7.6.0
Connection: keep-alive
Postman-Token: e0ee3832-221e-45e2-b84c-fd70cfe6d71a
Host: localhost:9000
Accept-Encoding: gzip, deflate
Content-Length: 6298
Content-Type: application/json
*************************************
*************************************
Datetime: 2019-05-16T11:47:24.683089
Authorization: Basic ZG1hcnRpbjoxNipsb2NhdGVkKkZJUkUqbmluZQ==
Cache-Control: no-cache
Accept: */*
User-Agent: PostmanRuntime/7.6.0
Connection: keep-alive
Postman-Token: 3c740d0d-5af8-4d2f-9a87-1e603cfe0738
Host: localhost:9000
Accept-Encoding: gzip, deflate
Content-Length: 6298
Content-Type: application/json
*************************************
*************************************
Datetime: 2019-05-16T11:48:23.651345
Authorization: Basic ZG1hcnRpbjoxNipsb2NhdGVkKkZJUkUqbmluZQ==
Cache-Control: no-cache
Accept: */*
User-Agent: PostmanRuntime/7.6.0
Connection: keep-alive
Postman-Token: 2da41a66-1315-4a43-82bc-79b578a2dac6
Host: localhost:9000
Accept-Encoding: gzip, deflate
Content-Length: 6298
Content-Type: application/json
*************************************
*************************************
Datetime: 2019-05-16T11:50:50.748949
Authorization: Basic ZG1hcnRpbjoxNipsb2NhdGVkKkZJUkUqbmluZQ==
Cache-Control: no-cache
Accept: */*
User-Agent: PostmanRuntime/7.6.0
Connection: keep-alive
Postman-Token: bfa1a21f-e2a7-491c-89d0-591539d274c5
Host: localhost:9000
Accept-Encoding: gzip, deflate
Content-Length: 6298
Content-Type: application/json
*************************************
*************************************
Datetime: 2019-05-16T11:52:58.931375
Authorization: Basic ZG1hcnRpbjoxNipsb2NhdGVkKkZJUkUqbmluZQ==
Cache-Control: no-cache
Accept: */*
User-Agent: PostmanRuntime/7.6.0
Connection: keep-alive
Postman-Token: 825f0300-1f1d-45c2-bf8d-db364c1ec3e6
Host: localhost:9000
Accept-Encoding: gzip, deflate
Content-Length: 6298
Content-Type: application/json
*************************************
*************************************
Datetime: 2019-05-16T11:53:00.430990
Authorization: Basic ZG1hcnRpbjoxNipsb2NhdGVkKkZJUkUqbmluZQ==
Cache-Control: no-cache
Accept: */*
User-Agent: PostmanRuntime/7.6.0
Connection: keep-alive
Postman-Token: 42581b75-4b8a-4532-902e-5af1e400f697
Host: localhost:9000
Accept-Encoding: gzip, deflate
Content-Length: 6298
Content-Type: application/json
*************************************
*************************************
Datetime: 2019-05-16T11:53:01.197703
Authorization: Basic ZG1hcnRpbjoxNipsb2NhdGVkKkZJUkUqbmluZQ==
Cache-Control: no-cache
Accept: */*
User-Agent: PostmanRuntime/7.6.0
Connection: keep-alive
Postman-Token: abd2d853-5201-4193-a85c-857855ed7c23
Host: localhost:9000
Accept-Encoding: gzip, deflate
Content-Length: 6298
Content-Type: application/json
*************************************
*************************************
Datetime: 2019-05-16T11:53:01.715870
Authorization: Basic ZG1hcnRpbjoxNipsb2NhdGVkKkZJUkUqbmluZQ==
Cache-Control: no-cache
Accept: */*
User-Agent: PostmanRuntime/7.6.0
Connection: keep-alive
Postman-Token: 7acd9107-94cb-4159-8213-4bc66c07c2b3
Host: localhost:9000
Accept-Encoding: gzip, deflate
Content-Length: 6298
Content-Type: application/json
*************************************
*************************************
Datetime: 2019-05-16T11:53:07.089308
Authorization: Basic ZG1hcnRpbjoxNipsb2NhdGVkKkZJUkUqbmluZQ==
Cache-Control: no-cache
Accept: */*
User-Agent: PostmanRuntime/7.6.0
Connection: keep-alive
Postman-Token: 9b523682-6bba-4611-bc19-6a13476df795
Host: localhost:9000
Accept-Encoding: gzip, deflate
Content-Length: 6298
Content-Type: application/json
*************************************
*************************************
Datetime: 2019-05-16T11:53:30.435988
Authorization: Basic ZG1hcnRpbjoxNipsb2NhdGVkKkZJUkUqbmluZQ==
Cache-Control: no-cache
Accept: */*
User-Agent: PostmanRuntime/7.6.0
Connection: keep-alive
Postman-Token: 76cb75c1-a373-442c-95ad-434c334f33dc
Host: localhost:9000
Accept-Encoding: gzip, deflate
Content-Length: 6298
Content-Type: application/json
*************************************
*************************************
Datetime: 2019-05-16T11:55:12.875616
Authorization: Basic ZG1hcnRpbjoxNipsb2NhdGVkKkZJUkUqbmluZQ==
Cache-Control: no-cache
Accept: */*
User-Agent: PostmanRuntime/7.6.0
Connection: keep-alive
Postman-Token: b3cc32e6-95a9-425a-9a42-c101ab0250c1
Host: localhost:9000
Accept-Encoding: gzip, deflate
Content-Length: 6298
Content-Type: application/json
*************************************
*************************************
Datetime: 2019-05-16T11:56:04.553574
Authorization: Basic ZG1hcnRpbjoxNipsb2NhdGVkKkZJUkUqbmluZQ==
Cache-Control: no-cache
Accept: */*
User-Agent: PostmanRuntime/7.6.0
Connection: keep-alive
Postman-Token: 75b1018c-2367-4ce5-a8ca-b3810f8ca972
Host: localhost:9000
Accept-Encoding: gzip, deflate
Content-Length: 6298
Content-Type: application/json
*************************************
*************************************
Datetime: 2019-05-16T11:59:19.046417
Authorization: Basic ZG1hcnRpbjoxNipsb2NhdGVkKkZJUkUqbmluZQ==
Cache-Control: no-cache
Accept: */*
User-Agent: PostmanRuntime/7.6.0
Connection: keep-alive
Postman-Token: 145d63e8-3df7-4a31-a485-43c79590069e
Host: localhost:9000
Accept-Encoding: gzip, deflate
Content-Length: 6298
Content-Type: application/json
*************************************
*************************************
Datetime: 2019-05-16T11:59:24.686885
Authorization: Basic ZG1hcnRpbjoxNipsb2NhdGVkKkZJUkUqbmluZQ==
Cache-Control: no-cache
Accept: */*
User-Agent: PostmanRuntime/7.6.0
Connection: keep-alive
Postman-Token: bbab9fb5-e3a6-463b-9bfe-fce1089a2f5a
Host: localhost:9000
Accept-Encoding: gzip, deflate
Content-Length: 6298
Content-Type: application/json
*************************************
*************************************
Datetime: 2019-05-16T12:01:23.167710
Authorization: Basic ZG1hcnRpbjoxNipsb2NhdGVkKkZJUkUqbmluZQ==
Cache-Control: no-cache
Accept: */*
User-Agent: PostmanRuntime/7.6.0
Connection: keep-alive
Postman-Token: f57fb9e8-c87b-4a75-9dbe-25f3ff5638ad
Host: localhost:9000
Accept-Encoding: gzip, deflate
Content-Length: 6298
Content-Type: application/json
*************************************
*************************************
Datetime: 2019-05-16T12:02:40.940727
Authorization: Basic ZG1hcnRpbjoxNipsb2NhdGVkKkZJUkUqbmluZQ==
Cache-Control: no-cache
Accept: */*
User-Agent: PostmanRuntime/7.6.0
Connection: keep-alive
Postman-Token: dbcca147-d679-4d2c-b738-b0f2777fa155
Host: localhost:9000
Accept-Encoding: gzip, deflate
Content-Length: 6298
Content-Type: application/json
*************************************
*************************************
Datetime: 2019-05-16T12:37:43.290503
Authorization: Basic ZG1hcnRpbjoxNipsb2NhdGVkKkZJUkUqbmluZQ==
Cache-Control: no-cache
Accept: */*
User-Agent: PostmanRuntime/7.6.0
Connection: keep-alive
Postman-Token: dfae2bd8-558d-492f-a6b6-2059e4be5fb2
Host: localhost:9000
Accept-Encoding: gzip, deflate
Content-Length: 6298
Content-Type: application/json
*************************************
*************************************
Datetime: 2019-05-16T12:37:43.739969
Authorization: Basic ZG1hcnRpbjoxNipsb2NhdGVkKkZJUkUqbmluZQ==
Cache-Control: no-cache
Accept: */*
User-Agent: PostmanRuntime/7.6.0
Connection: keep-alive
Postman-Token: 4f530786-1c3c-42cc-b606-ca8f550b814f
Host: localhost:9000
Accept-Encoding: gzip, deflate
Content-Length: 6298
Content-Type: application/json
*************************************
*************************************
Datetime: 2019-05-16T12:37:44.524900
Authorization: Basic ZG1hcnRpbjoxNipsb2NhdGVkKkZJUkUqbmluZQ==
Cache-Control: no-cache
Accept: */*
User-Agent: PostmanRuntime/7.6.0
Connection: keep-alive
Postman-Token: 779eeb7d-81c3-407d-b4e4-b0ca75267508
Host: localhost:9000
Accept-Encoding: gzip, deflate
Content-Length: 6298
Content-Type: application/json
*************************************
*************************************
Datetime: 2019-05-16T12:43:53.999031
Authorization: Basic ZG1hcnRpbjoxNipsb2NhdGVkKkZJUkUqbmluZQ==
Cache-Control: no-cache
Accept: */*
User-Agent: PostmanRuntime/7.6.0
Connection: keep-alive
Postman-Token: d7a41b15-3797-4030-96c5-49879c665236
Host: localhost:9000
Accept-Encoding: gzip, deflate
Content-Length: 6298
Content-Type: application/json
*************************************
*************************************
Datetime: 2019-05-16T12:44:02.581783
Authorization: Basic ZG1hcnRpbjoxNipsb2NhdGVkKkZJUkUqbmluZQ==
Cache-Control: no-cache
Accept: */*
User-Agent: PostmanRuntime/7.6.0
Connection: keep-alive
Postman-Token: 90a48565-383c-4949-801b-b3973019700f
Host: localhost:9000
Accept-Encoding: gzip, deflate
Content-Length: 6298
Content-Type: application/json
*************************************
*************************************
Datetime: 2019-05-16T12:54:19.201482
Authorization: Basic ZG1hcnRpbjoxNipsb2NhdGVkKkZJUkUqbmluZQ==
Cache-Control: no-cache
Accept: */*
User-Agent: PostmanRuntime/7.6.0
Connection: keep-alive
Postman-Token: 53f52d18-7327-49ef-baa3-7a62d0b9600a
Host: localhost:9000
Accept-Encoding: gzip, deflate
Content-Length: 6298
Content-Type: application/json
*************************************
*************************************
Datetime: 2019-05-16T14:19:37.261412
Authorization: Basic ZG1hcnRpbjoxNipsb2NhdGVkKkZJUkUqbmluZQ==
Cache-Control: no-cache
Accept: */*
User-Agent: PostmanRuntime/7.6.0
Connection: keep-alive
Postman-Token: 0bcd93df-7073-416a-a58c-81465d602569
Host: localhost:9000
Accept-Encoding: gzip, deflate
Content-Length: 6298
Content-Type: application/json
*************************************
*************************************
Datetime: 2019-05-16T14:19:40.267918
Authorization: Basic ZG1hcnRpbjoxNipsb2NhdGVkKkZJUkUqbmluZQ==
Cache-Control: no-cache
Accept: */*
User-Agent: PostmanRuntime/7.6.0
Connection: keep-alive
Postman-Token: 110eda5b-fe24-4c58-9921-408fa60c5d93
Host: localhost:9000
Accept-Encoding: gzip, deflate
Content-Length: 6298
Content-Type: application/json
*************************************
*************************************
Datetime: 2019-05-16T15:01:35.092388
Authorization: Basic ZG1hcnRpbjoxNipsb2NhdGVkKkZJUkUqbmluZQ==
Cache-Control: no-cache
Accept: */*
User-Agent: PostmanRuntime/7.6.0
Connection: keep-alive
Postman-Token: dc069333-afeb-4800-94b0-efd74102aae3
Host: localhost:9000
Accept-Encoding: gzip, deflate
Content-Length: 6298
Content-Type: application/json
*************************************
*************************************
Datetime: 2019-05-16T15:01:38.205740
Authorization: Basic ZG1hcnRpbjoxNipsb2NhdGVkKkZJUkUqbmluZQ==
Cache-Control: no-cache
Accept: */*
User-Agent: PostmanRuntime/7.6.0
Connection: keep-alive
Postman-Token: 6f363480-942c-4ee8-a76d-bbd678546ea0
Host: localhost:9000
Accept-Encoding: gzip, deflate
Content-Length: 6298
Content-Type: application/json
*************************************
*************************************
Datetime: 2019-05-16T15:04:05.250064
Authorization: Basic ZG1hcnRpbjoxNipsb2NhdGVkKkZJUkUqbmluZQ==
Cache-Control: no-cache
Accept: */*
User-Agent: PostmanRuntime/7.6.0
Connection: keep-alive
Postman-Token: df4d88c1-0b5a-4a02-9acf-68a1709501d9
Host: localhost:9000
Accept-Encoding: gzip, deflate
Content-Length: 6298
Content-Type: application/json
*************************************
*************************************
Datetime: 2019-05-16T15:04:06.465854
Authorization: Basic ZG1hcnRpbjoxNipsb2NhdGVkKkZJUkUqbmluZQ==
Cache-Control: no-cache
Accept: */*
User-Agent: PostmanRuntime/7.6.0
Connection: keep-alive
Postman-Token: a8c76ac3-7651-4701-af6f-ae612f3b0f82
Host: localhost:9000
Accept-Encoding: gzip, deflate
Content-Length: 6298
Content-Type: application/json
*************************************
*************************************
Datetime: 2019-05-16T15:04:07.409422
Authorization: Basic ZG1hcnRpbjoxNipsb2NhdGVkKkZJUkUqbmluZQ==
Cache-Control: no-cache
Accept: */*
User-Agent: PostmanRuntime/7.6.0
Connection: keep-alive
Postman-Token: 14b3b5cf-7158-4a2f-be45-fcf472e07c7c
Host: localhost:9000
Accept-Encoding: gzip, deflate
Content-Length: 6298
Content-Type: application/json
*************************************
