*************************************
Datetime: 2019-05-24T13:08:34.586002
Authorization: Basic ZG1hcnRpbjoxNipsb2NhdGVkKkZJUkUqbmluZQ==
Cache-Control: no-cache
Accept: */*
User-Agent: PostmanRuntime/7.6.0
Connection: keep-alive
Postman-Token: 7810c518-48e9-4114-9231-92bdee377cd6
Host: localhost:8180
Accept-Encoding: gzip, deflate
Content-Length: 51070
Content-Type: application/json
*************************************
*************************************
Datetime: 2019-05-24T13:14:02.152953
Authorization: Basic ZG1hcnRpbjoxNipsb2NhdGVkKkZJUkUqbmluZQ==
Cache-Control: no-cache
Accept: */*
User-Agent: PostmanRuntime/7.6.0
Connection: keep-alive
Postman-Token: 06bb78d6-e7fa-44d9-8cd0-9bef3230c5fe
Host: localhost:8180
Accept-Encoding: gzip, deflate
Content-Length: 19546
Content-Type: application/json
*************************************
*************************************
Datetime: 2019-05-24T13:41:28.764830
Authorization: Basic ZG1hcnRpbjoxNipsb2NhdGVkKkZJUkUqbmluZQ==
Cache-Control: no-cache
Accept: */*
User-Agent: PostmanRuntime/7.6.0
Connection: keep-alive
Postman-Token: d42e8050-be3a-4c02-90c1-a5a5bd30c4a5
Host: localhost:8180
Accept-Encoding: gzip, deflate
Content-Length: 6389
Content-Type: application/json
*************************************
*************************************
Datetime: 2019-05-24T13:41:58.690895
Authorization: Basic ZG1hcnRpbjoxNipsb2NhdGVkKkZJUkUqbmluZQ==
Cache-Control: no-cache
Accept: */*
User-Agent: PostmanRuntime/7.6.0
Connection: keep-alive
Postman-Token: 338fc976-c253-423a-a1b5-23ef645ea480
Host: localhost:8180
Accept-Encoding: gzip, deflate
Content-Length: 6389
Content-Type: application/json
*************************************
