*************************************
Datetime: 2019-04-25T13:11:45.913359
Cache-Control: no-cache
Accept: */*
User-Agent: PostmanRuntime/7.6.0
Connection: keep-alive
Postman-Token: b9e08ae1-778d-4109-9e5c-1040b3235e34
Host: localhost:9000
Accept-Encoding: gzip, deflate
Content-Length: 12090
Content-Type: application/json
*************************************
*************************************
Datetime: 2019-04-25T13:12:26.725073
Cache-Control: no-cache
Accept: */*
User-Agent: PostmanRuntime/7.6.0
Connection: keep-alive
Postman-Token: ea1ef7d8-d0f2-4c06-986d-92c0d3962fc2
Host: localhost:9000
Accept-Encoding: gzip, deflate
Content-Length: 12090
Content-Type: application/json
*************************************
*************************************
Datetime: 2019-04-25T13:12:56.425480
Cache-Control: no-cache
Accept: */*
integration: AirportCityProperName-HotelCityProperName
User-Agent: PostmanRuntime/7.6.0
Connection: keep-alive
Postman-Token: 97a50d19-552e-4bf9-8ceb-e8af00dafe25
Host: localhost:9000
Accept-Encoding: gzip, deflate
Content-Length: 24319
Content-Type: application/xml
*************************************
*************************************
Datetime: 2019-04-25T13:16:03.126591
Cache-Control: no-cache
Accept: */*
User-Agent: PostmanRuntime/7.6.0
Connection: keep-alive
Postman-Token: 1becec0c-148d-4200-bd17-fa8cf157209c
Host: localhost:9000
Accept-Encoding: gzip, deflate
Content-Length: 12090
Content-Type: application/json
*************************************
*************************************
Datetime: 2019-04-25T13:19:41.377939
Cache-Control: no-cache
Accept: */*
User-Agent: PostmanRuntime/7.6.0
Connection: keep-alive
Postman-Token: 9a584fb6-4c3e-4327-8948-66e71213f4b5
Host: localhost:9000
Accept-Encoding: gzip, deflate
Content-Length: 12090
Content-Type: application/json
*************************************
*************************************
Datetime: 2019-04-25T13:22:00.426911
Cache-Control: no-cache
Accept: */*
User-Agent: PostmanRuntime/7.6.0
Connection: keep-alive
Postman-Token: 8d7a7a6e-13d2-43dd-8d27-3a848843002b
Host: localhost:9000
Accept-Encoding: gzip, deflate
Content-Length: 12090
Content-Type: application/json
*************************************
*************************************
Datetime: 2019-04-25T13:22:45.876457
Cache-Control: no-cache
Accept: */*
User-Agent: PostmanRuntime/7.6.0
Connection: keep-alive
Postman-Token: 60b5676a-b409-4f69-9426-2ea9893a90e4
Host: localhost:9000
Accept-Encoding: gzip, deflate
Content-Length: 12090
Content-Type: application/json
*************************************
*************************************
Datetime: 2019-04-25T13:24:06.483959
Cache-Control: no-cache
Accept: */*
User-Agent: PostmanRuntime/7.6.0
Connection: keep-alive
Postman-Token: 9ded3fbe-5ebb-44d1-b981-474a064db31e
Host: localhost:9000
Accept-Encoding: gzip, deflate
Content-Length: 12090
Content-Type: application/json
*************************************
*************************************
Datetime: 2019-04-25T13:24:07.340146
Cache-Control: no-cache
Accept: */*
User-Agent: PostmanRuntime/7.6.0
Connection: keep-alive
Postman-Token: 18ce7170-eb8b-4578-8c49-42883eaba2f5
Host: localhost:9000
Accept-Encoding: gzip, deflate
Content-Length: 12090
Content-Type: application/json
*************************************
*************************************
Datetime: 2019-04-25T13:29:12.494201
Cache-Control: no-cache
Accept: */*
User-Agent: PostmanRuntime/7.6.0
Connection: keep-alive
Postman-Token: 79d065ba-c86c-4624-ae44-029a7152a443
Host: localhost:9000
Accept-Encoding: gzip, deflate
Content-Length: 12090
Content-Type: application/json
*************************************
