*************************************
Datetime: 2019-05-03T14:35:44.417831
Authorization: Basic ZG1hcnRpbjoxNipsb2NhdGVkKkZJUkUqbmluZQ==
Cache-Control: no-cache
Accept: */*
User-Agent: PostmanRuntime/7.6.0
Connection: keep-alive
Postman-Token: fa571a68-3e0a-40b7-825d-29694865a2d3
Host: localhost:9000
Accept-Encoding: gzip, deflate
Content-Length: 44283
Content-Type: application/json
*************************************
*************************************
Datetime: 2019-05-03T14:35:44.469669
Authorization: Basic ZG1hcnRpbjoxNipsb2NhdGVkKkZJUkUqbmluZQ==
Cache-Control: no-cache
Accept: */*
User-Agent: PostmanRuntime/7.6.0
Referer: http://localhost:9000/query
Connection: keep-alive
Postman-Token: fa571a68-3e0a-40b7-825d-29694865a2d3
Host: localhost:9000
Accept-Encoding: gzip, deflate
*************************************
*************************************
Datetime: 2019-05-03T14:35:53.113389
Authorization: Basic ZG1hcnRpbjoxNipsb2NhdGVkKkZJUkUqbmluZQ==
Cache-Control: no-cache
Accept: */*
User-Agent: PostmanRuntime/7.6.0
Connection: keep-alive
Postman-Token: 9af31ef7-d4dd-420b-bf98-743875b4a32b
Host: localhost:9000
Accept-Encoding: gzip, deflate
Content-Length: 44283
Content-Type: application/json
*************************************
*************************************
Datetime: 2019-05-03T14:35:53.115283
Authorization: Basic ZG1hcnRpbjoxNipsb2NhdGVkKkZJUkUqbmluZQ==
Cache-Control: no-cache
Accept: */*
User-Agent: PostmanRuntime/7.6.0
Referer: http://localhost:9000/query
Connection: keep-alive
Postman-Token: 9af31ef7-d4dd-420b-bf98-743875b4a32b
Host: localhost:9000
Accept-Encoding: gzip, deflate
*************************************
*************************************
Datetime: 2019-05-03T14:36:48.749636
Authorization: Basic ZG1hcnRpbjoxNipsb2NhdGVkKkZJUkUqbmluZQ==
Cache-Control: no-cache
Accept: */*
User-Agent: PostmanRuntime/7.6.0
Connection: keep-alive
Postman-Token: f8abcd6a-082b-43e9-bc40-a82dd9747d4d
Host: localhost:9000
Accept-Encoding: gzip, deflate
Content-Length: 44283
Content-Type: application/json
*************************************
*************************************
Datetime: 2019-05-03T14:36:48.807340
Authorization: Basic ZG1hcnRpbjoxNipsb2NhdGVkKkZJUkUqbmluZQ==
Cache-Control: no-cache
Accept: */*
User-Agent: PostmanRuntime/7.6.0
Referer: http://localhost:9000/query
Connection: keep-alive
Postman-Token: f8abcd6a-082b-43e9-bc40-a82dd9747d4d
Host: localhost:9000
Accept-Encoding: gzip, deflate
*************************************
*************************************
Datetime: 2019-05-03T14:36:51.503859
Authorization: Basic ZG1hcnRpbjoxNipsb2NhdGVkKkZJUkUqbmluZQ==
Cache-Control: no-cache
Accept: */*
User-Agent: PostmanRuntime/7.6.0
Connection: keep-alive
Postman-Token: 2c0e17fd-c960-4d7a-adff-5fbd30c48de2
Host: localhost:9000
Accept-Encoding: gzip, deflate
Content-Length: 44283
Content-Type: application/json
*************************************
*************************************
Datetime: 2019-05-03T14:36:51.505722
Authorization: Basic ZG1hcnRpbjoxNipsb2NhdGVkKkZJUkUqbmluZQ==
Cache-Control: no-cache
Accept: */*
User-Agent: PostmanRuntime/7.6.0
Referer: http://localhost:9000/query
Connection: keep-alive
Postman-Token: 2c0e17fd-c960-4d7a-adff-5fbd30c48de2
Host: localhost:9000
Accept-Encoding: gzip, deflate
*************************************
*************************************
Datetime: 2019-05-03T14:37:23.076511
Authorization: Basic ZG1hcnRpbjoxNipsb2NhdGVkKkZJUkUqbmluZQ==
Cache-Control: no-cache
Accept: */*
User-Agent: PostmanRuntime/7.6.0
Connection: keep-alive
Postman-Token: c5ca769d-9769-4ce8-bca4-4511ec935ab5
Host: localhost:9000
Accept-Encoding: gzip, deflate
Content-Length: 44283
Content-Type: application/json
*************************************
*************************************
Datetime: 2019-05-03T14:37:23.132909
Authorization: Basic ZG1hcnRpbjoxNipsb2NhdGVkKkZJUkUqbmluZQ==
Cache-Control: no-cache
Accept: */*
User-Agent: PostmanRuntime/7.6.0
Referer: http://localhost:9000/query
Connection: keep-alive
Postman-Token: c5ca769d-9769-4ce8-bca4-4511ec935ab5
Host: localhost:9000
Accept-Encoding: gzip, deflate
*************************************
*************************************
Datetime: 2019-05-03T14:39:17.897471
Cache-Control: no-cache
Accept: */*
User-Agent: PostmanRuntime/7.6.0
Connection: keep-alive
Postman-Token: c66198f8-d7b5-423e-9cde-77d8a83599ea
Host: localhost:9000
Accept-Encoding: gzip, deflate
Content-Length: 44283
Content-Type: application/json
*************************************
*************************************
Datetime: 2019-05-03T14:39:17.899712
Cache-Control: no-cache
Accept: */*
User-Agent: PostmanRuntime/7.6.0
Referer: http://localhost:9000/query
Connection: keep-alive
Postman-Token: c66198f8-d7b5-423e-9cde-77d8a83599ea
Host: localhost:9000
Accept-Encoding: gzip, deflate
*************************************
*************************************
Datetime: 2019-05-03T14:39:22.700668
Authorization: Basic ZG1hcnRpbjoxNipsb2NhdGVkKkZJUkUqbmluZQ==
Cache-Control: no-cache
Accept: */*
User-Agent: PostmanRuntime/7.6.0
Connection: keep-alive
Postman-Token: dbcfff34-bbda-4261-bd3b-3b8e349b23eb
Host: localhost:9000
Accept-Encoding: gzip, deflate
Content-Length: 44283
Content-Type: application/json
*************************************
*************************************
Datetime: 2019-05-03T14:39:22.705093
Authorization: Basic ZG1hcnRpbjoxNipsb2NhdGVkKkZJUkUqbmluZQ==
Cache-Control: no-cache
Accept: */*
User-Agent: PostmanRuntime/7.6.0
Referer: http://localhost:9000/query
Connection: keep-alive
Postman-Token: dbcfff34-bbda-4261-bd3b-3b8e349b23eb
Host: localhost:9000
Accept-Encoding: gzip, deflate
*************************************
*************************************
Datetime: 2019-05-03T14:39:33.476987
Authorization: Basic ZG1hcnRpbjoxNipsb2NhdGVkKkZJUkUqbmluZQ==
Cache-Control: no-cache
Accept: */*
User-Agent: PostmanRuntime/7.6.0
Connection: keep-alive
Postman-Token: dd883ac4-ecf2-47ec-b566-ab1fd0bdffc7
Host: localhost:9000
Accept-Encoding: gzip, deflate
Content-Length: 44283
Content-Type: application/json
*************************************
*************************************
Datetime: 2019-05-03T14:56:52.773727
Cache-Control: no-cache
Accept: */*
User-Agent: PostmanRuntime/7.6.0
Connection: keep-alive
Postman-Token: e235377a-4473-4336-8f63-d5e36763e5fa
Host: localhost:9000
Accept-Encoding: gzip, deflate
Content-Length: 133784
Content-Type: application/json
*************************************
*************************************
Datetime: 2019-05-03T15:04:19.387154
Cache-Control: no-cache
Accept: */*
User-Agent: PostmanRuntime/7.6.0
Connection: keep-alive
Postman-Token: 5827fba4-5495-418a-b674-818cd0413f5a
Host: localhost:9000
Accept-Encoding: gzip, deflate
Content-Length: 133784
Content-Type: application/json
*************************************
*************************************
Datetime: 2019-05-03T15:06:42.977015
Cache-Control: no-cache
Accept: */*
User-Agent: PostmanRuntime/7.6.0
Connection: keep-alive
Postman-Token: a971d348-433b-4a70-b0cd-16d425626fd8
Host: localhost:9000
Accept-Encoding: gzip, deflate
Content-Length: 133784
Content-Type: application/json
*************************************
*************************************
Datetime: 2019-05-03T15:09:28.994738
Cache-Control: no-cache
Accept: */*
User-Agent: PostmanRuntime/7.6.0
Connection: keep-alive
Postman-Token: 24fd0e87-58ff-4c42-9e1c-b65d1e64b1e7
Host: localhost:9000
Accept-Encoding: gzip, deflate
Content-Length: 133784
Content-Type: application/json
*************************************
*************************************
Datetime: 2019-05-03T15:15:41.363213
Cache-Control: no-cache
Accept: */*
User-Agent: PostmanRuntime/7.6.0
Connection: keep-alive
Postman-Token: d610de33-7980-4fd6-9b51-88e452e4df38
Host: localhost:9000
Accept-Encoding: gzip, deflate
Content-Length: 133784
Content-Type: application/json
*************************************
*************************************
Datetime: 2019-05-03T15:16:57.935359
Cache-Control: no-cache
Accept: */*
User-Agent: PostmanRuntime/7.6.0
Connection: keep-alive
Postman-Token: b1f09ca3-baf0-4f3b-8f61-10eebf49c96f
Host: localhost:9000
Accept-Encoding: gzip, deflate
Content-Length: 133784
Content-Type: application/json
*************************************
*************************************
Datetime: 2019-05-03T15:19:06.497072
Cache-Control: no-cache
Accept: */*
User-Agent: PostmanRuntime/7.6.0
Connection: keep-alive
Postman-Token: 4de9b10f-45bd-4e57-b045-f9707e5019d4
Host: localhost:9000
Accept-Encoding: gzip, deflate
Content-Length: 133784
Content-Type: application/json
*************************************
*************************************
Datetime: 2019-05-03T15:23:04.026536
Cache-Control: no-cache
Accept: */*
User-Agent: PostmanRuntime/7.6.0
Connection: keep-alive
Postman-Token: 4a925722-4aec-4336-a377-a2d11d22f5b0
Host: localhost:9000
Accept-Encoding: gzip, deflate
Content-Length: 133784
Content-Type: application/json
*************************************
*************************************
Datetime: 2019-05-03T15:33:56.228485
Cache-Control: no-cache
Accept: */*
User-Agent: PostmanRuntime/7.6.0
Connection: keep-alive
Postman-Token: 4e7753fb-79c0-40a9-bef7-ae7930e0ccfc
Host: localhost:9000
Accept-Encoding: gzip, deflate
Content-Length: 133784
Content-Type: application/json
*************************************
*************************************
Datetime: 2019-05-03T15:36:48.504654
Cache-Control: no-cache
Accept: */*
User-Agent: PostmanRuntime/7.6.0
Connection: keep-alive
Postman-Token: 879fa4cf-7c5f-45d6-b6c7-1c585d715ee7
Host: localhost:9000
Accept-Encoding: gzip, deflate
Content-Length: 133784
Content-Type: application/json
*************************************
*************************************
Datetime: 2019-05-03T15:38:07.364027
Cache-Control: no-cache
Accept: */*
User-Agent: PostmanRuntime/7.6.0
Connection: keep-alive
Postman-Token: 6add4e50-f5d1-48b7-b8c6-93a906c24c8a
Host: localhost:9000
Accept-Encoding: gzip, deflate
Content-Length: 133784
Content-Type: application/json
*************************************
*************************************
Datetime: 2019-05-03T15:38:08.165625
Cache-Control: no-cache
Accept: */*
User-Agent: PostmanRuntime/7.6.0
Connection: keep-alive
Postman-Token: d9b4f1a3-a01e-4690-86eb-40736e173069
Host: localhost:9000
Accept-Encoding: gzip, deflate
Content-Length: 133784
Content-Type: application/json
*************************************
*************************************
Datetime: 2019-05-03T15:44:10.619911
Cache-Control: no-cache
Accept: */*
User-Agent: PostmanRuntime/7.6.0
Connection: keep-alive
Postman-Token: 3e256773-1daa-4e60-8241-e930005f871d
Host: localhost:9000
Accept-Encoding: gzip, deflate
Content-Length: 133784
Content-Type: application/json
*************************************
*************************************
Datetime: 2019-05-03T15:45:07.890255
Cache-Control: no-cache
Accept: */*
User-Agent: PostmanRuntime/7.6.0
Connection: keep-alive
Postman-Token: 00081e3f-47da-49f8-9c8c-26c3f3b132c2
Host: localhost:9000
Accept-Encoding: gzip, deflate
Content-Length: 133784
Content-Type: application/json
*************************************
*************************************
Datetime: 2019-05-03T15:45:32.392161
Cache-Control: no-cache
Accept: */*
User-Agent: PostmanRuntime/7.6.0
Connection: keep-alive
Postman-Token: 36dad527-9b3c-424c-8e14-ac85c0a5cb38
Host: localhost:9000
Accept-Encoding: gzip, deflate
Content-Length: 133784
Content-Type: application/json
*************************************
*************************************
Datetime: 2019-05-03T15:47:43.367727
Cache-Control: no-cache
Accept: */*
User-Agent: PostmanRuntime/7.6.0
Connection: keep-alive
Postman-Token: e48949a6-b69c-4879-92aa-011db7da3768
Host: localhost:9000
Accept-Encoding: gzip, deflate
Content-Length: 133784
Content-Type: application/json
*************************************
*************************************
Datetime: 2019-05-03T15:48:13.928869
Authorization: Basic ZG1hcnRpbjoxNipsb2NhdGVkKkZJUkUqbmluZQ==
Cache-Control: no-cache
Accept: */*
User-Agent: PostmanRuntime/7.6.0
Connection: keep-alive
Postman-Token: 51b7a664-f572-4cbe-95f4-dd45bea6dadf
Host: localhost:9000
Accept-Encoding: gzip, deflate
Content-Length: 24319
Content-Type: application/xml
*************************************
*************************************
Datetime: 2019-05-03T15:48:22.790534
Authorization: Basic ZG1hcnRpbjoxNipsb2NhdGVkKkZJUkUqbmluZQ==
Cache-Control: no-cache
Accept: */*
User-Agent: PostmanRuntime/7.6.0
Connection: keep-alive
Postman-Token: 4f792969-d6b2-4b1a-a3cc-d795b8ae3344
Host: localhost:9000
Accept-Encoding: gzip, deflate
Content-Length: 24319
Content-Type: application/xml
*************************************
*************************************
Datetime: 2019-05-03T15:52:59.214721
Authorization: Basic ZG1hcnRpbjoxNipsb2NhdGVkKkZJUkUqbmluZQ==
Cache-Control: no-cache
Accept: */*
User-Agent: PostmanRuntime/7.6.0
Connection: keep-alive
Postman-Token: ae0881e1-cfc6-4ce5-83e7-52a23223c866
Host: localhost:9000
Accept-Encoding: gzip, deflate
Content-Length: 44283
Content-Type: application/json
*************************************
*************************************
Datetime: 2019-05-03T15:53:14.898788
Authorization: Basic ZG1hcnRpbjoxNipsb2NhdGVkKkZJUkUqbmluZQ==
Cache-Control: no-cache
Accept: */*
User-Agent: PostmanRuntime/7.6.0
Connection: keep-alive
Postman-Token: e88cfdcc-da68-4bb3-a608-a9db15ec2c6a
Host: localhost:9000
Accept-Encoding: gzip, deflate
Content-Length: 44283
Content-Type: application/json
*************************************
*************************************
Datetime: 2019-05-03T15:54:22.227105
Authorization: Basic ZG1hcnRpbjoxNipsb2NhdGVkKkZJUkUqbmluZQ==
Cache-Control: no-cache
Accept: */*
User-Agent: PostmanRuntime/7.6.0
Connection: keep-alive
Postman-Token: 02325056-8ba1-43f8-9089-c46a67ba70e9
Host: localhost:9000
Accept-Encoding: gzip, deflate
Content-Length: 44283
Content-Type: application/json
*************************************
*************************************
Datetime: 2019-05-03T15:56:03.428709
Authorization: Basic ZG1hcnRpbjoxNipsb2NhdGVkKkZJUkUqbmluZQ==
Cache-Control: no-cache
Accept: */*
User-Agent: PostmanRuntime/7.6.0
Connection: keep-alive
Postman-Token: 97a2db11-3299-4302-a411-614b243e4808
Host: localhost:9000
Accept-Encoding: gzip, deflate
Content-Length: 44283
Content-Type: application/json
*************************************
*************************************
Datetime: 2019-05-03T16:09:24.982329
Authorization: Basic ZG1hcnRpbjoxNipsb2NhdGVkKkZJUkUqbmluZQ==
Cache-Control: no-cache
Accept: */*
User-Agent: PostmanRuntime/7.6.0
Connection: keep-alive
Postman-Token: 763e920e-06be-49a1-9b1b-1331e590c66a
Host: localhost:9000
Accept-Encoding: gzip, deflate
Content-Length: 24319
Content-Type: application/xml
*************************************
*************************************
Datetime: 2019-05-03T16:16:34.003302
Authorization: Basic ZG1hcnRpbjoxNipsb2NhdGVkKkZJUkUqbmluZQ==
Cache-Control: no-cache
Accept: */*
User-Agent: PostmanRuntime/7.6.0
Connection: keep-alive
Postman-Token: 7e9c5ea4-78fd-4f42-b829-ae5c7be84a1e
Host: localhost:9000
Accept-Encoding: gzip, deflate
Content-Length: 24319
Content-Type: application/xml
*************************************
*************************************
Datetime: 2019-05-03T16:16:50.281445
Cache-Control: no-cache
Accept: */*
User-Agent: PostmanRuntime/7.6.0
Connection: keep-alive
Postman-Token: 3f80740d-5f23-4ca2-a40d-8c13a1aa8048
Host: localhost:9000
Accept-Encoding: gzip, deflate
Content-Length: 133784
Content-Type: application/json
*************************************
*************************************
Datetime: 2019-05-03T16:18:12.518034
Authorization: Basic ZG1hcnRpbjoxNipsb2NhdGVkKkZJUkUqbmluZQ==
Cache-Control: no-cache
Accept: */*
User-Agent: PostmanRuntime/7.6.0
Connection: keep-alive
Postman-Token: 7c84d6e0-8479-43c3-977a-b5d04151784f
Host: localhost:9000
Accept-Encoding: gzip, deflate
Content-Length: 44283
Content-Type: application/json
*************************************
*************************************
Datetime: 2019-05-03T16:18:46.017143
Cache-Control: no-cache
Accept: */*
User-Agent: PostmanRuntime/7.6.0
Connection: keep-alive
Postman-Token: ec68edf2-bd93-4a99-b5e7-66890a57d711
Host: localhost:9000
Accept-Encoding: gzip, deflate
Content-Length: 133784
Content-Type: application/json
*************************************
*************************************
Datetime: 2019-05-03T16:23:08.704339
Cache-Control: no-cache
Accept: */*
User-Agent: PostmanRuntime/7.6.0
Connection: keep-alive
Postman-Token: f6e58d02-b8ce-43d1-84da-c6619a059e74
Host: localhost:9000
Accept-Encoding: gzip, deflate
Content-Length: 133784
Content-Type: application/json
*************************************
*************************************
Datetime: 2019-05-03T16:23:52.105023
Authorization: Basic ZG1hcnRpbjoxNipsb2NhdGVkKkZJUkUqbmluZQ==
Cache-Control: no-cache
Accept: */*
User-Agent: PostmanRuntime/7.6.0
Connection: keep-alive
Postman-Token: 7c979577-be81-4a55-8eae-ca1004f0727f
Host: localhost:9000
Accept-Encoding: gzip, deflate
Content-Length: 44283
Content-Type: application/json
*************************************
*************************************
Datetime: 2019-05-03T16:24:10.378936
Authorization: Basic ZG1hcnRpbjoxNipsb2NhdGVkKkZJUkUqbmluZQ==
Cache-Control: no-cache
Accept: */*
User-Agent: PostmanRuntime/7.6.0
Connection: keep-alive
Postman-Token: 129a8f24-4ccb-474a-9ad1-551730f42f49
Host: localhost:9000
Accept-Encoding: gzip, deflate
Content-Length: 44283
Content-Type: application/json
*************************************
*************************************
Datetime: 2019-05-03T16:24:11.174852
Authorization: Basic ZG1hcnRpbjoxNipsb2NhdGVkKkZJUkUqbmluZQ==
Cache-Control: no-cache
Accept: */*
User-Agent: PostmanRuntime/7.6.0
Connection: keep-alive
Postman-Token: 2fd5490d-2992-4c0a-9cfe-660b3d86f2ed
Host: localhost:9000
Accept-Encoding: gzip, deflate
Content-Length: 44283
Content-Type: application/json
*************************************
*************************************
Datetime: 2019-05-03T16:24:12.096375
Authorization: Basic ZG1hcnRpbjoxNipsb2NhdGVkKkZJUkUqbmluZQ==
Cache-Control: no-cache
Accept: */*
User-Agent: PostmanRuntime/7.6.0
Connection: keep-alive
Postman-Token: c7128a49-71d2-4255-82aa-feaeafeba1d8
Host: localhost:9000
Accept-Encoding: gzip, deflate
Content-Length: 44283
Content-Type: application/json
*************************************
*************************************
Datetime: 2019-05-03T16:24:12.478234
Authorization: Basic ZG1hcnRpbjoxNipsb2NhdGVkKkZJUkUqbmluZQ==
Cache-Control: no-cache
Accept: */*
User-Agent: PostmanRuntime/7.6.0
Connection: keep-alive
Postman-Token: d45d9a0e-b06e-419c-9a8b-6444a5c05e94
Host: localhost:9000
Accept-Encoding: gzip, deflate
Content-Length: 44283
Content-Type: application/json
*************************************
*************************************
Datetime: 2019-05-03T16:25:27.349075
Authorization: Basic ZG1hcnRpbjoxNipsb2NhdGVkKkZJUkUqbmluZQ==
Cache-Control: no-cache
Accept: */*
User-Agent: PostmanRuntime/7.6.0
Connection: keep-alive
Postman-Token: dc38444c-5f24-4f38-ae73-9b54afc52f8d
Host: localhost:9000
Accept-Encoding: gzip, deflate
Content-Length: 44283
Content-Type: application/json
*************************************
*************************************
Datetime: 2019-05-03T16:27:44.836376
Authorization: Basic ZG1hcnRpbjoxNipsb2NhdGVkKkZJUkUqbmluZQ==
Cache-Control: no-cache
Accept: */*
User-Agent: PostmanRuntime/7.6.0
Connection: keep-alive
Postman-Token: 9a94045f-d1d4-4c12-aaea-3e09e46523d9
Host: localhost:9000
Accept-Encoding: gzip, deflate
Content-Length: 44283
Content-Type: application/json
*************************************
