*************************************
Datetime: 2019-02-26T16:48:04.790495
Cache-Control: no-cache
Accept: */*
User-Agent: PostmanRuntime/7.6.0
Connection: keep-alive
Postman-Token: 6e211eb6-b1c2-45bd-9420-ec009bac5c6f
Host: localhost:9000
Accept-Encoding: gzip, deflate
*************************************
*************************************
Datetime: 2019-02-26T16:48:04.830566
Cache-Control: no-cache
Accept: */*
User-Agent: PostmanRuntime/7.6.0
Referer: http://localhost:9000/subjects
Connection: keep-alive
Postman-Token: 6e211eb6-b1c2-45bd-9420-ec009bac5c6f
Host: localhost:9000
Accept-Encoding: gzip, deflate
*************************************
*************************************
Datetime: 2019-02-26T17:02:14.628775
Origin: http://localhost:6900
Accept: */*
Connection: keep-alive
User-Agent: Mozilla/5.0 (Macintosh; Intel Mac OS X 10_14_3) AppleWebKit/537.36 (KHTML, like Gecko) Chrome/72.0.3626.109 Safari/537.36
Referer: http://localhost:6900/query
Host: localhost:9000
Accept-Encoding: gzip, deflate, br
Accept-Language: en-US,en;q=0.9
*************************************
*************************************
Datetime: 2019-02-26T17:02:14.751792
Origin: http://localhost:6900
Accept: */*
Connection: keep-alive
User-Agent: Mozilla/5.0 (Macintosh; Intel Mac OS X 10_14_3) AppleWebKit/537.36 (KHTML, like Gecko) Chrome/72.0.3626.109 Safari/537.36
Referer: http://localhost:6900/query
Host: localhost:9000
Accept-Encoding: gzip, deflate, br
Accept-Language: en-US,en;q=0.9
*************************************
*************************************
Datetime: 2019-02-26T17:02:14.953265
Origin: http://localhost:6900
Accept: */*
Connection: keep-alive
User-Agent: Mozilla/5.0 (Macintosh; Intel Mac OS X 10_14_3) AppleWebKit/537.36 (KHTML, like Gecko) Chrome/72.0.3626.109 Safari/537.36
Referer: http://localhost:6900/query
Host: localhost:9000
Accept-Encoding: gzip, deflate, br
Accept-Language: en-US,en;q=0.9
*************************************
*************************************
Datetime: 2019-02-26T17:02:15.154037
Origin: http://localhost:6900
Accept: */*
Connection: keep-alive
User-Agent: Mozilla/5.0 (Macintosh; Intel Mac OS X 10_14_3) AppleWebKit/537.36 (KHTML, like Gecko) Chrome/72.0.3626.109 Safari/537.36
Referer: http://localhost:6900/query
Host: localhost:9000
Accept-Encoding: gzip, deflate, br
Accept-Language: en-US,en;q=0.9
*************************************
*************************************
Datetime: 2019-02-26T17:02:15.297511
Origin: http://localhost:6900
Accept: */*
Connection: keep-alive
User-Agent: Mozilla/5.0 (Macintosh; Intel Mac OS X 10_14_3) AppleWebKit/537.36 (KHTML, like Gecko) Chrome/72.0.3626.109 Safari/537.36
Referer: http://localhost:6900/query
Host: localhost:9000
Accept-Encoding: gzip, deflate, br
Accept-Language: en-US,en;q=0.9
*************************************
*************************************
Datetime: 2019-02-26T17:02:17.525323
Origin: http://localhost:6900
Accept: */*
Connection: keep-alive
User-Agent: Mozilla/5.0 (Macintosh; Intel Mac OS X 10_14_3) AppleWebKit/537.36 (KHTML, like Gecko) Chrome/72.0.3626.109 Safari/537.36
Referer: http://localhost:6900/query
Host: localhost:9000
Accept-Encoding: gzip, deflate, br
Accept-Language: en-US,en;q=0.9
*************************************
*************************************
Datetime: 2019-02-26T17:02:17.692156
Origin: http://localhost:6900
Accept: */*
Connection: keep-alive
User-Agent: Mozilla/5.0 (Macintosh; Intel Mac OS X 10_14_3) AppleWebKit/537.36 (KHTML, like Gecko) Chrome/72.0.3626.109 Safari/537.36
Referer: http://localhost:6900/query
Host: localhost:9000
Accept-Encoding: gzip, deflate, br
Accept-Language: en-US,en;q=0.9
*************************************
