*************************************
Datetime: 2019-03-29T12:08:50.508663
RootNode: Hotel
Cache-Control: no-cache
Accept: */*
User-Agent: PostmanRuntime/7.6.0
Connection: keep-alive
Postman-Token: b994545e-3350-4f4e-bddb-c12a8405e9af
Host: localhost:9000
Accept-Encoding: gzip, deflate
Content-Length: 44283
Content-Type: application/json
*************************************
*************************************
Datetime: 2019-03-29T12:11:56.258081
RootNode: Hotel
Cache-Control: no-cache
Accept: */*
User-Agent: PostmanRuntime/7.6.0
Connection: keep-alive
Postman-Token: 5f9205a8-6471-4327-a325-c2b3cf2c14ff
Host: localhost:9000
Accept-Encoding: gzip, deflate
Content-Length: 44283
Content-Type: application/json
*************************************
*************************************
Datetime: 2019-03-29T12:14:13.840410
RootNode: Hotel
Cache-Control: no-cache
Accept: */*
User-Agent: PostmanRuntime/7.6.0
Connection: keep-alive
Postman-Token: 83384552-9229-4a0b-9c69-1f523fd4860f
Host: localhost:9000
Accept-Encoding: gzip, deflate
Content-Length: 44283
Content-Type: application/json
*************************************
*************************************
Datetime: 2019-03-29T12:18:46.216525
RootNode: Hotel
Cache-Control: no-cache
Accept: */*
User-Agent: PostmanRuntime/7.6.0
Connection: keep-alive
Postman-Token: c73bbf26-7b61-48bd-9e07-2f82b0bc0570
Host: localhost:9000
Accept-Encoding: gzip, deflate
Content-Length: 44283
Content-Type: application/json
*************************************
*************************************
Datetime: 2019-03-29T12:20:34.706192
RootNode: Hotel
Cache-Control: no-cache
Accept: */*
User-Agent: PostmanRuntime/7.6.0
Connection: keep-alive
Postman-Token: 1dfdd997-c274-42b4-ba6b-31ef2603addf
Host: localhost:9000
Accept-Encoding: gzip, deflate
Content-Length: 44283
Content-Type: application/json
*************************************
