*************************************
Datetime: 2019-01-29T13:46:01.976682
Accept: */*
resultnum: 20
subjects: person
Connection: keep-alive
User-Agent: Expo/2.10.0.105122 CFNetwork/976 Darwin/18.2.0
Host: 128.4.120.88:9000
Accept-Language: en-us
Accept-Encoding: gzip, deflate
constants: ResidentialFacilityGeospatialLocationCodeIdentifierlatitude-:ResidentialFacilityGeospatialLocationCodeIdentifierlongitude-
triplestore: Test_User_Data_John_Doe
*************************************
*************************************
Datetime: 2019-01-29T13:46:02.037967
Accept: */*
resultnum: 20
subjects: person
Connection: keep-alive
User-Agent: Expo/2.10.0.105122 CFNetwork/976 Darwin/18.2.0
Host: 128.4.120.88:9000
Accept-Language: en-us
Accept-Encoding: gzip, deflate
constants: ResidentialFacilityGeospatialLocationCodeIdentifierlatitude-:ResidentialFacilityGeospatialLocationCodeIdentifierlongitude-
triplestore: Test_User_Data_John_Doe
*************************************
*************************************
Datetime: 2019-01-29T13:53:06.691770
Accept: */*
resultnum: 20
subjects: person
Connection: keep-alive
User-Agent: Expo/2.10.0.105122 CFNetwork/976 Darwin/18.2.0
Host: 128.4.120.88:9000
Accept-Language: en-us
Accept-Encoding: gzip, deflate
constants: ResidentialFacilityGeospatialLocationCodeIdentifierlatitude-:ResidentialFacilityGeospatialLocationCodeIdentifierlongitude-
triplestore: Test_User_Data_John_Doe
*************************************
*************************************
Datetime: 2019-01-29T13:53:06.709063
Accept: */*
resultnum: 20
subjects: person
Connection: keep-alive
User-Agent: Expo/2.10.0.105122 CFNetwork/976 Darwin/18.2.0
Host: 128.4.120.88:9000
Accept-Language: en-us
Accept-Encoding: gzip, deflate
constants: ResidentialFacilityGeospatialLocationCodeIdentifierlatitude-:ResidentialFacilityGeospatialLocationCodeIdentifierlongitude-
triplestore: Test_User_Data_John_Doe
*************************************
*************************************
Datetime: 2019-01-29T13:54:49.494856
Accept: */*
resultnum: 20
subjects: person
Connection: keep-alive
User-Agent: Expo/2.10.0.105122 CFNetwork/976 Darwin/18.2.0
Host: 128.4.120.88:9000
Accept-Language: en-us
Accept-Encoding: gzip, deflate
constants: ResidentialFacilityGeospatialLocationCodeIdentifierlatitude-:ResidentialFacilityGeospatialLocationCodeIdentifierlongitude-
triplestore: Test_User_Data_John_Doe
*************************************
*************************************
Datetime: 2019-01-29T13:54:49.506306
Accept: */*
resultnum: 20
subjects: person
Connection: keep-alive
User-Agent: Expo/2.10.0.105122 CFNetwork/976 Darwin/18.2.0
Host: 128.4.120.88:9000
Accept-Language: en-us
Accept-Encoding: gzip, deflate
constants: ResidentialFacilityGeospatialLocationCodeIdentifierlatitude-:ResidentialFacilityGeospatialLocationCodeIdentifierlongitude-
triplestore: Test_User_Data_John_Doe
*************************************
*************************************
Datetime: 2019-01-29T13:57:14.661810
Accept: */*
resultnum: 20
subjects: person
Connection: keep-alive
User-Agent: Expo/2.10.0.105122 CFNetwork/976 Darwin/18.2.0
Host: 128.4.120.88:9000
Accept-Language: en-us
Accept-Encoding: gzip, deflate
constants: ResidentialFacilityGeospatialLocationCodeIdentifierlatitude-:ResidentialFacilityGeospatialLocationCodeIdentifierlongitude-
triplestore: Test_User_Data_John_Doe
*************************************
*************************************
Datetime: 2019-01-29T13:57:14.696095
Accept: */*
resultnum: 20
subjects: person
Connection: keep-alive
User-Agent: Expo/2.10.0.105122 CFNetwork/976 Darwin/18.2.0
Host: 128.4.120.88:9000
Accept-Language: en-us
Accept-Encoding: gzip, deflate
constants: ResidentialFacilityGeospatialLocationCodeIdentifierlatitude-:ResidentialFacilityGeospatialLocationCodeIdentifierlongitude-
triplestore: Test_User_Data_John_Doe
*************************************
*************************************
Datetime: 2019-01-29T13:58:43.623391
Accept: */*
resultnum: 20
subjects: person
Connection: keep-alive
User-Agent: Expo/2.10.0.105122 CFNetwork/976 Darwin/18.2.0
Host: 128.4.120.88:9000
Accept-Language: en-us
Accept-Encoding: gzip, deflate
constants: ResidentialFacilityGeospatialLocationCodeIdentifierlatitude-:ResidentialFacilityGeospatialLocationCodeIdentifierlongitude-
triplestore: Test_User_Data_John_Doe
*************************************
*************************************
Datetime: 2019-01-29T13:58:43.635131
Accept: */*
resultnum: 20
subjects: person
Connection: keep-alive
User-Agent: Expo/2.10.0.105122 CFNetwork/976 Darwin/18.2.0
Host: 128.4.120.88:9000
Accept-Language: en-us
Accept-Encoding: gzip, deflate
constants: ResidentialFacilityGeospatialLocationCodeIdentifierlatitude-:ResidentialFacilityGeospatialLocationCodeIdentifierlongitude-
triplestore: Test_User_Data_John_Doe
*************************************
*************************************
Datetime: 2019-01-29T14:03:14.732552
Connection: keep-alive
User-Agent: Expo/2.10.0.105122 CFNetwork/976 Darwin/18.2.0
Host: 128.4.120.88:9000
Accept-Language: en-us
Accept-Encoding: gzip, deflate
Accept: */*
*************************************
*************************************
Datetime: 2019-01-29T14:03:14.745344
Connection: keep-alive
User-Agent: Expo/2.10.0.105122 CFNetwork/976 Darwin/18.2.0
Host: 128.4.120.88:9000
Accept-Language: en-us
Accept-Encoding: gzip, deflate
Accept: */*
*************************************
*************************************
Datetime: 2019-01-29T14:18:10.990856
Accept: */*
resultnum: 20
subjects: person
Connection: keep-alive
User-Agent: Expo/2.10.0.105122 CFNetwork/976 Darwin/18.2.0
Host: 128.4.120.88:9000
Accept-Language: en-us
Accept-Encoding: gzip, deflate
constants: ResidentialFacilityGeospatialLocationCodeIdentifierlatitude-:ResidentialFacilityGeospatialLocationCodeIdentifierlongitude-
triplestore: Test_User_Data_John_Doe
*************************************
*************************************
Datetime: 2019-01-29T14:18:11.003510
Accept: */*
resultnum: 20
subjects: person
Connection: keep-alive
User-Agent: Expo/2.10.0.105122 CFNetwork/976 Darwin/18.2.0
Host: 128.4.120.88:9000
Accept-Language: en-us
Accept-Encoding: gzip, deflate
constants: ResidentialFacilityGeospatialLocationCodeIdentifierlatitude-:ResidentialFacilityGeospatialLocationCodeIdentifierlongitude-
triplestore: Test_User_Data_John_Doe
*************************************
*************************************
Datetime: 2019-01-29T14:19:04.616281
Accept: */*
resultnum: 20
subjects: person
Connection: keep-alive
User-Agent: Expo/2.10.0.105122 CFNetwork/976 Darwin/18.2.0
Host: 128.4.120.88:9000
Accept-Language: en-us
Accept-Encoding: gzip, deflate
constants: ResidentialFacilityGeospatialLocationCodeIdentifierlatitude-:ResidentialFacilityGeospatialLocationCodeIdentifierlongitude-
triplestore: Test_User_Data_John_Doe
*************************************
*************************************
Datetime: 2019-01-29T14:19:04.668551
Accept: */*
resultnum: 20
subjects: person
Connection: keep-alive
User-Agent: Expo/2.10.0.105122 CFNetwork/976 Darwin/18.2.0
Host: 128.4.120.88:9000
Accept-Language: en-us
Accept-Encoding: gzip, deflate
constants: ResidentialFacilityGeospatialLocationCodeIdentifierlatitude-:ResidentialFacilityGeospatialLocationCodeIdentifierlongitude-
triplestore: Test_User_Data_John_Doe
*************************************
*************************************
Datetime: 2019-01-29T14:19:38.972661
Accept: */*
resultnum: 20
subjects: person
Connection: keep-alive
User-Agent: Expo/2.10.0.105122 CFNetwork/976 Darwin/18.2.0
Host: 128.4.120.88:9000
Accept-Language: en-us
Accept-Encoding: gzip, deflate
constants: ResidentialFacilityGeospatialLocationCodeIdentifierlatitude-:ResidentialFacilityGeospatialLocationCodeIdentifierlongitude-
triplestore: Test_User_Data_John_Doe
*************************************
*************************************
Datetime: 2019-01-29T14:19:38.983562
Accept: */*
resultnum: 20
subjects: person
Connection: keep-alive
User-Agent: Expo/2.10.0.105122 CFNetwork/976 Darwin/18.2.0
Host: 128.4.120.88:9000
Accept-Language: en-us
Accept-Encoding: gzip, deflate
constants: ResidentialFacilityGeospatialLocationCodeIdentifierlatitude-:ResidentialFacilityGeospatialLocationCodeIdentifierlongitude-
triplestore: Test_User_Data_John_Doe
*************************************
*************************************
Datetime: 2019-01-29T14:21:38.585979
Accept: */*
resultnum: 20
subjects: person
Connection: keep-alive
User-Agent: Expo/2.10.0.105122 CFNetwork/976 Darwin/18.2.0
Host: 128.4.120.88:9000
Accept-Language: en-us
Accept-Encoding: gzip, deflate
constants: ResidentialFacilityGeospatialLocationCodeIdentifierlatitude-:ResidentialFacilityGeospatialLocationCodeIdentifierlongitude-
triplestore: Test_User_Data_John_Doe
*************************************
*************************************
Datetime: 2019-01-29T14:21:38.620072
Accept: */*
resultnum: 20
subjects: person
Connection: keep-alive
User-Agent: Expo/2.10.0.105122 CFNetwork/976 Darwin/18.2.0
Host: 128.4.120.88:9000
Accept-Language: en-us
Accept-Encoding: gzip, deflate
constants: ResidentialFacilityGeospatialLocationCodeIdentifierlatitude-:ResidentialFacilityGeospatialLocationCodeIdentifierlongitude-
triplestore: Test_User_Data_John_Doe
*************************************
*************************************
Datetime: 2019-01-29T14:22:32.853880
Accept: */*
resultnum: 20
subjects: person
Connection: keep-alive
User-Agent: Expo/2.10.0.105122 CFNetwork/976 Darwin/18.2.0
Host: 128.4.120.88:9000
Accept-Language: en-us
Accept-Encoding: gzip, deflate
constants: ResidentialFacilityGeospatialLocationCodeIdentifierlatitude-:ResidentialFacilityGeospatialLocationCodeIdentifierlongitude-
triplestore: Test_User_Data_John_Doe
*************************************
*************************************
Datetime: 2019-01-29T14:22:32.870221
Accept: */*
resultnum: 20
subjects: person
Connection: keep-alive
User-Agent: Expo/2.10.0.105122 CFNetwork/976 Darwin/18.2.0
Host: 128.4.120.88:9000
Accept-Language: en-us
Accept-Encoding: gzip, deflate
constants: ResidentialFacilityGeospatialLocationCodeIdentifierlatitude-:ResidentialFacilityGeospatialLocationCodeIdentifierlongitude-
triplestore: Test_User_Data_John_Doe
*************************************
