*************************************
Datetime: 2019-05-15T12:20:28.319624
Authorization: Basic ZG1hcnRpbjoxNipsb2NhdGVkKkZJUkUqbmluZQ==
Cache-Control: no-cache
Accept: */*
User-Agent: PostmanRuntime/7.6.0
Connection: keep-alive
Postman-Token: 4701d5f7-3784-4deb-addb-ff7b365353b6
Host: localhost:9000
Accept-Encoding: gzip, deflate
Content-Length: 19546
Content-Type: application/json
*************************************
*************************************
Datetime: 2019-05-15T12:26:14.663467
Authorization: Basic ZG1hcnRpbjoxNipsb2NhdGVkKkZJUkUqbmluZQ==
Cache-Control: no-cache
Accept: */*
User-Agent: PostmanRuntime/7.6.0
Connection: keep-alive
Postman-Token: 98036733-89d9-4683-8d60-ee9bcb640342
Host: localhost:9000
Accept-Encoding: gzip, deflate
Content-Length: 19546
Content-Type: application/json
*************************************
*************************************
Datetime: 2019-05-15T12:33:41.607887
Authorization: Basic ZG1hcnRpbjoxNipsb2NhdGVkKkZJUkUqbmluZQ==
Cache-Control: no-cache
Accept: */*
User-Agent: PostmanRuntime/7.6.0
Connection: keep-alive
Postman-Token: 02e1beed-afd3-4979-9207-74f52691dec2
Host: localhost:9000
Accept-Encoding: gzip, deflate
Content-Length: 6490
Content-Type: application/json
*************************************
*************************************
Datetime: 2019-05-15T13:10:45.518528
Authorization: Basic ZG1hcnRpbjoxNipsb2NhdGVkKkZJUkUqbmluZQ==
Cache-Control: no-cache
Accept: */*
User-Agent: PostmanRuntime/7.6.0
Connection: keep-alive
Postman-Token: 228e9626-c57b-4a64-8401-cb978fbb4b61
Host: localhost:9000
Accept-Encoding: gzip, deflate
Content-Length: 6490
Content-Type: application/json
*************************************
*************************************
Datetime: 2019-05-15T13:22:14.092300
Authorization: Basic ZG1hcnRpbjoxNipsb2NhdGVkKkZJUkUqbmluZQ==
Cache-Control: no-cache
Accept: */*
User-Agent: PostmanRuntime/7.6.0
Connection: keep-alive
Postman-Token: 84efb7c6-eb33-4409-9507-4a91c1a28837
Host: localhost:9000
Accept-Encoding: gzip, deflate
Content-Length: 6179
Content-Type: application/json
*************************************
*************************************
Datetime: 2019-05-15T16:44:59.052242
Authorization: Basic ZG1hcnRpbjoxNipsb2NhdGVkKkZJUkUqbmluZQ==
Cache-Control: no-cache
Accept: */*
User-Agent: PostmanRuntime/7.6.0
Connection: keep-alive
Postman-Token: 506763fc-c513-4216-9976-14db44b1ae16
Host: localhost:9000
Accept-Encoding: gzip, deflate
Content-Length: 6179
Content-Type: application/json
*************************************
