*************************************
Datetime: 2019-01-16T10:09:38.227193
Cache-Control: no-cache
Accept: */*
TripleStore: StartSet
User-Agent: PostmanRuntime/7.4.0
Connection: keep-alive
Postman-Token: 228f363c-bd84-4c40-b3bd-79d4756a31ed
Host: localhost:9000
Accept-Encoding: gzip, deflate
Content-Length: 30768073
Subject: Person
Content-Type: text/xml
*************************************
*************************************
Datetime: 2019-01-16T10:18:40.761308
Cache-Control: no-cache
Accept: */*
TripleStore: StartSet
User-Agent: PostmanRuntime/7.4.0
Connection: keep-alive
Postman-Token: 5b862d54-dc44-4a5b-abac-ad8679b3f44b
Host: localhost:9000
Accept-Encoding: gzip, deflate
Content-Length: 30768073
Subject: Person
Content-Type: text/xml
*************************************
