*************************************
Datetime: 2019-01-17T12:05:11.547842
Extension: park
Cache-Control: no-cache
Accept: */*
User-Agent: PostmanRuntime/7.4.0
Connection: keep-alive
Postman-Token: fd2f26c0-34ce-4bb7-a6c6-7712993dd42a
Host: localhost:9000
Accept-Encoding: gzip, deflate
*************************************
*************************************
Datetime: 2019-01-17T12:05:11.676368
Extension: park
Cache-Control: no-cache
Accept: */*
User-Agent: PostmanRuntime/7.4.0
Referer: http://localhost:9000/extension
Connection: keep-alive
Postman-Token: fd2f26c0-34ce-4bb7-a6c6-7712993dd42a
Host: localhost:9000
Accept-Encoding: gzip, deflate
*************************************
*************************************
Datetime: 2019-01-17T12:06:09.341991
Extension: park
Cache-Control: no-cache
Accept: */*
User-Agent: PostmanRuntime/7.4.0
Connection: keep-alive
Postman-Token: b46b866e-574d-4ca2-989a-93ac3ad8d878
Host: localhost:9000
Accept-Encoding: gzip, deflate
*************************************
*************************************
Datetime: 2019-01-17T12:06:09.385929
Extension: park
Cache-Control: no-cache
Accept: */*
User-Agent: PostmanRuntime/7.4.0
Referer: http://localhost:9000/extension
Connection: keep-alive
Postman-Token: b46b866e-574d-4ca2-989a-93ac3ad8d878
Host: localhost:9000
Accept-Encoding: gzip, deflate
*************************************
*************************************
Datetime: 2019-01-17T12:06:26.445593
Extension: park
Cache-Control: no-cache
Accept: */*
User-Agent: PostmanRuntime/7.4.0
Connection: keep-alive
Postman-Token: 7dd374d1-bc4c-40d6-b527-dcba58290e45
Host: localhost:9000
Accept-Encoding: gzip, deflate
*************************************
*************************************
Datetime: 2019-01-17T12:06:26.452894
Extension: park
Cache-Control: no-cache
Accept: */*
User-Agent: PostmanRuntime/7.4.0
Referer: http://localhost:9000/extension
Connection: keep-alive
Postman-Token: 7dd374d1-bc4c-40d6-b527-dcba58290e45
Host: localhost:9000
Accept-Encoding: gzip, deflate
*************************************
*************************************
Datetime: 2019-01-17T12:35:59.121534
Cache-Control: no-cache
Accept: */*
TripleStore: InsertDataTests
User-Agent: PostmanRuntime/7.4.0
Connection: keep-alive
Postman-Token: 80e76d60-4832-42f6-9f18-52da74970d2f
Host: localhost:9000
Accept-Encoding: gzip, deflate
Content-Length: 30768073
Subject: Hotel
Content-Type: text/xml
*************************************
*************************************
Datetime: 2019-01-17T12:47:40.476651
Extension: park
Cache-Control: no-cache
Accept: */*
TripleStore: InsertDataTests
User-Agent: PostmanRuntime/7.4.0
Connection: keep-alive
Postman-Token: fe86dcd5-f336-46d7-b9ac-38b1dd9b58b0
Host: localhost:9000
Accept-Encoding: gzip, deflate
*************************************
*************************************
Datetime: 2019-01-17T12:47:41.104526
Extension: park
Cache-Control: no-cache
Accept: */*
TripleStore: InsertDataTests
User-Agent: PostmanRuntime/7.4.0
Referer: http://localhost:9000/extension
Connection: keep-alive
Postman-Token: fe86dcd5-f336-46d7-b9ac-38b1dd9b58b0
Host: localhost:9000
Accept-Encoding: gzip, deflate
*************************************
*************************************
Datetime: 2019-01-17T15:53:51.624496
Extension: park
Cache-Control: no-cache
Accept: */*
TripleStore: InsertDataTests
User-Agent: PostmanRuntime/7.4.0
Connection: keep-alive
Postman-Token: d68b6fb9-b624-4d26-9271-aab6a5405890
Host: localhost:9000
Accept-Encoding: gzip, deflate
*************************************
*************************************
Datetime: 2019-01-17T15:53:52.525508
Extension: park
Cache-Control: no-cache
Accept: */*
TripleStore: InsertDataTests
User-Agent: PostmanRuntime/7.4.0
Referer: http://localhost:9000/extension
Connection: keep-alive
Postman-Token: d68b6fb9-b624-4d26-9271-aab6a5405890
Host: localhost:9000
Accept-Encoding: gzip, deflate
*************************************
*************************************
Datetime: 2019-01-17T15:57:39.335811
Extension: park
Cache-Control: no-cache
Accept: */*
TripleStore: InsertDataTests
User-Agent: PostmanRuntime/7.4.0
Connection: keep-alive
Postman-Token: d0b29199-4216-4060-ba7b-0f3d66df6d6a
Host: localhost:9000
Accept-Encoding: gzip, deflate
*************************************
*************************************
Datetime: 2019-01-17T15:57:40.171727
Extension: park
Cache-Control: no-cache
Accept: */*
TripleStore: InsertDataTests
User-Agent: PostmanRuntime/7.4.0
Referer: http://localhost:9000/extension
Connection: keep-alive
Postman-Token: d0b29199-4216-4060-ba7b-0f3d66df6d6a
Host: localhost:9000
Accept-Encoding: gzip, deflate
*************************************
*************************************
Datetime: 2019-01-17T15:59:38.342252
Extension: park
Cache-Control: no-cache
Accept: */*
TripleStore: InsertDataTests
User-Agent: PostmanRuntime/7.4.0
Connection: keep-alive
Postman-Token: eaf2b1d5-6703-41cd-b3ba-3c52d85c07eb
Host: localhost:9000
Accept-Encoding: gzip, deflate
*************************************
*************************************
Datetime: 2019-01-17T15:59:39.183527
Extension: park
Cache-Control: no-cache
Accept: */*
TripleStore: InsertDataTests
User-Agent: PostmanRuntime/7.4.0
Referer: http://localhost:9000/extension
Connection: keep-alive
Postman-Token: eaf2b1d5-6703-41cd-b3ba-3c52d85c07eb
Host: localhost:9000
Accept-Encoding: gzip, deflate
*************************************
*************************************
Datetime: 2019-01-17T16:19:29.264798
Extension: park
Cache-Control: no-cache
Accept: */*
TripleStore: InsertDataTests
User-Agent: PostmanRuntime/7.4.0
Connection: keep-alive
Postman-Token: af718033-63a2-4d82-ab01-42795133fe8d
Host: localhost:9000
Accept-Encoding: gzip, deflate
*************************************
*************************************
Datetime: 2019-01-17T16:19:30.119832
Extension: park
Cache-Control: no-cache
Accept: */*
TripleStore: InsertDataTests
User-Agent: PostmanRuntime/7.4.0
Referer: http://localhost:9000/extension
Connection: keep-alive
Postman-Token: af718033-63a2-4d82-ab01-42795133fe8d
Host: localhost:9000
Accept-Encoding: gzip, deflate
*************************************
*************************************
Datetime: 2019-01-17T16:22:20.741702
Extension: park
Cache-Control: no-cache
Accept: */*
TripleStore: InsertDataTests
User-Agent: PostmanRuntime/7.4.0
Connection: keep-alive
Postman-Token: 998845fc-0e9e-41bb-8e07-08ee886b6f8d
Host: localhost:9000
Accept-Encoding: gzip, deflate
*************************************
*************************************
Datetime: 2019-01-17T16:22:20.987173
Extension: park
Cache-Control: no-cache
Accept: */*
TripleStore: InsertDataTests
User-Agent: PostmanRuntime/7.4.0
Referer: http://localhost:9000/extension
Connection: keep-alive
Postman-Token: 998845fc-0e9e-41bb-8e07-08ee886b6f8d
Host: localhost:9000
Accept-Encoding: gzip, deflate
*************************************
*************************************
Datetime: 2019-01-17T16:24:07.202012
Extension: park
Cache-Control: no-cache
Accept: */*
TripleStore: InsertDataTests
User-Agent: PostmanRuntime/7.4.0
Connection: keep-alive
Postman-Token: b49b3184-f2b7-47ea-a2d1-87dc6a31fc96
Host: localhost:9000
Accept-Encoding: gzip, deflate
*************************************
*************************************
Datetime: 2019-01-17T16:24:08.071594
Extension: park
Cache-Control: no-cache
Accept: */*
TripleStore: InsertDataTests
User-Agent: PostmanRuntime/7.4.0
Referer: http://localhost:9000/extension
Connection: keep-alive
Postman-Token: b49b3184-f2b7-47ea-a2d1-87dc6a31fc96
Host: localhost:9000
Accept-Encoding: gzip, deflate
*************************************
*************************************
Datetime: 2019-01-17T16:25:23.221536
Extension: park
Cache-Control: no-cache
Accept: */*
TripleStore: InsertDataTests
User-Agent: PostmanRuntime/7.4.0
Connection: keep-alive
Postman-Token: e3059bb0-70ed-4747-8bc9-eb6bb55e8aa6
Host: localhost:9000
Accept-Encoding: gzip, deflate
*************************************
*************************************
Datetime: 2019-01-17T16:25:24.027830
Extension: park
Cache-Control: no-cache
Accept: */*
TripleStore: InsertDataTests
User-Agent: PostmanRuntime/7.4.0
Referer: http://localhost:9000/extension
Connection: keep-alive
Postman-Token: e3059bb0-70ed-4747-8bc9-eb6bb55e8aa6
Host: localhost:9000
Accept-Encoding: gzip, deflate
*************************************
*************************************
Datetime: 2019-01-17T16:27:26.674809
Extension: park
Cache-Control: no-cache
Accept: */*
TripleStore: InsertDataTests
User-Agent: PostmanRuntime/7.4.0
Connection: keep-alive
Postman-Token: 11b0c19e-4dd7-4abb-9d68-ad23930749c6
Host: localhost:9000
Accept-Encoding: gzip, deflate
*************************************
*************************************
Datetime: 2019-01-17T16:27:26.923268
Extension: park
Cache-Control: no-cache
Accept: */*
TripleStore: InsertDataTests
User-Agent: PostmanRuntime/7.4.0
Referer: http://localhost:9000/extension
Connection: keep-alive
Postman-Token: 11b0c19e-4dd7-4abb-9d68-ad23930749c6
Host: localhost:9000
Accept-Encoding: gzip, deflate
*************************************
*************************************
Datetime: 2019-01-17T16:37:20.306543
Extension: park
Cache-Control: no-cache
Accept: */*
TripleStore: InsertDataTests
User-Agent: PostmanRuntime/7.4.0
Connection: keep-alive
Postman-Token: 032578d5-829e-4531-a0e7-d2a098cb63da
Host: localhost:9000
Accept-Encoding: gzip, deflate
*************************************
*************************************
Datetime: 2019-01-17T16:37:20.541679
Extension: park
Cache-Control: no-cache
Accept: */*
TripleStore: InsertDataTests
User-Agent: PostmanRuntime/7.4.0
Referer: http://localhost:9000/extension
Connection: keep-alive
Postman-Token: 032578d5-829e-4531-a0e7-d2a098cb63da
Host: localhost:9000
Accept-Encoding: gzip, deflate
*************************************
