*************************************
Datetime: 2019-05-17T09:38:03.002613
Authorization: Basic ZG1hcnRpbjoxNipsb2NhdGVkKkZJUkUqbmluZQ==
Cache-Control: no-cache
Accept: */*
User-Agent: PostmanRuntime/7.6.0
Connection: keep-alive
Postman-Token: 7c834883-0627-4757-80f7-3ac83c805fab
Host: localhost:9000
Accept-Encoding: gzip, deflate
Content-Length: 6298
Content-Type: application/json
*************************************
*************************************
Datetime: 2019-05-17T09:38:15.076291
Authorization: Basic ZG1hcnRpbjoxNipsb2NhdGVkKkZJUkUqbmluZQ==
Cache-Control: no-cache
Accept: */*
User-Agent: PostmanRuntime/7.6.0
Connection: keep-alive
Postman-Token: 0d6c6e3d-d846-4fd3-937c-77ea338276bf
Host: localhost:9000
Accept-Encoding: gzip, deflate
Content-Length: 6298
Content-Type: application/json
*************************************
*************************************
Datetime: 2019-05-17T09:38:15.341241
Authorization: Basic ZG1hcnRpbjoxNipsb2NhdGVkKkZJUkUqbmluZQ==
Cache-Control: no-cache
Accept: */*
User-Agent: PostmanRuntime/7.6.0
Connection: keep-alive
Postman-Token: 4382a155-1e20-44a5-acf3-a855a726f0f7
Host: localhost:9000
Accept-Encoding: gzip, deflate
Content-Length: 6298
Content-Type: application/json
*************************************
*************************************
Datetime: 2019-05-17T09:38:30.533250
Authorization: Basic ZG1hcnRpbjoxNipsb2NhdGVkKkZJUkUqbmluZQ==
Cache-Control: no-cache
Accept: */*
User-Agent: PostmanRuntime/7.6.0
Connection: keep-alive
Postman-Token: dc1715a5-0da0-4378-95e5-392ca7a366e6
Host: localhost:9000
Accept-Encoding: gzip, deflate
Content-Length: 6298
Content-Type: application/json
*************************************
*************************************
Datetime: 2019-05-17T12:49:51.995613
Authorization: Basic ZG1hcnRpbjoxNipsb2NhdGVkKkZJUkUqbmluZQ==
Cache-Control: no-cache
Accept: */*
User-Agent: PostmanRuntime/7.6.0
Connection: keep-alive
Postman-Token: d49914a4-1d79-4196-b3a6-882dc9e1271a
Host: localhost:9000
Accept-Encoding: gzip, deflate
Content-Length: 6298
Content-Type: application/json
*************************************
*************************************
Datetime: 2019-05-17T12:49:57.783017
Authorization: Basic ZG1hcnRpbjoxNipsb2NhdGVkKkZJUkUqbmluZQ==
Cache-Control: no-cache
Accept: */*
User-Agent: PostmanRuntime/7.6.0
Connection: keep-alive
Postman-Token: 0c7bf25d-abb9-4849-9353-6b54e46811a8
Host: localhost:9000
Accept-Encoding: gzip, deflate
Content-Length: 6298
Content-Type: application/json
*************************************
*************************************
Datetime: 2019-05-17T12:51:17.753996
Authorization: Basic ZG1hcnRpbjoxNipsb2NhdGVkKkZJUkUqbmluZQ==
Cache-Control: no-cache
Accept: */*
User-Agent: PostmanRuntime/7.6.0
Connection: keep-alive
Postman-Token: 6c2ed31b-5b98-4b1c-b70c-a3dc5609517f
Host: localhost:9000
Accept-Encoding: gzip, deflate
Content-Length: 6298
Content-Type: application/json
*************************************
*************************************
Datetime: 2019-05-17T12:51:26.336258
Authorization: Basic ZG1hcnRpbjoxNipsb2NhdGVkKkZJUkUqbmluZQ==
Cache-Control: no-cache
Accept: */*
User-Agent: PostmanRuntime/7.6.0
Connection: keep-alive
Postman-Token: 248c01e0-3a34-41dc-aa43-44109fb4f137
Host: localhost:9000
Accept-Encoding: gzip, deflate
Content-Length: 6298
Content-Type: application/json
*************************************
*************************************
Datetime: 2019-05-17T12:53:59.263435
Authorization: Basic ZG1hcnRpbjoxNipsb2NhdGVkKkZJUkUqbmluZQ==
Cache-Control: no-cache
Accept: */*
User-Agent: PostmanRuntime/7.6.0
Connection: keep-alive
Postman-Token: 91e9f06b-8859-4e2d-9103-c6eef0fa497d
Host: localhost:9000
Accept-Encoding: gzip, deflate
Content-Length: 6298
Content-Type: application/json
*************************************
*************************************
Datetime: 2019-05-17T12:54:54.119799
Authorization: Basic ZG1hcnRpbjoxNipsb2NhdGVkKkZJUkUqbmluZQ==
Cache-Control: no-cache
Accept: */*
User-Agent: PostmanRuntime/7.6.0
Connection: keep-alive
Postman-Token: d9984242-8c27-4578-ba15-9078751a50f3
Host: localhost:9000
Accept-Encoding: gzip, deflate
Content-Length: 6298
Content-Type: application/json
*************************************
*************************************
Datetime: 2019-05-17T12:55:25.459137
Authorization: Basic ZG1hcnRpbjoxNipsb2NhdGVkKkZJUkUqbmluZQ==
Cache-Control: no-cache
Accept: */*
User-Agent: PostmanRuntime/7.6.0
Connection: keep-alive
Postman-Token: d682dfa2-db01-4fed-8259-8505b2a9c2df
Host: localhost:9000
Accept-Encoding: gzip, deflate
Content-Length: 6298
Content-Type: application/json
*************************************
*************************************
Datetime: 2019-05-17T12:57:14.153835
Authorization: Basic ZG1hcnRpbjoxNipsb2NhdGVkKkZJUkUqbmluZQ==
Cache-Control: no-cache
Accept: */*
User-Agent: PostmanRuntime/7.6.0
Connection: keep-alive
Postman-Token: 23bd3f32-2573-42ec-b729-6cd9d8aa2153
Host: localhost:9000
Accept-Encoding: gzip, deflate
Content-Length: 6298
Content-Type: application/json
*************************************
*************************************
Datetime: 2019-05-17T12:57:21.662606
Authorization: Basic ZG1hcnRpbjoxNipsb2NhdGVkKkZJUkUqbmluZQ==
Cache-Control: no-cache
Accept: */*
User-Agent: PostmanRuntime/7.6.0
Connection: keep-alive
Postman-Token: d70e3b34-b898-4395-8770-36f1117269df
Host: localhost:9000
Accept-Encoding: gzip, deflate
Content-Length: 6298
Content-Type: application/json
*************************************
*************************************
Datetime: 2019-05-17T12:59:33.597594
Authorization: Basic ZG1hcnRpbjoxNipsb2NhdGVkKkZJUkUqbmluZQ==
Cache-Control: no-cache
Accept: */*
User-Agent: PostmanRuntime/7.6.0
Connection: keep-alive
Postman-Token: f0bb2c48-5084-40ab-811b-5edf151ed6e8
Host: localhost:9000
Accept-Encoding: gzip, deflate
Content-Length: 6298
Content-Type: application/json
*************************************
*************************************
Datetime: 2019-05-17T12:59:34.236561
Authorization: Basic ZG1hcnRpbjoxNipsb2NhdGVkKkZJUkUqbmluZQ==
Cache-Control: no-cache
Accept: */*
User-Agent: PostmanRuntime/7.6.0
Connection: keep-alive
Postman-Token: 3009d52c-52db-42c5-8817-602cd00fbfa0
Host: localhost:9000
Accept-Encoding: gzip, deflate
Content-Length: 6298
Content-Type: application/json
*************************************
*************************************
Datetime: 2019-05-17T12:59:35.321241
Authorization: Basic ZG1hcnRpbjoxNipsb2NhdGVkKkZJUkUqbmluZQ==
Cache-Control: no-cache
Accept: */*
User-Agent: PostmanRuntime/7.6.0
Connection: keep-alive
Postman-Token: ba485b41-654d-4540-9d84-c8078c2362d1
Host: localhost:9000
Accept-Encoding: gzip, deflate
Content-Length: 6298
Content-Type: application/json
*************************************
*************************************
Datetime: 2019-05-17T12:59:36.041642
Authorization: Basic ZG1hcnRpbjoxNipsb2NhdGVkKkZJUkUqbmluZQ==
Cache-Control: no-cache
Accept: */*
User-Agent: PostmanRuntime/7.6.0
Connection: keep-alive
Postman-Token: 34a4d64e-6172-4845-b1a2-583de88cf183
Host: localhost:9000
Accept-Encoding: gzip, deflate
Content-Length: 6298
Content-Type: application/json
*************************************
*************************************
Datetime: 2019-05-17T12:59:36.418887
Authorization: Basic ZG1hcnRpbjoxNipsb2NhdGVkKkZJUkUqbmluZQ==
Cache-Control: no-cache
Accept: */*
User-Agent: PostmanRuntime/7.6.0
Connection: keep-alive
Postman-Token: d5a0d682-df13-4a6a-8c55-5138ba427c6f
Host: localhost:9000
Accept-Encoding: gzip, deflate
Content-Length: 6298
Content-Type: application/json
*************************************
*************************************
Datetime: 2019-05-17T13:41:03.219605
Authorization: Basic ZG1hcnRpbjoxNipsb2NhdGVkKkZJUkUqbmluZQ==
Cache-Control: no-cache
Accept: */*
User-Agent: PostmanRuntime/7.6.0
Connection: keep-alive
Postman-Token: 0b523d46-5570-4713-8ffe-32ff1046b591
Host: localhost:9000
Accept-Encoding: gzip, deflate
Content-Length: 7201
Content-Type: application/xml
*************************************
*************************************
Datetime: 2019-05-17T13:46:45.875208
Authorization: Basic ZG1hcnRpbjoxNipsb2NhdGVkKkZJUkUqbmluZQ==
Cache-Control: no-cache
Accept: */*
User-Agent: PostmanRuntime/7.6.0
Connection: keep-alive
Postman-Token: fdd8e652-bd83-4640-8386-5e60a3071975
Host: localhost:9000
Accept-Encoding: gzip, deflate
Content-Length: 24319
Content-Type: application/xml
*************************************
*************************************
Datetime: 2019-05-17T13:47:22.373132
Authorization: Basic ZG1hcnRpbjoxNipsb2NhdGVkKkZJUkUqbmluZQ==
Cache-Control: no-cache
Accept: */*
User-Agent: PostmanRuntime/7.6.0
Connection: keep-alive
Postman-Token: 0309e81b-0315-4ed8-a8a3-f47b16b3721d
Host: localhost:9000
Accept-Encoding: gzip, deflate
Content-Length: 9238
Content-Type: application/xml
*************************************
*************************************
Datetime: 2019-05-17T13:49:54.416582
Authorization: Basic ZG1hcnRpbjoxNipsb2NhdGVkKkZJUkUqbmluZQ==
Cache-Control: no-cache
Accept: */*
User-Agent: PostmanRuntime/7.6.0
Connection: keep-alive
Postman-Token: 071058ea-2e07-4bc1-aa4f-79ec454dd37f
Host: localhost:9000
Accept-Encoding: gzip, deflate
Content-Length: 9238
Content-Type: application/xml
*************************************
*************************************
Datetime: 2019-05-17T13:50:42.529651
Authorization: Basic ZG1hcnRpbjoxNipsb2NhdGVkKkZJUkUqbmluZQ==
Cache-Control: no-cache
Accept: */*
User-Agent: PostmanRuntime/7.6.0
Connection: keep-alive
Postman-Token: 17e3af5b-8581-44a7-8f11-fc4cb85fd815
Host: localhost:9000
Accept-Encoding: gzip, deflate
Content-Length: 9238
Content-Type: application/xml
*************************************
*************************************
Datetime: 2019-05-17T13:53:57.152168
Authorization: Basic ZG1hcnRpbjoxNipsb2NhdGVkKkZJUkUqbmluZQ==
Cache-Control: no-cache
Accept: */*
User-Agent: PostmanRuntime/7.6.0
Connection: keep-alive
Postman-Token: e90c8473-d366-4d19-8746-1a5827f00c09
Host: localhost:9000
Accept-Encoding: gzip, deflate
Content-Length: 9238
Content-Type: application/xml
*************************************
*************************************
Datetime: 2019-05-17T13:59:02.883900
Authorization: Basic ZG1hcnRpbjoxNipsb2NhdGVkKkZJUkUqbmluZQ==
Cache-Control: no-cache
Accept: */*
User-Agent: PostmanRuntime/7.6.0
Connection: keep-alive
Postman-Token: 444400ef-aa54-4357-8108-7481c6ebb7ac
Host: localhost:9000
Accept-Encoding: gzip, deflate
Content-Length: 9238
Content-Type: application/xml
*************************************
*************************************
Datetime: 2019-05-17T13:59:19.682643
Authorization: Basic ZG1hcnRpbjoxNipsb2NhdGVkKkZJUkUqbmluZQ==
Cache-Control: no-cache
Accept: */*
User-Agent: PostmanRuntime/7.6.0
Connection: keep-alive
Postman-Token: 707aa5f0-4467-4507-84d6-9929c287431f
Host: localhost:9000
Accept-Encoding: gzip, deflate
Content-Length: 9244
Content-Type: application/xml
*************************************
*************************************
Datetime: 2019-05-17T14:05:47.602124
Authorization: Basic ZG1hcnRpbjoxNipsb2NhdGVkKkZJUkUqbmluZQ==
Cache-Control: no-cache
Accept: */*
User-Agent: PostmanRuntime/7.6.0
Connection: keep-alive
Postman-Token: 3140c69b-9645-45e0-bb31-fb777fd42b7b
Host: localhost:9000
Accept-Encoding: gzip, deflate
Content-Length: 19546
Content-Type: application/json
*************************************
*************************************
Datetime: 2019-05-17T14:34:34.943511
Authorization: Basic ZG1hcnRpbjoxNipsb2NhdGVkKkZJUkUqbmluZQ==
Cache-Control: no-cache
Accept: */*
User-Agent: PostmanRuntime/7.6.0
Connection: keep-alive
Postman-Token: d3b85384-e78a-4ebd-953c-425289df3f6c
Host: localhost:9000
Accept-Encoding: gzip, deflate
Content-Length: 9239
Content-Type: application/xml
*************************************
*************************************
Datetime: 2019-05-17T14:37:02.409753
Authorization: Basic ZG1hcnRpbjoxNipsb2NhdGVkKkZJUkUqbmluZQ==
Cache-Control: no-cache
Accept: */*
User-Agent: PostmanRuntime/7.6.0
Connection: keep-alive
Postman-Token: fa93b4b6-3366-4a57-b6a2-1fa3f5d8403a
Host: localhost:9000
Accept-Encoding: gzip, deflate
Content-Length: 9138
Content-Type: application/xml
*************************************
*************************************
Datetime: 2019-05-17T16:39:03.367453
Authorization: Basic ZG1hcnRpbjoxNipsb2NhdGVkKkZJUkUqbmluZQ==
Cache-Control: no-cache
Accept: */*
User-Agent: PostmanRuntime/7.6.0
Connection: keep-alive
Postman-Token: fb185342-9bda-4cab-ac0e-9b8ed157d791
Host: localhost:9000
Accept-Encoding: gzip, deflate
Content-Length: 9138
Content-Type: application/xml
*************************************
*************************************
Datetime: 2019-05-17T16:39:47.035686
Authorization: Basic ZG1hcnRpbjoxNipsb2NhdGVkKkZJUkUqbmluZQ==
Cache-Control: no-cache
Accept: */*
User-Agent: PostmanRuntime/7.6.0
Connection: keep-alive
Postman-Token: b24f2adc-9bde-4ed1-b52d-c04a9ef9ae31
Host: localhost:9000
Accept-Encoding: gzip, deflate
Content-Length: 9133
Content-Type: application/xml
*************************************
*************************************
Datetime: 2019-05-17T16:46:05.249083
Authorization: Basic ZG1hcnRpbjoxNipsb2NhdGVkKkZJUkUqbmluZQ==
Cache-Control: no-cache
Accept: */*
User-Agent: PostmanRuntime/7.6.0
Connection: keep-alive
Postman-Token: 021c376f-3af3-412b-bcc2-ac19590ee0ba
Host: localhost:9000
Accept-Encoding: gzip, deflate
Content-Length: 9133
Content-Type: application/xml
*************************************
*************************************
Datetime: 2019-05-17T16:46:37.181100
Authorization: Basic ZG1hcnRpbjoxNipsb2NhdGVkKkZJUkUqbmluZQ==
Cache-Control: no-cache
Accept: */*
User-Agent: PostmanRuntime/7.6.0
Connection: keep-alive
Postman-Token: 9087e583-e421-4564-ae8a-4c7bdc05d53e
Host: localhost:9000
Accept-Encoding: gzip, deflate
Content-Length: 9133
Content-Type: application/xml
*************************************
*************************************
Datetime: 2019-05-17T16:59:43.860969
Authorization: Basic ZG1hcnRpbjoxNipsb2NhdGVkKkZJUkUqbmluZQ==
Cache-Control: no-cache
Accept: */*
User-Agent: PostmanRuntime/7.6.0
Connection: keep-alive
Postman-Token: 0c755715-8926-4a4d-b1ba-d0160fec8ede
Host: localhost:9000
Accept-Encoding: gzip, deflate
Content-Length: 6389
Content-Type: application/json
*************************************
*************************************
Datetime: 2019-05-17T17:02:26.038755
Authorization: Basic ZG1hcnRpbjoxNipsb2NhdGVkKkZJUkUqbmluZQ==
Cache-Control: no-cache
Accept: */*
User-Agent: PostmanRuntime/7.6.0
Connection: keep-alive
Postman-Token: fc61ed27-7975-4aed-bc0a-fd1b6b84caf9
Host: localhost:8443
Accept-Encoding: gzip, deflate
Content-Length: 9133
Content-Type: application/xml
*************************************
*************************************
Datetime: 2019-05-17T17:02:31.607377
Authorization: Basic ZG1hcnRpbjoxNipsb2NhdGVkKkZJUkUqbmluZQ==
Cache-Control: no-cache
Accept: */*
User-Agent: PostmanRuntime/7.6.0
Connection: keep-alive
Postman-Token: 4a1f2018-7db6-422e-8b1e-95964fb496bc
Host: localhost:8443
Accept-Encoding: gzip, deflate
Content-Length: 19546
Content-Type: application/json
*************************************
*************************************
Datetime: 2019-05-17T17:02:37.029523
Authorization: Basic ZG1hcnRpbjoxNipsb2NhdGVkKkZJUkUqbmluZQ==
Cache-Control: no-cache
Accept: */*
User-Agent: PostmanRuntime/7.6.0
Connection: keep-alive
Postman-Token: baa0b23d-ead6-4049-8c6a-4c85b650e26b
Host: localhost:8443
Accept-Encoding: gzip, deflate
Content-Length: 6389
Content-Type: application/json
*************************************
*************************************
Datetime: 2019-05-17T17:02:37.688783
Authorization: Basic ZG1hcnRpbjoxNipsb2NhdGVkKkZJUkUqbmluZQ==
Cache-Control: no-cache
Accept: */*
User-Agent: PostmanRuntime/7.6.0
Connection: keep-alive
Postman-Token: dd0bb0f5-bacb-44e6-853c-96e4081a8a09
Host: localhost:8443
Accept-Encoding: gzip, deflate
Content-Length: 6389
Content-Type: application/json
*************************************
*************************************
Datetime: 2019-05-17T17:02:38.295297
Authorization: Basic ZG1hcnRpbjoxNipsb2NhdGVkKkZJUkUqbmluZQ==
Cache-Control: no-cache
Accept: */*
User-Agent: PostmanRuntime/7.6.0
Connection: keep-alive
Postman-Token: 83916598-4047-47f8-96e3-4ef353a031dc
Host: localhost:8443
Accept-Encoding: gzip, deflate
Content-Length: 6389
Content-Type: application/json
*************************************
*************************************
Datetime: 2019-05-17T17:02:38.881896
Authorization: Basic ZG1hcnRpbjoxNipsb2NhdGVkKkZJUkUqbmluZQ==
Cache-Control: no-cache
Accept: */*
User-Agent: PostmanRuntime/7.6.0
Connection: keep-alive
Postman-Token: 9fd53100-3372-4ccd-a677-64b1b8c58a0f
Host: localhost:8443
Accept-Encoding: gzip, deflate
Content-Length: 6389
Content-Type: application/json
*************************************
