*************************************
Datetime: 2019-05-06T12:02:52.239547
Origin: null
Access-Control-Request-Method: POST
Accept: */*
Access-Control-Request-Headers: access-control-allow-headers,authorization,content-type
Connection: keep-alive
User-Agent: Mozilla/5.0 (Macintosh; Intel Mac OS X 10_14_4) AppleWebKit/537.36 (KHTML, like Gecko) Chrome/74.0.3729.131 Safari/537.36
Host: localhost:9000
Accept-Encoding: gzip, deflate, br
Accept-Language: en-US,en;q=0.9
*************************************
*************************************
Datetime: 2019-05-06T12:02:55.941704
Origin: null
Access-Control-Request-Method: POST
Accept: */*
Access-Control-Request-Headers: access-control-allow-headers,authorization,content-type
Connection: keep-alive
User-Agent: Mozilla/5.0 (Macintosh; Intel Mac OS X 10_14_4) AppleWebKit/537.36 (KHTML, like Gecko) Chrome/74.0.3729.131 Safari/537.36
Host: localhost:9000
Accept-Encoding: gzip, deflate, br
Accept-Language: en-US,en;q=0.9
*************************************
*************************************
Datetime: 2019-05-06T12:02:56.100981
Origin: null
Access-Control-Request-Method: POST
Accept: */*
Access-Control-Request-Headers: access-control-allow-headers,authorization,content-type
Connection: keep-alive
User-Agent: Mozilla/5.0 (Macintosh; Intel Mac OS X 10_14_4) AppleWebKit/537.36 (KHTML, like Gecko) Chrome/74.0.3729.131 Safari/537.36
Host: localhost:9000
Accept-Encoding: gzip, deflate, br
Accept-Language: en-US,en;q=0.9
*************************************
*************************************
Datetime: 2019-05-06T12:02:56.271364
Origin: null
Access-Control-Request-Method: POST
Accept: */*
Access-Control-Request-Headers: access-control-allow-headers,authorization,content-type
Connection: keep-alive
User-Agent: Mozilla/5.0 (Macintosh; Intel Mac OS X 10_14_4) AppleWebKit/537.36 (KHTML, like Gecko) Chrome/74.0.3729.131 Safari/537.36
Host: localhost:9000
Accept-Encoding: gzip, deflate, br
Accept-Language: en-US,en;q=0.9
*************************************
*************************************
Datetime: 2019-05-06T12:02:56.430402
Origin: null
Access-Control-Request-Method: POST
Accept: */*
Access-Control-Request-Headers: access-control-allow-headers,authorization,content-type
Connection: keep-alive
User-Agent: Mozilla/5.0 (Macintosh; Intel Mac OS X 10_14_4) AppleWebKit/537.36 (KHTML, like Gecko) Chrome/74.0.3729.131 Safari/537.36
Host: localhost:9000
Accept-Encoding: gzip, deflate, br
Accept-Language: en-US,en;q=0.9
*************************************
*************************************
Datetime: 2019-05-06T12:24:24.914870
Origin: null
Access-Control-Request-Method: POST
Accept: */*
Access-Control-Request-Headers: access-control-allow-headers,authorization,content-type
Connection: keep-alive
User-Agent: Mozilla/5.0 (Macintosh; Intel Mac OS X 10_14_4) AppleWebKit/537.36 (KHTML, like Gecko) Chrome/74.0.3729.131 Safari/537.36
Host: localhost:9000
Accept-Encoding: gzip, deflate, br
Accept-Language: en-US,en;q=0.9
*************************************
*************************************
Datetime: 2019-05-06T12:24:25.558669
Origin: null
Access-Control-Request-Method: POST
Accept: */*
Access-Control-Request-Headers: access-control-allow-headers,authorization,content-type
Connection: keep-alive
User-Agent: Mozilla/5.0 (Macintosh; Intel Mac OS X 10_14_4) AppleWebKit/537.36 (KHTML, like Gecko) Chrome/74.0.3729.131 Safari/537.36
Host: localhost:9000
Accept-Encoding: gzip, deflate, br
Accept-Language: en-US,en;q=0.9
*************************************
*************************************
Datetime: 2019-05-06T12:24:26.272627
Origin: null
Access-Control-Request-Method: POST
Accept: */*
Access-Control-Request-Headers: access-control-allow-headers,authorization,content-type
Connection: keep-alive
User-Agent: Mozilla/5.0 (Macintosh; Intel Mac OS X 10_14_4) AppleWebKit/537.36 (KHTML, like Gecko) Chrome/74.0.3729.131 Safari/537.36
Host: localhost:9000
Accept-Encoding: gzip, deflate, br
Accept-Language: en-US,en;q=0.9
*************************************
*************************************
Datetime: 2019-05-06T12:24:26.505504
Origin: null
Access-Control-Request-Method: POST
Accept: */*
Access-Control-Request-Headers: access-control-allow-headers,authorization,content-type
Connection: keep-alive
User-Agent: Mozilla/5.0 (Macintosh; Intel Mac OS X 10_14_4) AppleWebKit/537.36 (KHTML, like Gecko) Chrome/74.0.3729.131 Safari/537.36
Host: localhost:9000
Accept-Encoding: gzip, deflate, br
Accept-Language: en-US,en;q=0.9
*************************************
*************************************
Datetime: 2019-05-06T12:24:26.714369
Origin: null
Access-Control-Request-Method: POST
Accept: */*
Access-Control-Request-Headers: access-control-allow-headers,authorization,content-type
Connection: keep-alive
User-Agent: Mozilla/5.0 (Macintosh; Intel Mac OS X 10_14_4) AppleWebKit/537.36 (KHTML, like Gecko) Chrome/74.0.3729.131 Safari/537.36
Host: localhost:9000
Accept-Encoding: gzip, deflate, br
Accept-Language: en-US,en;q=0.9
*************************************
*************************************
Datetime: 2019-05-06T14:29:31.747723
Authorization: Basic ZG1hcnRpbjoxNipsb2NhdGVkKkZJUkUqbmluZQ==
Cache-Control: no-cache
Accept: */*
User-Agent: PostmanRuntime/7.6.0
Connection: keep-alive
Postman-Token: fc29dbe1-d930-49db-91b2-79a6cc165367
Host: localhost:9000
Accept-Encoding: gzip, deflate
Content-Length: 24319
Content-Type: application/xml
*************************************
*************************************
Datetime: 2019-05-06T14:29:44.355375
Authorization: Basic ZG1hcnRpbjoxNipsb2NhdGVkKkZJUkUqbmluZQ==
Cache-Control: no-cache
Accept: */*
User-Agent: PostmanRuntime/7.6.0
Connection: keep-alive
Postman-Token: d441217e-cec3-4816-a50f-a3f42b0cd37f
Host: localhost:9000
Accept-Encoding: gzip, deflate
Content-Length: 24319
Content-Type: application/xml
*************************************
*************************************
Datetime: 2019-05-06T14:29:45.422998
Authorization: Basic ZG1hcnRpbjoxNipsb2NhdGVkKkZJUkUqbmluZQ==
Cache-Control: no-cache
Accept: */*
User-Agent: PostmanRuntime/7.6.0
Connection: keep-alive
Postman-Token: cadf9a9e-e9f2-4e53-8b9a-24b44a1a26cd
Host: localhost:9000
Accept-Encoding: gzip, deflate
Content-Length: 24319
Content-Type: application/xml
*************************************
*************************************
Datetime: 2019-05-06T14:32:43.724991
Authorization: Basic ZG1hcnRpbjoxNipsb2NhdGVkKkZJUkUqbmluZQ==
Cache-Control: no-cache
Accept: */*
User-Agent: PostmanRuntime/7.6.0
Connection: keep-alive
Postman-Token: 8ecfa547-b2e1-400b-9f61-f10eede219e8
Host: localhost:9000
Accept-Encoding: gzip, deflate
Content-Length: 24319
Content-Type: application/xml
*************************************
*************************************
Datetime: 2019-05-06T14:32:44.164961
Authorization: Basic ZG1hcnRpbjoxNipsb2NhdGVkKkZJUkUqbmluZQ==
Cache-Control: no-cache
Accept: */*
User-Agent: PostmanRuntime/7.6.0
Connection: keep-alive
Postman-Token: 453f6dc7-f5aa-4b14-866f-875faccc3d97
Host: localhost:9000
Accept-Encoding: gzip, deflate
Content-Length: 24319
Content-Type: application/xml
*************************************
*************************************
Datetime: 2019-05-06T14:32:44.966036
Authorization: Basic ZG1hcnRpbjoxNipsb2NhdGVkKkZJUkUqbmluZQ==
Cache-Control: no-cache
Accept: */*
User-Agent: PostmanRuntime/7.6.0
Connection: keep-alive
Postman-Token: 435dc1e9-6f4f-434f-89a6-735520dbbe78
Host: localhost:9000
Accept-Encoding: gzip, deflate
Content-Length: 24319
Content-Type: application/xml
*************************************
*************************************
Datetime: 2019-05-06T14:32:45.662976
Authorization: Basic ZG1hcnRpbjoxNipsb2NhdGVkKkZJUkUqbmluZQ==
Cache-Control: no-cache
Accept: */*
User-Agent: PostmanRuntime/7.6.0
Connection: keep-alive
Postman-Token: 86f0ceb8-2e8a-4c77-a7ba-834b557f23ce
Host: localhost:9000
Accept-Encoding: gzip, deflate
Content-Length: 24319
Content-Type: application/xml
*************************************
*************************************
Datetime: 2019-05-06T14:32:46.360414
Authorization: Basic ZG1hcnRpbjoxNipsb2NhdGVkKkZJUkUqbmluZQ==
Cache-Control: no-cache
Accept: */*
User-Agent: PostmanRuntime/7.6.0
Connection: keep-alive
Postman-Token: 4e2f2ec4-878e-4a76-9596-c30f08ddfa5f
Host: localhost:9000
Accept-Encoding: gzip, deflate
Content-Length: 24319
Content-Type: application/xml
*************************************
*************************************
Datetime: 2019-05-06T14:32:47.042655
Authorization: Basic ZG1hcnRpbjoxNipsb2NhdGVkKkZJUkUqbmluZQ==
Cache-Control: no-cache
Accept: */*
User-Agent: PostmanRuntime/7.6.0
Connection: keep-alive
Postman-Token: e6e80cd4-3527-4606-ab48-b7ed9d3249c2
Host: localhost:9000
Accept-Encoding: gzip, deflate
Content-Length: 24319
Content-Type: application/xml
*************************************
*************************************
Datetime: 2019-05-06T15:05:25.486471
Origin: null
Access-Control-Request-Method: POST
Accept: */*
Access-Control-Request-Headers: access-control-allow-headers,authorization,content-type
Connection: keep-alive
User-Agent: Mozilla/5.0 (Macintosh; Intel Mac OS X 10_14_4) AppleWebKit/537.36 (KHTML, like Gecko) Chrome/74.0.3729.131 Safari/537.36
Host: localhost:9000
Accept-Encoding: gzip, deflate, br
Accept-Language: en-US,en;q=0.9
*************************************
*************************************
Datetime: 2019-05-06T15:07:06.603635
Origin: null
Access-Control-Request-Method: POST
Accept: */*
Access-Control-Request-Headers: access-control-allow-headers,authorization,content-type
Connection: keep-alive
User-Agent: Mozilla/5.0 (Macintosh; Intel Mac OS X 10_14_4) AppleWebKit/537.36 (KHTML, like Gecko) Chrome/74.0.3729.131 Safari/537.36
Host: localhost:9000
Accept-Encoding: gzip, deflate, br
Accept-Language: en-US,en;q=0.9
*************************************
*************************************
Datetime: 2019-05-06T15:07:07.083967
Origin: null
Access-Control-Request-Method: POST
Accept: */*
Access-Control-Request-Headers: access-control-allow-headers,authorization,content-type
Connection: keep-alive
User-Agent: Mozilla/5.0 (Macintosh; Intel Mac OS X 10_14_4) AppleWebKit/537.36 (KHTML, like Gecko) Chrome/74.0.3729.131 Safari/537.36
Host: localhost:9000
Accept-Encoding: gzip, deflate, br
Accept-Language: en-US,en;q=0.9
*************************************
*************************************
Datetime: 2019-05-06T15:07:07.565007
Origin: null
Access-Control-Request-Method: POST
Accept: */*
Access-Control-Request-Headers: access-control-allow-headers,authorization,content-type
Connection: keep-alive
User-Agent: Mozilla/5.0 (Macintosh; Intel Mac OS X 10_14_4) AppleWebKit/537.36 (KHTML, like Gecko) Chrome/74.0.3729.131 Safari/537.36
Host: localhost:9000
Accept-Encoding: gzip, deflate, br
Accept-Language: en-US,en;q=0.9
*************************************
*************************************
Datetime: 2019-05-06T15:07:08.112075
Origin: null
Access-Control-Request-Method: POST
Accept: */*
Access-Control-Request-Headers: access-control-allow-headers,authorization,content-type
Connection: keep-alive
User-Agent: Mozilla/5.0 (Macintosh; Intel Mac OS X 10_14_4) AppleWebKit/537.36 (KHTML, like Gecko) Chrome/74.0.3729.131 Safari/537.36
Host: localhost:9000
Accept-Encoding: gzip, deflate, br
Accept-Language: en-US,en;q=0.9
*************************************
*************************************
Datetime: 2019-05-06T15:07:08.328786
Origin: null
Access-Control-Request-Method: POST
Accept: */*
Access-Control-Request-Headers: access-control-allow-headers,authorization,content-type
Connection: keep-alive
User-Agent: Mozilla/5.0 (Macintosh; Intel Mac OS X 10_14_4) AppleWebKit/537.36 (KHTML, like Gecko) Chrome/74.0.3729.131 Safari/537.36
Host: localhost:9000
Accept-Encoding: gzip, deflate, br
Accept-Language: en-US,en;q=0.9
*************************************
*************************************
Datetime: 2019-05-06T15:07:08.521508
Origin: null
Access-Control-Request-Method: POST
Accept: */*
Access-Control-Request-Headers: access-control-allow-headers,authorization,content-type
Connection: keep-alive
User-Agent: Mozilla/5.0 (Macintosh; Intel Mac OS X 10_14_4) AppleWebKit/537.36 (KHTML, like Gecko) Chrome/74.0.3729.131 Safari/537.36
Host: localhost:9000
Accept-Encoding: gzip, deflate, br
Accept-Language: en-US,en;q=0.9
*************************************
