*************************************
Datetime: 2019-03-23T13:59:57.920275
RootNode: Hotel
Cache-Control: no-cache
Accept: */*
User-Agent: PostmanRuntime/7.6.0
Connection: keep-alive
Postman-Token: a7e3babe-93f0-4b6b-8911-43d321d7c0e1
Host: localhost:9000
Accept-Encoding: gzip, deflate
Content-Length: 44283
Content-Type: application/json
*************************************
*************************************
Datetime: 2019-03-23T14:25:27.170164
RootNode: Hotel
Cache-Control: no-cache
Accept: */*
User-Agent: PostmanRuntime/7.6.0
Connection: keep-alive
Postman-Token: 330842c2-ae40-4eae-bd23-c541f04a91b2
Host: localhost:9000
Accept-Encoding: gzip, deflate
Content-Length: 44283
Content-Type: application/json
*************************************
*************************************
Datetime: 2019-03-23T14:27:03.911934
RootNode: Hotel
Cache-Control: no-cache
Accept: */*
User-Agent: PostmanRuntime/7.6.0
Connection: keep-alive
Postman-Token: 90732fdf-0e3a-465c-acdc-ccc315ae2442
Host: localhost:9000
Accept-Encoding: gzip, deflate
Content-Length: 44283
Content-Type: application/json
*************************************
*************************************
Datetime: 2019-03-23T14:29:26.731213
RootNode: Hotel
Cache-Control: no-cache
Accept: */*
User-Agent: PostmanRuntime/7.6.0
Connection: keep-alive
Postman-Token: 71fcd13c-ce10-4fa7-8a0c-37ca12aa1fae
Host: localhost:9000
Accept-Encoding: gzip, deflate
Content-Length: 44283
Content-Type: application/json
*************************************
*************************************
Datetime: 2019-03-23T14:30:36.807666
RootNode: Hotel
Cache-Control: no-cache
Accept: */*
User-Agent: PostmanRuntime/7.6.0
Connection: keep-alive
Postman-Token: 392ea26b-8a31-4c61-8317-3adbf5f619b7
Host: localhost:9000
Accept-Encoding: gzip, deflate
Content-Length: 44283
Content-Type: application/json
*************************************
*************************************
Datetime: 2019-03-23T14:34:15.758388
RootNode: Hotel
Cache-Control: no-cache
Accept: */*
User-Agent: PostmanRuntime/7.6.0
Connection: keep-alive
Postman-Token: af3a1064-badb-4f7d-98f0-0e9448609cd6
Host: localhost:9000
Accept-Encoding: gzip, deflate
Content-Length: 44283
Content-Type: application/json
*************************************
*************************************
Datetime: 2019-03-23T14:35:44.903538
RootNode: Hotel
Cache-Control: no-cache
Accept: */*
User-Agent: PostmanRuntime/7.6.0
Connection: keep-alive
Postman-Token: e610273d-089c-4331-901f-a916cc503193
Host: localhost:9000
Accept-Encoding: gzip, deflate
Content-Length: 44283
Content-Type: application/json
*************************************
*************************************
Datetime: 2019-03-23T14:39:00.413983
RootNode: Hotel
Cache-Control: no-cache
Accept: */*
User-Agent: PostmanRuntime/7.6.0
Connection: keep-alive
Postman-Token: afd5b5a5-0b0b-4ae5-a205-bb1e558181a4
Host: localhost:9000
Accept-Encoding: gzip, deflate
Content-Length: 44283
Content-Type: application/json
*************************************
*************************************
Datetime: 2019-03-23T14:39:52.500744
RootNode: Hotel
Cache-Control: no-cache
Accept: */*
User-Agent: PostmanRuntime/7.6.0
Connection: keep-alive
Postman-Token: 34be7023-ce33-445b-a5fe-56bbf11e0280
Host: localhost:9000
Accept-Encoding: gzip, deflate
Content-Length: 44283
Content-Type: application/json
*************************************
*************************************
Datetime: 2019-03-23T14:41:32.923311
RootNode: Hotel
Cache-Control: no-cache
Accept: */*
User-Agent: PostmanRuntime/7.6.0
Connection: keep-alive
Postman-Token: 6ab3fdf5-47c4-40e5-a997-8abfbc1bcb92
Host: localhost:9000
Accept-Encoding: gzip, deflate
Content-Length: 44283
Content-Type: application/json
*************************************
*************************************
Datetime: 2019-03-23T14:47:13.503470
RootNode: Hotel
Cache-Control: no-cache
Accept: */*
User-Agent: PostmanRuntime/7.6.0
Connection: keep-alive
Postman-Token: e2b78b05-9b41-4af0-a00f-490b93608bb5
Host: localhost:9000
Accept-Encoding: gzip, deflate
Content-Length: 44283
Content-Type: application/json
*************************************
*************************************
Datetime: 2019-03-23T14:51:10.087368
RootNode: Hotel
Cache-Control: no-cache
Accept: */*
User-Agent: PostmanRuntime/7.6.0
Connection: keep-alive
Postman-Token: b0c75f44-7bbf-4d82-a63b-831fd5f5927f
Host: localhost:9000
Accept-Encoding: gzip, deflate
Content-Length: 44283
Content-Type: application/json
*************************************
*************************************
Datetime: 2019-03-23T14:55:05.368691
RootNode: Hotel
Cache-Control: no-cache
Accept: */*
User-Agent: PostmanRuntime/7.6.0
Connection: keep-alive
Postman-Token: 94c56c69-ebf1-4415-8604-5ee3833d024f
Host: localhost:9000
Accept-Encoding: gzip, deflate
Content-Length: 44283
Content-Type: application/json
*************************************
*************************************
Datetime: 2019-03-23T14:55:53.292105
RootNode: Hotel
Cache-Control: no-cache
Accept: */*
User-Agent: PostmanRuntime/7.6.0
Connection: keep-alive
Postman-Token: 3dabe34f-1241-42ae-b770-0edec62ac720
Host: localhost:9000
Accept-Encoding: gzip, deflate
Content-Length: 44283
Content-Type: application/json
*************************************
*************************************
Datetime: 2019-03-23T14:56:52.175327
RootNode: Hotel
Cache-Control: no-cache
Accept: */*
User-Agent: PostmanRuntime/7.6.0
Connection: keep-alive
Postman-Token: c1d58107-71b1-4be9-a103-b40abe954275
Host: localhost:9000
Accept-Encoding: gzip, deflate
Content-Length: 44283
Content-Type: application/json
*************************************
*************************************
Datetime: 2019-03-23T14:57:14.886431
RootNode: Hotel
Cache-Control: no-cache
Accept: */*
User-Agent: PostmanRuntime/7.6.0
Connection: keep-alive
Postman-Token: 8315f454-4542-4807-8d40-258bb0ea85b4
Host: localhost:9000
Accept-Encoding: gzip, deflate
Content-Length: 44283
Content-Type: application/json
*************************************
*************************************
Datetime: 2019-03-23T15:00:16.084966
RootNode: Hotel
Cache-Control: no-cache
Accept: */*
User-Agent: PostmanRuntime/7.6.0
Connection: keep-alive
Postman-Token: c8c18f4f-a98b-4736-bbe8-0104b9322eac
Host: localhost:9000
Accept-Encoding: gzip, deflate
Content-Length: 44283
Content-Type: application/json
*************************************
*************************************
Datetime: 2019-03-23T15:02:09.485145
RootNode: Hotel
Cache-Control: no-cache
Accept: */*
User-Agent: PostmanRuntime/7.6.0
Connection: keep-alive
Postman-Token: 70d6d0b6-736c-48aa-8226-2e2d2e107b48
Host: localhost:9000
Accept-Encoding: gzip, deflate
Content-Length: 44283
Content-Type: application/json
*************************************
*************************************
Datetime: 2019-03-23T15:07:50.657219
RootNode: Hotel
Cache-Control: no-cache
Accept: */*
User-Agent: PostmanRuntime/7.6.0
Connection: keep-alive
Postman-Token: e6857c03-3d9b-44af-a8ba-72f4c0017817
Host: localhost:9000
Accept-Encoding: gzip, deflate
Content-Length: 44283
Content-Type: application/json
*************************************
*************************************
Datetime: 2019-03-23T15:09:59.350253
RootNode: Hotel
Cache-Control: no-cache
Accept: */*
User-Agent: PostmanRuntime/7.6.0
Connection: keep-alive
Postman-Token: 7c1cae61-8da6-4633-be84-5ec3f7009a9f
Host: localhost:9000
Accept-Encoding: gzip, deflate
Content-Length: 44283
Content-Type: application/json
*************************************
*************************************
Datetime: 2019-03-23T15:11:33.534785
RootNode: Hotel
Cache-Control: no-cache
Accept: */*
User-Agent: PostmanRuntime/7.6.0
Connection: keep-alive
Postman-Token: d39680c7-46ff-4137-bc03-be1ef71f6448
Host: localhost:9000
Accept-Encoding: gzip, deflate
Content-Length: 44283
Content-Type: application/json
*************************************
*************************************
Datetime: 2019-03-23T15:24:29.327707
RootNode: Hotel
Cache-Control: no-cache
Accept: */*
User-Agent: PostmanRuntime/7.6.0
Connection: keep-alive
Postman-Token: e9b29461-56f0-4d1d-80f7-11ba316d143c
Host: localhost:9000
Accept-Encoding: gzip, deflate
Content-Length: 44283
Content-Type: application/json
*************************************
*************************************
Datetime: 2019-03-23T15:27:41.070944
RootNode: Hotel
Cache-Control: no-cache
Accept: */*
User-Agent: PostmanRuntime/7.6.0
Connection: keep-alive
Postman-Token: 47b8b7d4-0997-4b7d-8592-825dd530e2b1
Host: localhost:9000
Accept-Encoding: gzip, deflate
Content-Length: 44283
Content-Type: application/json
*************************************
*************************************
Datetime: 2019-03-23T15:28:10.604235
RootNode: Hotel
Cache-Control: no-cache
Accept: */*
User-Agent: PostmanRuntime/7.6.0
Connection: keep-alive
Postman-Token: 858d18e8-96f4-47fb-a598-7aa431c671bb
Host: localhost:9000
Accept-Encoding: gzip, deflate
Content-Length: 44283
Content-Type: application/json
*************************************
*************************************
Datetime: 2019-03-23T15:34:53.427750
RootNode: Hotel
Cache-Control: no-cache
Accept: */*
User-Agent: PostmanRuntime/7.6.0
Connection: keep-alive
Postman-Token: 40b466f9-e6a2-4522-a8aa-70b1bdbc6395
Host: localhost:9000
Accept-Encoding: gzip, deflate
Content-Length: 44283
Content-Type: application/json
*************************************
*************************************
Datetime: 2019-03-23T15:39:07.317348
RootNode: Hotel
Cache-Control: no-cache
Accept: */*
User-Agent: PostmanRuntime/7.6.0
Connection: keep-alive
Postman-Token: 0d0d82d3-8600-46b6-8a69-bf35e72f933a
Host: localhost:9000
Accept-Encoding: gzip, deflate
Content-Length: 44283
Content-Type: application/json
*************************************
*************************************
Datetime: 2019-03-23T15:39:34.090733
RootNode: Hotel
Cache-Control: no-cache
Accept: */*
User-Agent: PostmanRuntime/7.6.0
Connection: keep-alive
Postman-Token: f54947af-f683-41e8-883a-6c047e39f17b
Host: localhost:9000
Accept-Encoding: gzip, deflate
Content-Length: 44283
Content-Type: application/json
*************************************
*************************************
Datetime: 2019-03-23T15:47:20.259378
RootNode: Hotel
Cache-Control: no-cache
Accept: */*
User-Agent: PostmanRuntime/7.6.0
Connection: keep-alive
Postman-Token: 084c6512-ae82-4625-b5d1-c9e960961f0f
Host: localhost:9000
Accept-Encoding: gzip, deflate
Content-Length: 44283
Content-Type: application/json
*************************************
*************************************
Datetime: 2019-03-23T16:00:53.214944
RootNode: Hotel
Cache-Control: no-cache
Accept: */*
User-Agent: PostmanRuntime/7.6.0
Connection: keep-alive
Postman-Token: 033d059a-6dd7-4bf2-954c-5233bf8ecbc7
Host: localhost:9000
Accept-Encoding: gzip, deflate
Content-Length: 44283
Content-Type: application/json
*************************************
*************************************
Datetime: 2019-03-23T16:01:35.205546
RootNode: Hotel
Cache-Control: no-cache
Accept: */*
User-Agent: PostmanRuntime/7.6.0
Connection: keep-alive
Postman-Token: b2750be9-b8f2-4d8a-a8ef-53584eb9bde4
Host: localhost:9000
Accept-Encoding: gzip, deflate
Content-Length: 44283
Content-Type: application/json
*************************************
*************************************
Datetime: 2019-03-23T16:02:02.575036
RootNode: Hotel
Cache-Control: no-cache
Accept: */*
User-Agent: PostmanRuntime/7.6.0
Connection: keep-alive
Postman-Token: bb5d033e-dd5c-43d6-bf4f-b09a81327533
Host: localhost:9000
Accept-Encoding: gzip, deflate
Content-Length: 44283
Content-Type: application/json
*************************************
*************************************
Datetime: 2019-03-23T16:05:48.225698
RootNode: Hotel
Cache-Control: no-cache
Accept: */*
User-Agent: PostmanRuntime/7.6.0
Connection: keep-alive
Postman-Token: 29223588-4a9d-496c-87d4-407c1d2378de
Host: localhost:9000
Accept-Encoding: gzip, deflate
Content-Length: 44283
Content-Type: application/json
*************************************
*************************************
Datetime: 2019-03-23T16:06:41.628545
RootNode: Hotel
Cache-Control: no-cache
Accept: */*
User-Agent: PostmanRuntime/7.6.0
Connection: keep-alive
Postman-Token: 775c439d-2873-4f6c-b90c-31155e80b826
Host: localhost:9000
Accept-Encoding: gzip, deflate
Content-Length: 44283
Content-Type: application/json
*************************************
*************************************
Datetime: 2019-03-23T16:10:54.084925
RootNode: Hotel
Cache-Control: no-cache
Accept: */*
User-Agent: PostmanRuntime/7.6.0
Connection: keep-alive
Postman-Token: 6d07dcf9-17b0-4b03-990a-17225486cc9a
Host: localhost:9000
Accept-Encoding: gzip, deflate
Content-Length: 44283
Content-Type: application/json
*************************************
*************************************
Datetime: 2019-03-23T16:18:09.539682
RootNode: Hotel
Cache-Control: no-cache
Accept: */*
User-Agent: PostmanRuntime/7.6.0
Connection: keep-alive
Postman-Token: f4f6be3a-0dbc-421c-b7f5-b55087d3e171
Host: localhost:9000
Accept-Encoding: gzip, deflate
Content-Length: 44283
Content-Type: application/json
*************************************
*************************************
Datetime: 2019-03-23T16:30:04.259800
RootNode: Hotel
Cache-Control: no-cache
Accept: */*
User-Agent: PostmanRuntime/7.6.0
Connection: keep-alive
Postman-Token: 20afe5a1-5ed3-45f3-92b6-bb5108bc08b6
Host: localhost:9000
Accept-Encoding: gzip, deflate
Content-Length: 44283
Content-Type: application/json
*************************************
*************************************
Datetime: 2019-03-23T16:31:19.694486
RootNode: Hotel
Cache-Control: no-cache
Accept: */*
User-Agent: PostmanRuntime/7.6.0
Connection: keep-alive
Postman-Token: 9f81211b-a3f5-4eb8-b3c9-b7812ea8e786
Host: localhost:9000
Accept-Encoding: gzip, deflate
Content-Length: 44283
Content-Type: application/json
*************************************
*************************************
Datetime: 2019-03-23T16:33:01.472598
RootNode: Hotel
Cache-Control: no-cache
Accept: */*
User-Agent: PostmanRuntime/7.6.0
Connection: keep-alive
Postman-Token: f42f33a1-96cb-4c9d-b64f-42dd9686d5f7
Host: localhost:9000
Accept-Encoding: gzip, deflate
Content-Length: 44283
Content-Type: application/json
*************************************
*************************************
Datetime: 2019-03-23T16:39:35.960974
RootNode: Hotel
Cache-Control: no-cache
Accept: */*
User-Agent: PostmanRuntime/7.6.0
Connection: keep-alive
Postman-Token: b9dba01b-553e-4ce3-b367-899d2a95afb5
Host: localhost:9000
Accept-Encoding: gzip, deflate
Content-Length: 44283
Content-Type: application/json
*************************************
*************************************
Datetime: 2019-03-23T16:40:23.833797
RootNode: Hotel
Cache-Control: no-cache
Accept: */*
User-Agent: PostmanRuntime/7.6.0
Connection: keep-alive
Postman-Token: 37d43918-c503-4dfd-9b16-47104d16e3ca
Host: localhost:9000
Accept-Encoding: gzip, deflate
Content-Length: 44283
Content-Type: application/json
*************************************
*************************************
Datetime: 2019-03-23T16:42:54.643048
RootNode: Hotel
Cache-Control: no-cache
Accept: */*
User-Agent: PostmanRuntime/7.6.0
Connection: keep-alive
Postman-Token: 4a32464f-d1a0-4927-9946-fbe2de842517
Host: localhost:9000
Accept-Encoding: gzip, deflate
Content-Length: 44283
Content-Type: application/json
*************************************
*************************************
Datetime: 2019-03-23T16:43:58.674060
RootNode: Hotel
Cache-Control: no-cache
Accept: */*
User-Agent: PostmanRuntime/7.6.0
Connection: keep-alive
Postman-Token: 8f3e2bdc-61cd-4bf1-8f61-774b806634ad
Host: localhost:9000
Accept-Encoding: gzip, deflate
Content-Length: 44283
Content-Type: application/json
*************************************
*************************************
Datetime: 2019-03-23T16:49:03.887358
RootNode: Hotel
Cache-Control: no-cache
Accept: */*
User-Agent: PostmanRuntime/7.6.0
Connection: keep-alive
Postman-Token: fc17315c-7ae6-49da-9f36-b16a847cfecb
Host: localhost:9000
Accept-Encoding: gzip, deflate
Content-Length: 44283
Content-Type: application/json
*************************************
*************************************
Datetime: 2019-03-23T16:53:39.482346
RootNode: Hotel
Cache-Control: no-cache
Accept: */*
User-Agent: PostmanRuntime/7.6.0
Connection: keep-alive
Postman-Token: 72e85b37-7ce0-4f5f-bd80-9e233d9f2a10
Host: localhost:9000
Accept-Encoding: gzip, deflate
Content-Length: 44283
Content-Type: application/json
*************************************
*************************************
Datetime: 2019-03-23T16:56:50.720727
RootNode: Hotel
Cache-Control: no-cache
Accept: */*
User-Agent: PostmanRuntime/7.6.0
Connection: keep-alive
Postman-Token: f8acf3d3-aae2-4174-a317-f7c1b651a7f8
Host: localhost:9000
Accept-Encoding: gzip, deflate
Content-Length: 44283
Content-Type: application/json
*************************************
*************************************
Datetime: 2019-03-23T17:04:15.192460
RootNode: Hotel
Cache-Control: no-cache
Accept: */*
User-Agent: PostmanRuntime/7.6.0
Connection: keep-alive
Postman-Token: 7e2961b0-614e-48b3-ac9e-8f943605c987
Host: localhost:9000
Accept-Encoding: gzip, deflate
Content-Length: 44283
Content-Type: application/json
*************************************
*************************************
Datetime: 2019-03-23T17:08:02.537422
RootNode: Hotel
Cache-Control: no-cache
Accept: */*
User-Agent: PostmanRuntime/7.6.0
Connection: keep-alive
Postman-Token: 25e52411-50e2-446f-a49c-aa0f7b10e7cb
Host: localhost:9000
Accept-Encoding: gzip, deflate
Content-Length: 44283
Content-Type: application/json
*************************************
*************************************
Datetime: 2019-03-23T17:08:39.187042
RootNode: Hotel
Cache-Control: no-cache
Accept: */*
User-Agent: PostmanRuntime/7.6.0
Connection: keep-alive
Postman-Token: 3aa74771-cda8-4491-bbe0-35e612fc980e
Host: localhost:9000
Accept-Encoding: gzip, deflate
Content-Length: 44283
Content-Type: application/json
*************************************
*************************************
Datetime: 2019-03-23T17:17:27.710217
RootNode: Hotel
Cache-Control: no-cache
Accept: */*
User-Agent: PostmanRuntime/7.6.0
Connection: keep-alive
Postman-Token: c2ee11e3-eb53-4434-a771-99912fc2ad23
Host: localhost:9000
Accept-Encoding: gzip, deflate
Content-Length: 44283
Content-Type: application/json
*************************************
*************************************
Datetime: 2019-03-23T17:17:47.433118
RootNode: Hotel
Cache-Control: no-cache
Accept: */*
User-Agent: PostmanRuntime/7.6.0
Connection: keep-alive
Postman-Token: b9dba00b-2192-41f9-8705-f7669b09f517
Host: localhost:9000
Accept-Encoding: gzip, deflate
Content-Length: 44283
Content-Type: application/json
*************************************
*************************************
Datetime: 2019-03-23T17:23:55.319485
RootNode: Hotel
Cache-Control: no-cache
Accept: */*
User-Agent: PostmanRuntime/7.6.0
Connection: keep-alive
Postman-Token: 1d96af59-df80-49b4-8e5a-fe40ac8719e5
Host: localhost:9000
Accept-Encoding: gzip, deflate
Content-Length: 44283
Content-Type: application/json
*************************************
