*************************************
Datetime: 2019-04-20T12:52:26.601986
variables: ?HotelProperName-?HotelStreetAddress-?AirportProperName
Cache-Control: no-cache
Accept: */*
User-Agent: PostmanRuntime/7.6.0
Connection: keep-alive
Postman-Token: f57ef57c-33f9-43af-85af-76968623952e
Host: localhost:9000
Accept-Encoding: gzip, deflate
Content-Length: 10327
Content-Type: text/plain
*************************************
*************************************
Datetime: 2019-04-20T13:03:11.452024
variables: ?HotelProperName-?HotelStreetAddress-?AirportProperName
Cache-Control: no-cache
Accept: */*
User-Agent: PostmanRuntime/7.6.0
Connection: keep-alive
Postman-Token: eff36409-f808-4245-a8f6-d0e3430b7511
Host: localhost:9000
Accept-Encoding: gzip, deflate
Content-Length: 10327
Content-Type: text/plain
*************************************
*************************************
Datetime: 2019-04-20T13:04:25.992545
variables: ?HotelProperName-?HotelStreetAddress-?AirportProperName
Cache-Control: no-cache
Accept: */*
User-Agent: PostmanRuntime/7.6.0
Connection: keep-alive
Postman-Token: 204547b6-0f52-4153-9ba7-c3693fa39609
Host: localhost:9000
Accept-Encoding: gzip, deflate
Content-Length: 10327
Content-Type: text/plain
*************************************
*************************************
Datetime: 2019-04-20T13:05:16.054098
variables: ?HotelProperName-?HotelStreetAddress-?AirportProperName
Cache-Control: no-cache
Accept: */*
User-Agent: PostmanRuntime/7.6.0
Connection: keep-alive
Postman-Token: 31ea2f5d-ae53-435b-b15f-7d5aed993825
Host: localhost:9000
Accept-Encoding: gzip, deflate
Content-Length: 10327
Content-Type: text/plain
*************************************
*************************************
Datetime: 2019-04-20T13:06:08.887984
variables: ?HotelProperName-?HotelStreetAddress-?AirportProperName
Cache-Control: no-cache
Accept: */*
User-Agent: PostmanRuntime/7.6.0
Connection: keep-alive
Postman-Token: 4567e653-ed88-45d4-982c-8c9307fc1968
Host: localhost:9000
Accept-Encoding: gzip, deflate
Content-Length: 10327
Content-Type: text/plain
*************************************
*************************************
Datetime: 2019-04-20T13:07:56.145416
variables: ?HotelProperName-?HotelStreetAddress-?AirportProperName
Cache-Control: no-cache
Accept: */*
User-Agent: PostmanRuntime/7.6.0
Connection: keep-alive
Postman-Token: b69f2103-4bd3-4f16-9e6d-97b1fe76e403
Host: localhost:9000
Accept-Encoding: gzip, deflate
Content-Length: 10327
Content-Type: text/plain
*************************************
*************************************
Datetime: 2019-04-20T13:08:27.388771
variables: ?HotelProperName-?HotelStreetAddress-?AirportProperName
Cache-Control: no-cache
Accept: */*
User-Agent: PostmanRuntime/7.6.0
Connection: keep-alive
Postman-Token: ca61cff5-9372-47cc-949e-307275b52bdc
Host: localhost:9000
Accept-Encoding: gzip, deflate
Content-Length: 10327
Content-Type: text/plain
*************************************
*************************************
Datetime: 2019-04-20T13:08:28.633569
variables: ?HotelProperName-?HotelStreetAddress-?AirportProperName
Cache-Control: no-cache
Accept: */*
User-Agent: PostmanRuntime/7.6.0
Connection: keep-alive
Postman-Token: f4a5ccdc-aee2-4360-86fc-f41ea60559fb
Host: localhost:9000
Accept-Encoding: gzip, deflate
Content-Length: 10327
Content-Type: text/plain
*************************************
*************************************
Datetime: 2019-04-20T13:10:11.281730
variables: ?HotelProperName-?HotelStreetAddress-?AirportProperName
Cache-Control: no-cache
Accept: */*
User-Agent: PostmanRuntime/7.6.0
Connection: keep-alive
Postman-Token: 24514c0c-d12e-4922-9694-954ca95c49e3
Host: localhost:9000
Accept-Encoding: gzip, deflate
Content-Length: 10327
Content-Type: text/plain
*************************************
*************************************
Datetime: 2019-04-20T13:10:35.028451
variables: ?HotelProperName-?HotelStreetAddress-?AirportProperName
Cache-Control: no-cache
Accept: */*
User-Agent: PostmanRuntime/7.6.0
Connection: keep-alive
Postman-Token: 27c4c347-a054-493b-88d7-348b80a6fc9b
Host: localhost:9000
Accept-Encoding: gzip, deflate
Content-Length: 10327
Content-Type: text/plain
*************************************
*************************************
Datetime: 2019-04-20T13:11:21.688979
variables: ?HotelProperName-?HotelStreetAddress-?AirportProperName
Cache-Control: no-cache
Accept: */*
User-Agent: PostmanRuntime/7.6.0
Connection: keep-alive
Postman-Token: cf299297-f331-4cb8-80b6-0cf78d3588fd
Host: localhost:9000
Accept-Encoding: gzip, deflate
Content-Length: 10327
Content-Type: text/plain
*************************************
*************************************
Datetime: 2019-04-20T13:17:50.750369
variables: ?HotelProperName-?HotelStreetAddress-?AirportProperName
Cache-Control: no-cache
Accept: */*
User-Agent: PostmanRuntime/7.6.0
Connection: keep-alive
Postman-Token: 5acf4fae-70ee-4706-a643-40770ec2084a
Host: localhost:9000
Accept-Encoding: gzip, deflate
Content-Length: 10327
Content-Type: text/plain
*************************************
*************************************
Datetime: 2019-04-20T13:18:32.939316
variables: ?HotelProperName-?HotelStreetAddress-?AirportProperName
Cache-Control: no-cache
Accept: */*
User-Agent: PostmanRuntime/7.6.0
Connection: keep-alive
Postman-Token: 57f291e3-fb05-473b-b067-0129db0fe223
Host: localhost:9000
Accept-Encoding: gzip, deflate
Content-Length: 10327
Content-Type: text/plain
*************************************
*************************************
Datetime: 2019-04-20T13:19:20.122087
variables: ?HotelProperName-?HotelStreetAddress-?AirportProperName
Cache-Control: no-cache
Accept: */*
User-Agent: PostmanRuntime/7.6.0
Connection: keep-alive
Postman-Token: 4a95706e-6692-46bf-871b-97d5d98248da
Host: localhost:9000
Accept-Encoding: gzip, deflate
Content-Length: 10327
Content-Type: text/plain
*************************************
*************************************
Datetime: 2019-04-20T13:20:34.994723
variables: ?HotelProperName-?HotelStreetAddress-?AirportProperName
Cache-Control: no-cache
Accept: */*
User-Agent: PostmanRuntime/7.6.0
Connection: keep-alive
Postman-Token: c936f4ef-a874-4508-83b7-d420b26baec3
Host: localhost:9000
Accept-Encoding: gzip, deflate
Content-Length: 10327
Content-Type: text/plain
*************************************
*************************************
Datetime: 2019-04-20T13:21:13.729763
variables: ?HotelProperName-?HotelStreetAddress-?AirportProperName-?AirportCityCountyProperName
Cache-Control: no-cache
Accept: */*
User-Agent: PostmanRuntime/7.6.0
Connection: keep-alive
Postman-Token: b58608c6-5012-4882-b188-9f46c98217ee
Host: localhost:9000
Accept-Encoding: gzip, deflate
Content-Length: 10327
Content-Type: text/plain
*************************************
*************************************
Datetime: 2019-04-20T13:23:49.438045
variables: ?HotelProperName-?HotelStreetAddress-?AirportProperName-?AirportCityCountyProperName
Cache-Control: no-cache
Accept: */*
User-Agent: PostmanRuntime/7.6.0
Connection: keep-alive
Postman-Token: dea79c60-7e30-4119-ae6e-f2db71de58f2
Host: localhost:9000
Accept-Encoding: gzip, deflate
Content-Length: 10327
Content-Type: text/plain
*************************************
*************************************
Datetime: 2019-04-20T13:52:28.488181
variables: ?HotelProperName-?HotelStreetAddress-?AirportProperName-?AirportCityCountyProperName
Cache-Control: no-cache
Accept: */*
User-Agent: PostmanRuntime/7.6.0
Connection: keep-alive
Postman-Token: 231c977d-ea9e-47d8-a73d-23563c104e12
Host: localhost:9000
Accept-Encoding: gzip, deflate
Content-Length: 10327
Content-Type: text/plain
*************************************
*************************************
Datetime: 2019-04-20T13:53:20.634252
variables: ?HotelProperName-?HotelStreetAddress-?AirportProperName-?AirportCityCountyProperName
Cache-Control: no-cache
Accept: */*
User-Agent: PostmanRuntime/7.6.0
Connection: keep-alive
Postman-Token: aa1d1644-ece2-4563-a22d-9efc72c114a9
Host: localhost:9000
Accept-Encoding: gzip, deflate
Content-Length: 10327
Content-Type: text/plain
*************************************
*************************************
Datetime: 2019-04-20T13:55:16.431527
variables: ?HotelProperName-?HotelStreetAddress-?AirportProperName-?AirportCityCountyProperName
Cache-Control: no-cache
Accept: */*
User-Agent: PostmanRuntime/7.6.0
Connection: keep-alive
Postman-Token: 93146a83-c8b5-40c3-827f-7c1f0c321013
Host: localhost:9000
Accept-Encoding: gzip, deflate
Content-Length: 10327
Content-Type: text/plain
*************************************
