*************************************
Datetime: 2019-03-17T13:40:39.187093
RootNode: Airport
Cache-Control: no-cache
Accept: */*
User-Agent: PostmanRuntime/7.6.0
Referer: http://localhost:9000/add
Connection: keep-alive
Postman-Token: cb404d1f-3e14-42aa-9ded-601a0bfe4551
Host: localhost:9000
Accept-Encoding: gzip, deflate
*************************************
*************************************
Datetime: 2019-03-17T13:40:39.181805
RootNode: Airport
Cache-Control: no-cache
Accept: */*
User-Agent: PostmanRuntime/7.6.0
Connection: keep-alive
Postman-Token: cb404d1f-3e14-42aa-9ded-601a0bfe4551
Host: localhost:9000
Accept-Encoding: gzip, deflate
Content-Length: 2755557
Content-Type: text/plain
*************************************
*************************************
Datetime: 2019-03-17T13:44:44.225135
RootNode: Airport
Cache-Control: no-cache
Accept: */*
User-Agent: PostmanRuntime/7.6.0
Referer: http://localhost:9000/add
Connection: keep-alive
Postman-Token: bb34e36e-d853-472b-9e79-c19695f5efc1
Host: localhost:9000
Accept-Encoding: gzip, deflate
*************************************
*************************************
Datetime: 2019-03-17T13:44:44.206642
RootNode: Airport
Cache-Control: no-cache
Accept: */*
User-Agent: PostmanRuntime/7.6.0
Connection: keep-alive
Postman-Token: bb34e36e-d853-472b-9e79-c19695f5efc1
Host: localhost:9000
Accept-Encoding: gzip, deflate
Content-Length: 2755557
Content-Type: text/plain
*************************************
*************************************
Datetime: 2019-03-17T13:46:41.513914
RootNode: Airport
Cache-Control: no-cache
Accept: */*
User-Agent: PostmanRuntime/7.6.0
Connection: keep-alive
Postman-Token: 63299607-415e-4e34-9370-0647e5691a85
Host: localhost:9000
Accept-Encoding: gzip, deflate
Content-Length: 2755557
Content-Type: text/plain
*************************************
*************************************
Datetime: 2019-03-17T14:04:04.204444
RootNode: Airport
Cache-Control: no-cache
Accept: */*
User-Agent: PostmanRuntime/7.6.0
Connection: keep-alive
Postman-Token: fe30ef3f-708a-4134-af3c-2f3bfde4a265
Host: localhost:9000
Accept-Encoding: gzip, deflate
Content-Length: 2755557
Content-Type: text/plain
*************************************
*************************************
Datetime: 2019-03-17T14:08:00.504143
RootNode: Airport
Cache-Control: no-cache
Accept: */*
User-Agent: PostmanRuntime/7.6.0
Connection: keep-alive
Postman-Token: d4b345c5-ebe0-4219-acb3-58c85742525b
Host: localhost:9000
Accept-Encoding: gzip, deflate
Content-Length: 2755557
Content-Type: text/plain
*************************************
*************************************
Datetime: 2019-03-17T14:10:16.602235
RootNode: Airport
Cache-Control: no-cache
Accept: */*
User-Agent: PostmanRuntime/7.6.0
Connection: keep-alive
Postman-Token: 9e568e92-a2e3-413b-96d7-573e667fadd0
Host: localhost:9000
Accept-Encoding: gzip, deflate
Content-Length: 12454
Content-Type: text/plain
*************************************
*************************************
Datetime: 2019-03-17T14:10:57.853992
RootNode: Airport
Cache-Control: no-cache
Accept: */*
User-Agent: PostmanRuntime/7.6.0
Connection: keep-alive
Postman-Token: f079a708-aa6e-4c18-960f-b5ac4408453b
Host: localhost:9000
Accept-Encoding: gzip, deflate
Content-Length: 12454
Content-Type: text/plain
*************************************
*************************************
Datetime: 2019-03-17T14:16:11.714699
RootNode: Airport
Cache-Control: no-cache
Accept: */*
User-Agent: PostmanRuntime/7.6.0
Connection: keep-alive
Postman-Token: c768d765-a610-4474-b9eb-bc70515db850
Host: localhost:9000
Accept-Encoding: gzip, deflate
Content-Length: 12454
Content-Type: text/plain
*************************************
*************************************
Datetime: 2019-03-17T14:17:34.791404
RootNode: Airport
Cache-Control: no-cache
Accept: */*
User-Agent: PostmanRuntime/7.6.0
Connection: keep-alive
Postman-Token: 80a9140a-8ad4-41a1-9165-cbe093a674ec
Host: localhost:9000
Accept-Encoding: gzip, deflate
Content-Length: 12454
Content-Type: text/plain
*************************************
*************************************
Datetime: 2019-03-17T14:19:47.881828
RootNode: Airport
Cache-Control: no-cache
Accept: */*
User-Agent: PostmanRuntime/7.6.0
Connection: keep-alive
Postman-Token: bf9b21ba-0f61-4260-826c-65f79182b5a6
Host: localhost:9000
Accept-Encoding: gzip, deflate
Content-Length: 12454
Content-Type: text/plain
*************************************
*************************************
Datetime: 2019-03-17T14:34:37.954724
RootNode: Airport
Cache-Control: no-cache
Accept: */*
User-Agent: PostmanRuntime/7.6.0
Connection: keep-alive
Postman-Token: 500679d2-0672-4402-916c-d06bfdbc1037
Host: localhost:9000
Accept-Encoding: gzip, deflate
Content-Length: 2721330
Content-Type: text/plain
*************************************
*************************************
Datetime: 2019-03-17T14:35:26.010436
RootNode: Airport
Cache-Control: no-cache
Accept: */*
User-Agent: PostmanRuntime/7.6.0
Connection: keep-alive
Postman-Token: 5d42d223-5e5f-4e06-89ac-cab95d60859e
Host: localhost:9000
Accept-Encoding: gzip, deflate
Content-Length: 2721330
Content-Type: text/plain
*************************************
*************************************
Datetime: 2019-03-17T14:36:03.929477
RootNode: Airport
Cache-Control: no-cache
Accept: */*
User-Agent: PostmanRuntime/7.6.0
Connection: keep-alive
Postman-Token: f5131e9c-b97e-4e63-ad07-f7b8f53eca25
Host: localhost:9000
Accept-Encoding: gzip, deflate
Content-Length: 2721330
Content-Type: text/plain
*************************************
*************************************
Datetime: 2019-03-17T14:36:37.839165
RootNode: Airport
Cache-Control: no-cache
Accept: */*
User-Agent: PostmanRuntime/7.6.0
Connection: keep-alive
Postman-Token: ad90f405-4862-4baf-9c55-151db5c172f3
Host: localhost:9000
Accept-Encoding: gzip, deflate
Content-Length: 2721330
Content-Type: text/plain
*************************************
*************************************
Datetime: 2019-03-17T14:36:45.255310
RootNode: Airport
Cache-Control: no-cache
Accept: */*
User-Agent: PostmanRuntime/7.6.0
Connection: keep-alive
Postman-Token: 37f63ada-a506-4323-8294-28d9a65ac14d
Host: localhost:9000
Accept-Encoding: gzip, deflate
Content-Length: 2721330
Content-Type: text/plain
*************************************
