*************************************
Datetime: 2019-02-17T15:12:57.809723
Authorization: Basic ZG1hcnRpbjoxNipsb2NhdGVkKkZJUkUqbmluZQ==
Cache-Control: no-cache
Accept: */*
User-Agent: PostmanRuntime/7.6.0
Connection: keep-alive
Postman-Token: 928695ba-29ba-4730-95ce-47b66a9c1c2c
Host: 172.31.255.231:9000
Accept-Encoding: gzip, deflate
Subjects: airport
*************************************
*************************************
Datetime: 2019-02-17T15:12:57.925688
Authorization: Basic ZG1hcnRpbjoxNipsb2NhdGVkKkZJUkUqbmluZQ==
Cache-Control: no-cache
Accept: */*
User-Agent: PostmanRuntime/7.6.0
Referer: http://172.31.255.231:9000/attributes
Connection: keep-alive
Postman-Token: 928695ba-29ba-4730-95ce-47b66a9c1c2c
Host: 172.31.255.231:9000
Accept-Encoding: gzip, deflate
Subjects: airport
*************************************
*************************************
Datetime: 2019-02-17T15:15:57.754851
Cache-Control: no-cache
Accept: */*
User-Agent: PostmanRuntime/7.6.0
Connection: keep-alive
Postman-Token: c01140d5-4da8-43ca-a803-3bd051608d6b
Host: 172.31.255.231:9000
Accept-Encoding: gzip, deflate
*************************************
*************************************
Datetime: 2019-02-17T15:15:57.872407
Cache-Control: no-cache
Accept: */*
User-Agent: PostmanRuntime/7.6.0
Referer: http://172.31.255.231:9000/subjects
Connection: keep-alive
Postman-Token: c01140d5-4da8-43ca-a803-3bd051608d6b
Host: 172.31.255.231:9000
Accept-Encoding: gzip, deflate
*************************************
*************************************
Datetime: 2019-02-17T15:19:58.901619
Authorization: Basic ZG1hcnRpbjoxNipsb2NhdGVkKkZJUkUqbmluZQ==
ResultNum: 20
Cache-Control: no-cache
Accept: */*
User-Agent: PostmanRuntime/7.6.0
Connection: keep-alive
Postman-Token: c13eeec1-c7cc-4662-bbb4-4fd1005d49a8
Host: 172.31.255.231:9000
Accept-Encoding: gzip, deflate
Subjects: person
*************************************
*************************************
Datetime: 2019-02-17T15:20:00.077439
Authorization: Basic ZG1hcnRpbjoxNipsb2NhdGVkKkZJUkUqbmluZQ==
ResultNum: 20
Cache-Control: no-cache
Accept: */*
User-Agent: PostmanRuntime/7.6.0
Referer: http://172.31.255.231:9000/query
Connection: keep-alive
Postman-Token: c13eeec1-c7cc-4662-bbb4-4fd1005d49a8
Host: 172.31.255.231:9000
Accept-Encoding: gzip, deflate
Subjects: person
*************************************
*************************************
Datetime: 2019-02-17T15:21:15.109495
Authorization: Basic ZG1hcnRpbjoxNipsb2NhdGVkKkZJUkUqbmluZQ==
ResultNum: 20
Cache-Control: no-cache
Accept: */*
User-Agent: PostmanRuntime/7.6.0
Connection: keep-alive
Postman-Token: 480d32b5-3049-4ad2-bb99-5dd1c6bbde20
Host: localhost:9000
Accept-Encoding: gzip, deflate
Subjects: person
*************************************
*************************************
Datetime: 2019-02-17T15:21:15.263651
Authorization: Basic ZG1hcnRpbjoxNipsb2NhdGVkKkZJUkUqbmluZQ==
ResultNum: 20
Cache-Control: no-cache
Accept: */*
User-Agent: PostmanRuntime/7.6.0
Referer: http://localhost:9000/query
Connection: keep-alive
Postman-Token: 480d32b5-3049-4ad2-bb99-5dd1c6bbde20
Host: localhost:9000
Accept-Encoding: gzip, deflate
Subjects: person
*************************************
*************************************
Datetime: 2019-02-17T15:23:14.173328
Authorization: Basic ZG1hcnRpbjoxNipsb2NhdGVkKkZJUkUqbmluZQ==
ResultNum: 20
Cache-Control: no-cache
Accept: */*
User-Agent: PostmanRuntime/7.6.0
Connection: keep-alive
Constants: ActOfInhabitancyFacilityStreetAddress
Postman-Token: 8c085624-80df-4e47-b1f1-02d13d0ce1e5
Host: 172.31.255.231:9000
Accept-Encoding: gzip, deflate
Subjects: person
*************************************
*************************************
Datetime: 2019-02-17T15:23:14.379676
Authorization: Basic ZG1hcnRpbjoxNipsb2NhdGVkKkZJUkUqbmluZQ==
ResultNum: 20
Cache-Control: no-cache
Accept: */*
User-Agent: PostmanRuntime/7.6.0
Referer: http://172.31.255.231:9000/query
Connection: keep-alive
Constants: ActOfInhabitancyFacilityStreetAddress
Postman-Token: 8c085624-80df-4e47-b1f1-02d13d0ce1e5
Host: 172.31.255.231:9000
Accept-Encoding: gzip, deflate
Subjects: person
*************************************
*************************************
Datetime: 2019-02-17T16:07:19.273003
Accept: application/json, text/plain, */*
resultnum: 1
subjects: person
User-Agent: Expo/2.10.0.105122 CFNetwork/976 Darwin/18.2.0
Connection: keep-alive
Host: 172.31.255.231:9000
Accept-Language: en-us
Accept-Encoding: gzip, deflate
*************************************
*************************************
Datetime: 2019-02-17T16:07:19.272772
Accept: application/json, text/plain, */*
resultnum: 1
subjects: person
User-Agent: Expo/2.10.0.105122 CFNetwork/976 Darwin/18.2.0
Connection: keep-alive
Host: 172.31.255.231:9000
Accept-Language: en-us
Accept-Encoding: gzip, deflate
*************************************
*************************************
Datetime: 2019-02-17T16:07:19.545168
Accept: application/json, text/plain, */*
resultnum: 1
subjects: person
User-Agent: Expo/2.10.0.105122 CFNetwork/976 Darwin/18.2.0
Connection: keep-alive
Host: 172.31.255.231:9000
Accept-Language: en-us
Accept-Encoding: gzip, deflate
*************************************
*************************************
Datetime: 2019-02-17T16:07:19.545276
Accept: application/json, text/plain, */*
resultnum: 1
subjects: person
User-Agent: Expo/2.10.0.105122 CFNetwork/976 Darwin/18.2.0
Connection: keep-alive
Host: 172.31.255.231:9000
Accept-Language: en-us
Accept-Encoding: gzip, deflate
*************************************
*************************************
Datetime: 2019-02-17T16:07:33.079737
Accept: application/json, text/plain, */*
resultnum: 1
subjects: person
User-Agent: Expo/2.10.0.105122 CFNetwork/976 Darwin/18.2.0
Connection: keep-alive
Host: 172.31.255.231:9000
Accept-Language: en-us
Accept-Encoding: gzip, deflate
*************************************
*************************************
Datetime: 2019-02-17T16:07:33.081246
Accept: application/json, text/plain, */*
resultnum: 1
subjects: person
User-Agent: Expo/2.10.0.105122 CFNetwork/976 Darwin/18.2.0
Connection: keep-alive
Host: 172.31.255.231:9000
Accept-Language: en-us
Accept-Encoding: gzip, deflate
*************************************
*************************************
Datetime: 2019-02-17T16:07:33.296688
Accept: application/json, text/plain, */*
resultnum: 1
subjects: person
User-Agent: Expo/2.10.0.105122 CFNetwork/976 Darwin/18.2.0
Connection: keep-alive
Host: 172.31.255.231:9000
Accept-Language: en-us
Accept-Encoding: gzip, deflate
*************************************
*************************************
Datetime: 2019-02-17T16:07:33.296847
Accept: application/json, text/plain, */*
resultnum: 1
subjects: person
User-Agent: Expo/2.10.0.105122 CFNetwork/976 Darwin/18.2.0
Connection: keep-alive
Host: 172.31.255.231:9000
Accept-Language: en-us
Accept-Encoding: gzip, deflate
*************************************
*************************************
Datetime: 2019-02-17T16:07:43.850908
Accept: application/json, text/plain, */*
resultnum: 1
subjects: person
User-Agent: Expo/2.10.0.105122 CFNetwork/976 Darwin/18.2.0
Connection: keep-alive
Host: 172.31.255.231:9000
Accept-Language: en-us
Accept-Encoding: gzip, deflate
*************************************
*************************************
Datetime: 2019-02-17T16:07:44.049096
Accept: application/json, text/plain, */*
resultnum: 1
subjects: person
User-Agent: Expo/2.10.0.105122 CFNetwork/976 Darwin/18.2.0
Connection: keep-alive
Host: 172.31.255.231:9000
Accept-Language: en-us
Accept-Encoding: gzip, deflate
*************************************
*************************************
Datetime: 2019-02-17T16:07:44.866833
Accept: application/json, text/plain, */*
resultnum: 1
subjects: person
User-Agent: Expo/2.10.0.105122 CFNetwork/976 Darwin/18.2.0
Connection: keep-alive
Host: 172.31.255.231:9000
Accept-Language: en-us
Accept-Encoding: gzip, deflate
*************************************
*************************************
Datetime: 2019-02-17T16:07:45.128288
Accept: application/json, text/plain, */*
resultnum: 1
subjects: person
User-Agent: Expo/2.10.0.105122 CFNetwork/976 Darwin/18.2.0
Connection: keep-alive
Host: 172.31.255.231:9000
Accept-Language: en-us
Accept-Encoding: gzip, deflate
*************************************
*************************************
Datetime: 2019-02-17T16:07:45.890801
Accept: application/json, text/plain, */*
resultnum: 1
subjects: person
User-Agent: Expo/2.10.0.105122 CFNetwork/976 Darwin/18.2.0
Connection: keep-alive
Host: 172.31.255.231:9000
Accept-Language: en-us
Accept-Encoding: gzip, deflate
*************************************
*************************************
Datetime: 2019-02-17T16:07:46.077249
Accept: application/json, text/plain, */*
resultnum: 1
subjects: person
User-Agent: Expo/2.10.0.105122 CFNetwork/976 Darwin/18.2.0
Connection: keep-alive
Host: 172.31.255.231:9000
Accept-Language: en-us
Accept-Encoding: gzip, deflate
*************************************
*************************************
Datetime: 2019-02-17T16:07:46.914562
Accept: application/json, text/plain, */*
resultnum: 1
subjects: person
User-Agent: Expo/2.10.0.105122 CFNetwork/976 Darwin/18.2.0
Connection: keep-alive
Host: 172.31.255.231:9000
Accept-Language: en-us
Accept-Encoding: gzip, deflate
*************************************
*************************************
Datetime: 2019-02-17T16:07:47.101353
Accept: application/json, text/plain, */*
resultnum: 1
subjects: person
User-Agent: Expo/2.10.0.105122 CFNetwork/976 Darwin/18.2.0
Connection: keep-alive
Host: 172.31.255.231:9000
Accept-Language: en-us
Accept-Encoding: gzip, deflate
*************************************
*************************************
Datetime: 2019-02-17T16:07:47.891472
Accept: application/json, text/plain, */*
resultnum: 1
subjects: person
User-Agent: Expo/2.10.0.105122 CFNetwork/976 Darwin/18.2.0
Connection: keep-alive
Host: 172.31.255.231:9000
Accept-Language: en-us
Accept-Encoding: gzip, deflate
*************************************
*************************************
Datetime: 2019-02-17T16:07:48.077704
Accept: application/json, text/plain, */*
resultnum: 1
subjects: person
User-Agent: Expo/2.10.0.105122 CFNetwork/976 Darwin/18.2.0
Connection: keep-alive
Host: 172.31.255.231:9000
Accept-Language: en-us
Accept-Encoding: gzip, deflate
*************************************
*************************************
Datetime: 2019-02-17T16:07:48.917715
Accept: application/json, text/plain, */*
resultnum: 1
subjects: person
User-Agent: Expo/2.10.0.105122 CFNetwork/976 Darwin/18.2.0
Connection: keep-alive
Host: 172.31.255.231:9000
Accept-Language: en-us
Accept-Encoding: gzip, deflate
*************************************
*************************************
Datetime: 2019-02-17T16:07:49.102737
Accept: application/json, text/plain, */*
resultnum: 1
subjects: person
User-Agent: Expo/2.10.0.105122 CFNetwork/976 Darwin/18.2.0
Connection: keep-alive
Host: 172.31.255.231:9000
Accept-Language: en-us
Accept-Encoding: gzip, deflate
*************************************
*************************************
Datetime: 2019-02-17T16:07:49.925835
Accept: application/json, text/plain, */*
resultnum: 1
subjects: person
User-Agent: Expo/2.10.0.105122 CFNetwork/976 Darwin/18.2.0
Connection: keep-alive
Host: 172.31.255.231:9000
Accept-Language: en-us
Accept-Encoding: gzip, deflate
*************************************
*************************************
Datetime: 2019-02-17T16:07:50.113045
Accept: application/json, text/plain, */*
resultnum: 1
subjects: person
User-Agent: Expo/2.10.0.105122 CFNetwork/976 Darwin/18.2.0
Connection: keep-alive
Host: 172.31.255.231:9000
Accept-Language: en-us
Accept-Encoding: gzip, deflate
*************************************
*************************************
Datetime: 2019-02-17T16:07:56.954886
Accept: application/json, text/plain, */*
resultnum: 1
subjects: person
Connection: keep-alive
User-Agent: Expo/2.10.0.105122 CFNetwork/976 Darwin/18.2.0
Host: 172.31.255.231:9000
Accept-Language: en-us
Accept-Encoding: gzip, deflate
constants: ActOfInhabitancyFacilityStreetAddress
*************************************
*************************************
Datetime: 2019-02-17T16:07:56.954968
Accept: application/json, text/plain, */*
resultnum: 1
subjects: person
Connection: keep-alive
User-Agent: Expo/2.10.0.105122 CFNetwork/976 Darwin/18.2.0
Host: 172.31.255.231:9000
Accept-Language: en-us
Accept-Encoding: gzip, deflate
constants: ActOfInhabitancyFacilityStreetAddress
*************************************
*************************************
Datetime: 2019-02-17T16:07:57.159431
Accept: application/json, text/plain, */*
resultnum: 1
subjects: person
Connection: keep-alive
User-Agent: Expo/2.10.0.105122 CFNetwork/976 Darwin/18.2.0
Host: 172.31.255.231:9000
Accept-Language: en-us
Accept-Encoding: gzip, deflate
constants: ActOfInhabitancyFacilityStreetAddress
*************************************
*************************************
Datetime: 2019-02-17T16:07:57.159431
Accept: application/json, text/plain, */*
resultnum: 1
subjects: person
Connection: keep-alive
User-Agent: Expo/2.10.0.105122 CFNetwork/976 Darwin/18.2.0
Host: 172.31.255.231:9000
Accept-Language: en-us
Accept-Encoding: gzip, deflate
constants: ActOfInhabitancyFacilityStreetAddress
*************************************
*************************************
Datetime: 2019-02-17T16:08:07.909363
Accept: application/json, text/plain, */*
resultnum: 1
subjects: person
Connection: keep-alive
User-Agent: Expo/2.10.0.105122 CFNetwork/976 Darwin/18.2.0
Host: 172.31.255.231:9000
Accept-Language: en-us
Accept-Encoding: gzip, deflate
constants: ActOfInhabitancyFacilityStreetAddress
*************************************
*************************************
Datetime: 2019-02-17T16:08:08.078989
Accept: application/json, text/plain, */*
resultnum: 1
subjects: person
Connection: keep-alive
User-Agent: Expo/2.10.0.105122 CFNetwork/976 Darwin/18.2.0
Host: 172.31.255.231:9000
Accept-Language: en-us
Accept-Encoding: gzip, deflate
constants: ActOfInhabitancyFacilityStreetAddress
*************************************
*************************************
Datetime: 2019-02-17T16:08:08.933331
Accept: application/json, text/plain, */*
resultnum: 1
subjects: person
Connection: keep-alive
User-Agent: Expo/2.10.0.105122 CFNetwork/976 Darwin/18.2.0
Host: 172.31.255.231:9000
Accept-Language: en-us
Accept-Encoding: gzip, deflate
constants: ActOfInhabitancyFacilityStreetAddress
*************************************
*************************************
Datetime: 2019-02-17T16:08:09.192031
Accept: application/json, text/plain, */*
resultnum: 1
subjects: person
Connection: keep-alive
User-Agent: Expo/2.10.0.105122 CFNetwork/976 Darwin/18.2.0
Host: 172.31.255.231:9000
Accept-Language: en-us
Accept-Encoding: gzip, deflate
constants: ActOfInhabitancyFacilityStreetAddress
*************************************
*************************************
Datetime: 2019-02-17T16:08:09.956344
Accept: application/json, text/plain, */*
resultnum: 1
subjects: person
Connection: keep-alive
User-Agent: Expo/2.10.0.105122 CFNetwork/976 Darwin/18.2.0
Host: 172.31.255.231:9000
Accept-Language: en-us
Accept-Encoding: gzip, deflate
constants: ActOfInhabitancyFacilityStreetAddress
*************************************
*************************************
Datetime: 2019-02-17T16:08:10.143366
Accept: application/json, text/plain, */*
resultnum: 1
subjects: person
Connection: keep-alive
User-Agent: Expo/2.10.0.105122 CFNetwork/976 Darwin/18.2.0
Host: 172.31.255.231:9000
Accept-Language: en-us
Accept-Encoding: gzip, deflate
constants: ActOfInhabitancyFacilityStreetAddress
*************************************
*************************************
Datetime: 2019-02-17T16:08:10.878981
Accept: application/json, text/plain, */*
resultnum: 1
subjects: person
Connection: keep-alive
User-Agent: Expo/2.10.0.105122 CFNetwork/976 Darwin/18.2.0
Host: 172.31.255.231:9000
Accept-Language: en-us
Accept-Encoding: gzip, deflate
constants: ActOfInhabitancyFacilityStreetAddress
*************************************
*************************************
Datetime: 2019-02-17T16:08:11.055759
Accept: application/json, text/plain, */*
resultnum: 1
subjects: person
Connection: keep-alive
User-Agent: Expo/2.10.0.105122 CFNetwork/976 Darwin/18.2.0
Host: 172.31.255.231:9000
Accept-Language: en-us
Accept-Encoding: gzip, deflate
constants: ActOfInhabitancyFacilityStreetAddress
*************************************
*************************************
Datetime: 2019-02-17T16:08:11.885890
Accept: application/json, text/plain, */*
resultnum: 1
subjects: person
Connection: keep-alive
User-Agent: Expo/2.10.0.105122 CFNetwork/976 Darwin/18.2.0
Host: 172.31.255.231:9000
Accept-Language: en-us
Accept-Encoding: gzip, deflate
constants: ActOfInhabitancyFacilityStreetAddress
*************************************
*************************************
Datetime: 2019-02-17T16:08:12.054784
Accept: application/json, text/plain, */*
resultnum: 1
subjects: person
Connection: keep-alive
User-Agent: Expo/2.10.0.105122 CFNetwork/976 Darwin/18.2.0
Host: 172.31.255.231:9000
Accept-Language: en-us
Accept-Encoding: gzip, deflate
constants: ActOfInhabitancyFacilityStreetAddress
*************************************
*************************************
Datetime: 2019-02-17T16:08:12.927971
Accept: application/json, text/plain, */*
resultnum: 1
subjects: person
Connection: keep-alive
User-Agent: Expo/2.10.0.105122 CFNetwork/976 Darwin/18.2.0
Host: 172.31.255.231:9000
Accept-Language: en-us
Accept-Encoding: gzip, deflate
constants: ActOfInhabitancyFacilityStreetAddress
*************************************
*************************************
Datetime: 2019-02-17T16:08:13.101292
Accept: application/json, text/plain, */*
resultnum: 1
subjects: person
Connection: keep-alive
User-Agent: Expo/2.10.0.105122 CFNetwork/976 Darwin/18.2.0
Host: 172.31.255.231:9000
Accept-Language: en-us
Accept-Encoding: gzip, deflate
constants: ActOfInhabitancyFacilityStreetAddress
*************************************
*************************************
Datetime: 2019-02-17T16:08:13.922424
Accept: application/json, text/plain, */*
resultnum: 1
subjects: person
Connection: keep-alive
User-Agent: Expo/2.10.0.105122 CFNetwork/976 Darwin/18.2.0
Host: 172.31.255.231:9000
Accept-Language: en-us
Accept-Encoding: gzip, deflate
constants: ActOfInhabitancyFacilityStreetAddress
*************************************
*************************************
Datetime: 2019-02-17T16:08:14.095557
Accept: application/json, text/plain, */*
resultnum: 1
subjects: person
Connection: keep-alive
User-Agent: Expo/2.10.0.105122 CFNetwork/976 Darwin/18.2.0
Host: 172.31.255.231:9000
Accept-Language: en-us
Accept-Encoding: gzip, deflate
constants: ActOfInhabitancyFacilityStreetAddress
*************************************
*************************************
Datetime: 2019-02-17T16:08:14.976242
Accept: application/json, text/plain, */*
resultnum: 1
subjects: person
Connection: keep-alive
User-Agent: Expo/2.10.0.105122 CFNetwork/976 Darwin/18.2.0
Host: 172.31.255.231:9000
Accept-Language: en-us
Accept-Encoding: gzip, deflate
constants: ActOfInhabitancyFacilityStreetAddress
*************************************
*************************************
Datetime: 2019-02-17T16:08:15.152670
Accept: application/json, text/plain, */*
resultnum: 1
subjects: person
Connection: keep-alive
User-Agent: Expo/2.10.0.105122 CFNetwork/976 Darwin/18.2.0
Host: 172.31.255.231:9000
Accept-Language: en-us
Accept-Encoding: gzip, deflate
constants: ActOfInhabitancyFacilityStreetAddress
*************************************
*************************************
Datetime: 2019-02-17T16:08:15.999969
Accept: application/json, text/plain, */*
resultnum: 1
subjects: person
Connection: keep-alive
User-Agent: Expo/2.10.0.105122 CFNetwork/976 Darwin/18.2.0
Host: 172.31.255.231:9000
Accept-Language: en-us
Accept-Encoding: gzip, deflate
constants: ActOfInhabitancyFacilityStreetAddress
*************************************
*************************************
Datetime: 2019-02-17T16:08:16.170415
Accept: application/json, text/plain, */*
resultnum: 1
subjects: person
Connection: keep-alive
User-Agent: Expo/2.10.0.105122 CFNetwork/976 Darwin/18.2.0
Host: 172.31.255.231:9000
Accept-Language: en-us
Accept-Encoding: gzip, deflate
constants: ActOfInhabitancyFacilityStreetAddress
*************************************
*************************************
Datetime: 2019-02-17T16:08:17.024806
Accept: application/json, text/plain, */*
resultnum: 1
subjects: person
Connection: keep-alive
User-Agent: Expo/2.10.0.105122 CFNetwork/976 Darwin/18.2.0
Host: 172.31.255.231:9000
Accept-Language: en-us
Accept-Encoding: gzip, deflate
constants: ActOfInhabitancyFacilityStreetAddress
*************************************
*************************************
Datetime: 2019-02-17T16:08:17.206861
Accept: application/json, text/plain, */*
resultnum: 1
subjects: person
Connection: keep-alive
User-Agent: Expo/2.10.0.105122 CFNetwork/976 Darwin/18.2.0
Host: 172.31.255.231:9000
Accept-Language: en-us
Accept-Encoding: gzip, deflate
constants: ActOfInhabitancyFacilityStreetAddress
*************************************
*************************************
Datetime: 2019-02-17T16:08:18.049146
Accept: application/json, text/plain, */*
resultnum: 1
subjects: person
Connection: keep-alive
User-Agent: Expo/2.10.0.105122 CFNetwork/976 Darwin/18.2.0
Host: 172.31.255.231:9000
Accept-Language: en-us
Accept-Encoding: gzip, deflate
constants: ActOfInhabitancyFacilityStreetAddress
*************************************
*************************************
Datetime: 2019-02-17T16:08:18.220968
Accept: application/json, text/plain, */*
resultnum: 1
subjects: person
Connection: keep-alive
User-Agent: Expo/2.10.0.105122 CFNetwork/976 Darwin/18.2.0
Host: 172.31.255.231:9000
Accept-Language: en-us
Accept-Encoding: gzip, deflate
constants: ActOfInhabitancyFacilityStreetAddress
*************************************
*************************************
Datetime: 2019-02-17T16:08:18.970428
Accept: application/json, text/plain, */*
resultnum: 1
subjects: person
Connection: keep-alive
User-Agent: Expo/2.10.0.105122 CFNetwork/976 Darwin/18.2.0
Host: 172.31.255.231:9000
Accept-Language: en-us
Accept-Encoding: gzip, deflate
constants: ActOfInhabitancyFacilityStreetAddress
*************************************
*************************************
Datetime: 2019-02-17T16:08:19.148112
Accept: application/json, text/plain, */*
resultnum: 1
subjects: person
Connection: keep-alive
User-Agent: Expo/2.10.0.105122 CFNetwork/976 Darwin/18.2.0
Host: 172.31.255.231:9000
Accept-Language: en-us
Accept-Encoding: gzip, deflate
constants: ActOfInhabitancyFacilityStreetAddress
*************************************
*************************************
Datetime: 2019-02-17T16:08:19.953249
Accept: application/json, text/plain, */*
resultnum: 1
subjects: person
Connection: keep-alive
User-Agent: Expo/2.10.0.105122 CFNetwork/976 Darwin/18.2.0
Host: 172.31.255.231:9000
Accept-Language: en-us
Accept-Encoding: gzip, deflate
constants: ActOfInhabitancyFacilityStreetAddress
*************************************
*************************************
Datetime: 2019-02-17T16:08:20.127144
Accept: application/json, text/plain, */*
resultnum: 1
subjects: person
Connection: keep-alive
User-Agent: Expo/2.10.0.105122 CFNetwork/976 Darwin/18.2.0
Host: 172.31.255.231:9000
Accept-Language: en-us
Accept-Encoding: gzip, deflate
constants: ActOfInhabitancyFacilityStreetAddress
*************************************
*************************************
Datetime: 2019-02-17T16:08:21.019097
Accept: application/json, text/plain, */*
resultnum: 1
subjects: person
Connection: keep-alive
User-Agent: Expo/2.10.0.105122 CFNetwork/976 Darwin/18.2.0
Host: 172.31.255.231:9000
Accept-Language: en-us
Accept-Encoding: gzip, deflate
constants: ActOfInhabitancyFacilityStreetAddress
*************************************
*************************************
Datetime: 2019-02-17T16:08:21.188897
Accept: application/json, text/plain, */*
resultnum: 1
subjects: person
Connection: keep-alive
User-Agent: Expo/2.10.0.105122 CFNetwork/976 Darwin/18.2.0
Host: 172.31.255.231:9000
Accept-Language: en-us
Accept-Encoding: gzip, deflate
constants: ActOfInhabitancyFacilityStreetAddress
*************************************
*************************************
Datetime: 2019-02-17T16:08:22.042029
Accept: application/json, text/plain, */*
resultnum: 1
subjects: person
Connection: keep-alive
User-Agent: Expo/2.10.0.105122 CFNetwork/976 Darwin/18.2.0
Host: 172.31.255.231:9000
Accept-Language: en-us
Accept-Encoding: gzip, deflate
constants: ActOfInhabitancyFacilityStreetAddress
*************************************
*************************************
Datetime: 2019-02-17T16:08:22.211231
Accept: application/json, text/plain, */*
resultnum: 1
subjects: person
Connection: keep-alive
User-Agent: Expo/2.10.0.105122 CFNetwork/976 Darwin/18.2.0
Host: 172.31.255.231:9000
Accept-Language: en-us
Accept-Encoding: gzip, deflate
constants: ActOfInhabitancyFacilityStreetAddress
*************************************
*************************************
Datetime: 2019-02-17T16:08:23.067077
Accept: application/json, text/plain, */*
resultnum: 1
subjects: person
Connection: keep-alive
User-Agent: Expo/2.10.0.105122 CFNetwork/976 Darwin/18.2.0
Host: 172.31.255.231:9000
Accept-Language: en-us
Accept-Encoding: gzip, deflate
constants: ActOfInhabitancyFacilityStreetAddress
*************************************
*************************************
Datetime: 2019-02-17T16:08:23.240962
Accept: application/json, text/plain, */*
resultnum: 1
subjects: person
Connection: keep-alive
User-Agent: Expo/2.10.0.105122 CFNetwork/976 Darwin/18.2.0
Host: 172.31.255.231:9000
Accept-Language: en-us
Accept-Encoding: gzip, deflate
constants: ActOfInhabitancyFacilityStreetAddress
*************************************
*************************************
Datetime: 2019-02-17T16:08:24.091057
Accept: application/json, text/plain, */*
resultnum: 1
subjects: person
Connection: keep-alive
User-Agent: Expo/2.10.0.105122 CFNetwork/976 Darwin/18.2.0
Host: 172.31.255.231:9000
Accept-Language: en-us
Accept-Encoding: gzip, deflate
constants: ActOfInhabitancyFacilityStreetAddress
*************************************
*************************************
Datetime: 2019-02-17T16:08:24.265251
Accept: application/json, text/plain, */*
resultnum: 1
subjects: person
Connection: keep-alive
User-Agent: Expo/2.10.0.105122 CFNetwork/976 Darwin/18.2.0
Host: 172.31.255.231:9000
Accept-Language: en-us
Accept-Encoding: gzip, deflate
constants: ActOfInhabitancyFacilityStreetAddress
*************************************
*************************************
Datetime: 2019-02-17T16:08:25.005316
Accept: application/json, text/plain, */*
resultnum: 1
subjects: person
Connection: keep-alive
User-Agent: Expo/2.10.0.105122 CFNetwork/976 Darwin/18.2.0
Host: 172.31.255.231:9000
Accept-Language: en-us
Accept-Encoding: gzip, deflate
constants: ActOfInhabitancyFacilityStreetAddress
*************************************
*************************************
Datetime: 2019-02-17T16:08:25.188343
Accept: application/json, text/plain, */*
resultnum: 1
subjects: person
Connection: keep-alive
User-Agent: Expo/2.10.0.105122 CFNetwork/976 Darwin/18.2.0
Host: 172.31.255.231:9000
Accept-Language: en-us
Accept-Encoding: gzip, deflate
constants: ActOfInhabitancyFacilityStreetAddress
*************************************
*************************************
Datetime: 2019-02-17T16:08:25.986035
Accept: application/json, text/plain, */*
resultnum: 1
subjects: person
Connection: keep-alive
User-Agent: Expo/2.10.0.105122 CFNetwork/976 Darwin/18.2.0
Host: 172.31.255.231:9000
Accept-Language: en-us
Accept-Encoding: gzip, deflate
constants: ActOfInhabitancyFacilityStreetAddress
*************************************
*************************************
Datetime: 2019-02-17T16:08:26.191068
Accept: application/json, text/plain, */*
resultnum: 1
subjects: person
Connection: keep-alive
User-Agent: Expo/2.10.0.105122 CFNetwork/976 Darwin/18.2.0
Host: 172.31.255.231:9000
Accept-Language: en-us
Accept-Encoding: gzip, deflate
constants: ActOfInhabitancyFacilityStreetAddress
*************************************
*************************************
Datetime: 2019-02-17T16:08:27.061518
Accept: application/json, text/plain, */*
resultnum: 1
subjects: person
Connection: keep-alive
User-Agent: Expo/2.10.0.105122 CFNetwork/976 Darwin/18.2.0
Host: 172.31.255.231:9000
Accept-Language: en-us
Accept-Encoding: gzip, deflate
constants: ActOfInhabitancyFacilityStreetAddress
*************************************
*************************************
Datetime: 2019-02-17T16:08:27.247859
Accept: application/json, text/plain, */*
resultnum: 1
subjects: person
Connection: keep-alive
User-Agent: Expo/2.10.0.105122 CFNetwork/976 Darwin/18.2.0
Host: 172.31.255.231:9000
Accept-Language: en-us
Accept-Encoding: gzip, deflate
constants: ActOfInhabitancyFacilityStreetAddress
*************************************
*************************************
Datetime: 2019-02-17T16:08:28.085207
Accept: application/json, text/plain, */*
resultnum: 1
subjects: person
Connection: keep-alive
User-Agent: Expo/2.10.0.105122 CFNetwork/976 Darwin/18.2.0
Host: 172.31.255.231:9000
Accept-Language: en-us
Accept-Encoding: gzip, deflate
constants: ActOfInhabitancyFacilityStreetAddress
*************************************
*************************************
Datetime: 2019-02-17T16:08:28.262804
Accept: application/json, text/plain, */*
resultnum: 1
subjects: person
Connection: keep-alive
User-Agent: Expo/2.10.0.105122 CFNetwork/976 Darwin/18.2.0
Host: 172.31.255.231:9000
Accept-Language: en-us
Accept-Encoding: gzip, deflate
constants: ActOfInhabitancyFacilityStreetAddress
*************************************
*************************************
Datetime: 2019-02-17T16:08:29.108405
Accept: application/json, text/plain, */*
resultnum: 1
subjects: person
Connection: keep-alive
User-Agent: Expo/2.10.0.105122 CFNetwork/976 Darwin/18.2.0
Host: 172.31.255.231:9000
Accept-Language: en-us
Accept-Encoding: gzip, deflate
constants: ActOfInhabitancyFacilityStreetAddress
*************************************
*************************************
Datetime: 2019-02-17T16:08:29.287236
Accept: application/json, text/plain, */*
resultnum: 1
subjects: person
Connection: keep-alive
User-Agent: Expo/2.10.0.105122 CFNetwork/976 Darwin/18.2.0
Host: 172.31.255.231:9000
Accept-Language: en-us
Accept-Encoding: gzip, deflate
constants: ActOfInhabitancyFacilityStreetAddress
*************************************
*************************************
Datetime: 2019-02-17T16:08:30.133572
Accept: application/json, text/plain, */*
resultnum: 1
subjects: person
Connection: keep-alive
User-Agent: Expo/2.10.0.105122 CFNetwork/976 Darwin/18.2.0
Host: 172.31.255.231:9000
Accept-Language: en-us
Accept-Encoding: gzip, deflate
constants: ActOfInhabitancyFacilityStreetAddress
*************************************
*************************************
Datetime: 2019-02-17T16:08:30.311113
Accept: application/json, text/plain, */*
resultnum: 1
subjects: person
Connection: keep-alive
User-Agent: Expo/2.10.0.105122 CFNetwork/976 Darwin/18.2.0
Host: 172.31.255.231:9000
Accept-Language: en-us
Accept-Encoding: gzip, deflate
constants: ActOfInhabitancyFacilityStreetAddress
*************************************
*************************************
Datetime: 2019-02-17T16:08:37.003220
Accept: application/json, text/plain, */*
resultnum: 1
subjects: person
Connection: keep-alive
User-Agent: Expo/2.10.0.105122 CFNetwork/976 Darwin/18.2.0
Host: 172.31.255.231:9000
Accept-Language: en-us
Accept-Encoding: gzip, deflate
constants: ActOfInhabitancyFacilityStreetAddress
*************************************
*************************************
Datetime: 2019-02-17T16:08:37.176362
Accept: application/json, text/plain, */*
resultnum: 1
subjects: person
Connection: keep-alive
User-Agent: Expo/2.10.0.105122 CFNetwork/976 Darwin/18.2.0
Host: 172.31.255.231:9000
Accept-Language: en-us
Accept-Encoding: gzip, deflate
constants: ActOfInhabitancyFacilityStreetAddress
*************************************
*************************************
Datetime: 2019-02-17T16:10:38.350393
Accept: application/json, text/plain, */*
resultnum: 1
subjects: person
Connection: keep-alive
User-Agent: Expo/2.10.0.105122 CFNetwork/976 Darwin/18.2.0
Host: 172.31.255.231:9000
Accept-Language: en-us
Accept-Encoding: gzip, deflate
constants: ActOfInhabitancyFacilityStreetAddress
*************************************
*************************************
Datetime: 2019-02-17T16:10:38.548303
Accept: application/json, text/plain, */*
resultnum: 1
subjects: person
Connection: keep-alive
User-Agent: Expo/2.10.0.105122 CFNetwork/976 Darwin/18.2.0
Host: 172.31.255.231:9000
Accept-Language: en-us
Accept-Encoding: gzip, deflate
constants: ActOfInhabitancyFacilityStreetAddress
*************************************
*************************************
Datetime: 2019-02-17T16:15:21.406525
Authorization: Basic ZG1hcnRpbjoxNipsb2NhdGVkKkZJUkUqbmluZQ==
ResultNum: 20
Cache-Control: no-cache
Accept: */*
User-Agent: PostmanRuntime/7.6.0
Connection: keep-alive
Constants: PersonActOfRepaymentProbabilityMeasurementInformationContentEntity-:ActOfPurchasingMoneyCountMeasurementInformationContentEntity-
Postman-Token: e00f996d-243c-4169-92e4-629ab4d106ae
Host: localhost:9000
Accept-Encoding: gzip, deflate
Subjects: person
*************************************
*************************************
Datetime: 2019-02-17T16:15:21.480897
Authorization: Basic ZG1hcnRpbjoxNipsb2NhdGVkKkZJUkUqbmluZQ==
ResultNum: 20
Cache-Control: no-cache
Accept: */*
User-Agent: PostmanRuntime/7.6.0
Referer: http://localhost:9000/query
Connection: keep-alive
Constants: PersonActOfRepaymentProbabilityMeasurementInformationContentEntity-:ActOfPurchasingMoneyCountMeasurementInformationContentEntity-
Postman-Token: e00f996d-243c-4169-92e4-629ab4d106ae
Host: localhost:9000
Accept-Encoding: gzip, deflate
Subjects: person
*************************************
*************************************
Datetime: 2019-02-17T16:16:05.112949
Authorization: Basic ZG1hcnRpbjoxNipsb2NhdGVkKkZJUkUqbmluZQ==
ResultNum: 20
Cache-Control: no-cache
Accept: */*
User-Agent: PostmanRuntime/7.6.0
Connection: keep-alive
Postman-Token: d10b1bb5-d5c0-4853-aac8-1bb7a820d039
Host: 172.31.255.231:9000
Accept-Encoding: gzip, deflate
Subjects: person
*************************************
*************************************
Datetime: 2019-02-17T16:16:05.301137
Authorization: Basic ZG1hcnRpbjoxNipsb2NhdGVkKkZJUkUqbmluZQ==
ResultNum: 20
Cache-Control: no-cache
Accept: */*
User-Agent: PostmanRuntime/7.6.0
Referer: http://172.31.255.231:9000/query
Connection: keep-alive
Postman-Token: d10b1bb5-d5c0-4853-aac8-1bb7a820d039
Host: 172.31.255.231:9000
Accept-Encoding: gzip, deflate
Subjects: person
*************************************
*************************************
Datetime: 2019-02-17T16:17:04.610754
Accept: application/json, text/plain, */*
resultnum: 1
subjects: person
Connection: keep-alive
User-Agent: Expo/2.10.0.105122 CFNetwork/976 Darwin/18.2.0
Host: 172.31.255.231:9000
Accept-Language: en-us
Accept-Encoding: gzip, deflate
constants: ActOfInhabitancyFacilityStreetAddress-:FacilityStateProperName-:FacilityCityProperName
*************************************
*************************************
Datetime: 2019-02-17T16:17:04.847528
Accept: application/json, text/plain, */*
resultnum: 1
subjects: person
Connection: keep-alive
User-Agent: Expo/2.10.0.105122 CFNetwork/976 Darwin/18.2.0
Host: 172.31.255.231:9000
Accept-Language: en-us
Accept-Encoding: gzip, deflate
constants: ActOfInhabitancyFacilityStreetAddress-:FacilityStateProperName-:FacilityCityProperName
*************************************
*************************************
Datetime: 2019-02-17T16:18:37.196319
Accept: application/json, text/plain, */*
resultnum: 1
subjects: person
Connection: keep-alive
User-Agent: Expo/2.10.0.105122 CFNetwork/976 Darwin/18.2.0
Host: 172.31.255.231:9000
Accept-Language: en-us
Accept-Encoding: gzip, deflate
constants: ActOfInhabitancyFacilityStreetAddress-:FacilityStateProperName-:FacilityCityProperName-
*************************************
*************************************
Datetime: 2019-02-17T16:18:37.431726
Accept: application/json, text/plain, */*
resultnum: 1
subjects: person
Connection: keep-alive
User-Agent: Expo/2.10.0.105122 CFNetwork/976 Darwin/18.2.0
Host: 172.31.255.231:9000
Accept-Language: en-us
Accept-Encoding: gzip, deflate
constants: ActOfInhabitancyFacilityStreetAddress-:FacilityStateProperName-:FacilityCityProperName-
*************************************
*************************************
Datetime: 2019-02-17T16:19:06.022442
Accept: application/json, text/plain, */*
resultnum: 1
subjects: person
Connection: keep-alive
User-Agent: Expo/2.10.0.105122 CFNetwork/976 Darwin/18.2.0
Host: 172.31.255.231:9000
Accept-Language: en-us
Accept-Encoding: gzip, deflate
constants: ActOfInhabitancyFacilityStreetAddress-:FacilityStateProperName-:FacilityCityProperName-
*************************************
*************************************
Datetime: 2019-02-17T16:19:06.199169
Accept: application/json, text/plain, */*
resultnum: 1
subjects: person
Connection: keep-alive
User-Agent: Expo/2.10.0.105122 CFNetwork/976 Darwin/18.2.0
Host: 172.31.255.231:9000
Accept-Language: en-us
Accept-Encoding: gzip, deflate
constants: ActOfInhabitancyFacilityStreetAddress-:FacilityStateProperName-:FacilityCityProperName-
*************************************
*************************************
Datetime: 2019-02-17T16:20:11.286102
Accept: application/json, text/plain, */*
resultnum: 1
subjects: person
Connection: keep-alive
User-Agent: Expo/2.10.0.105122 CFNetwork/976 Darwin/18.2.0
Host: 172.31.255.231:9000
Accept-Language: en-us
Accept-Encoding: gzip, deflate
constants: ActOfInhabitancyFacilityStreetAddress-:FacilityStateProperName-:FacilityCityProperName-
*************************************
*************************************
Datetime: 2019-02-17T16:20:11.461758
Accept: application/json, text/plain, */*
resultnum: 1
subjects: person
Connection: keep-alive
User-Agent: Expo/2.10.0.105122 CFNetwork/976 Darwin/18.2.0
Host: 172.31.255.231:9000
Accept-Language: en-us
Accept-Encoding: gzip, deflate
constants: ActOfInhabitancyFacilityStreetAddress-:FacilityStateProperName-:FacilityCityProperName-
*************************************
*************************************
Datetime: 2019-02-17T16:22:16.524073
Accept: application/json, text/plain, */*
resultnum: 1
subjects: person
Connection: keep-alive
User-Agent: Expo/2.10.0.105122 CFNetwork/976 Darwin/18.2.0
Host: 172.31.255.231:9000
Accept-Language: en-us
Accept-Encoding: gzip, deflate
constants: ActOfInhabitancyFacilityStreetAddress-:FacilityStateProperName-:FacilityCityProperName-
*************************************
*************************************
Datetime: 2019-02-17T16:22:16.724685
Accept: application/json, text/plain, */*
resultnum: 1
subjects: person
Connection: keep-alive
User-Agent: Expo/2.10.0.105122 CFNetwork/976 Darwin/18.2.0
Host: 172.31.255.231:9000
Accept-Language: en-us
Accept-Encoding: gzip, deflate
constants: ActOfInhabitancyFacilityStreetAddress-:FacilityStateProperName-:FacilityCityProperName-
*************************************
*************************************
Datetime: 2019-02-17T16:23:21.458810
Accept: application/json, text/plain, */*
resultnum: 1
subjects: person
Connection: keep-alive
User-Agent: Expo/2.10.0.105122 CFNetwork/976 Darwin/18.2.0
Host: 172.31.255.231:9000
Accept-Language: en-us
Accept-Encoding: gzip, deflate
constants: ActOfInhabitancyFacilityStreetAddress-:FacilityStateProperName-:FacilityCityProperName-
*************************************
*************************************
Datetime: 2019-02-17T16:23:21.632125
Accept: application/json, text/plain, */*
resultnum: 1
subjects: person
Connection: keep-alive
User-Agent: Expo/2.10.0.105122 CFNetwork/976 Darwin/18.2.0
Host: 172.31.255.231:9000
Accept-Language: en-us
Accept-Encoding: gzip, deflate
constants: ActOfInhabitancyFacilityStreetAddress-:FacilityStateProperName-:FacilityCityProperName-
*************************************
*************************************
Datetime: 2019-02-17T16:23:35.377006
Accept: application/json, text/plain, */*
resultnum: 1
subjects: person
Connection: keep-alive
User-Agent: Expo/2.10.0.105122 CFNetwork/976 Darwin/18.2.0
Host: 172.31.255.231:9000
Accept-Language: en-us
Accept-Encoding: gzip, deflate
constants: ActOfInhabitancyFacilityStreetAddress-:FacilityStateProperName-:FacilityCityProperName-
*************************************
*************************************
Datetime: 2019-02-17T16:23:35.552710
Accept: application/json, text/plain, */*
resultnum: 1
subjects: person
Connection: keep-alive
User-Agent: Expo/2.10.0.105122 CFNetwork/976 Darwin/18.2.0
Host: 172.31.255.231:9000
Accept-Language: en-us
Accept-Encoding: gzip, deflate
constants: ActOfInhabitancyFacilityStreetAddress-:FacilityStateProperName-:FacilityCityProperName-
*************************************
*************************************
Datetime: 2019-02-17T16:23:51.966551
Accept: application/json, text/plain, */*
resultnum: 1
subjects: person
Connection: keep-alive
User-Agent: Expo/2.10.0.105122 CFNetwork/976 Darwin/18.2.0
Host: 172.31.255.231:9000
Accept-Language: en-us
Accept-Encoding: gzip, deflate
constants: ActOfInhabitancyFacilityStreetAddress-:FacilityStateProperName-:FacilityCityProperName-
*************************************
*************************************
Datetime: 2019-02-17T16:23:52.176823
Accept: application/json, text/plain, */*
resultnum: 1
subjects: person
Connection: keep-alive
User-Agent: Expo/2.10.0.105122 CFNetwork/976 Darwin/18.2.0
Host: 172.31.255.231:9000
Accept-Language: en-us
Accept-Encoding: gzip, deflate
constants: ActOfInhabitancyFacilityStreetAddress-:FacilityStateProperName-:FacilityCityProperName-
*************************************
*************************************
Datetime: 2019-02-17T16:27:45.099396
Variables: ActOfInhabitancyFacilityStreetAddress-FacilityCityProperName-FacilityStateProperName
Authorization: Basic ZG1hcnRpbjoxNipsb2NhdGVkKkZJUkUqbmluZQ==
Cache-Control: no-cache
Accept: */*
Username: jdoe
TripleStore: default
User-Agent: PostmanRuntime/7.6.0
Connection: keep-alive
Data: 6210 Guardian Gateway-Aberdeen Proving Ground-MD
Postman-Token: 1cc9bfe3-1f5e-4ca9-8617-b1415ce6982c
Host: localhost:9000
Accept-Encoding: gzip, deflate
*************************************
*************************************
Datetime: 2019-02-17T16:27:45.247933
Accept: */*
User-Agent: PostmanRuntime/7.6.0
Referer: http://localhost:9000/update
Connection: keep-alive
Data: 6210 Guardian Gateway-Aberdeen Proving Ground-MD
Host: localhost:9000
Accept-Encoding: gzip, deflate
Variables: ActOfInhabitancyFacilityStreetAddress-FacilityCityProperName-FacilityStateProperName
Authorization: Basic ZG1hcnRpbjoxNipsb2NhdGVkKkZJUkUqbmluZQ==
Cache-Control: no-cache
Username: jdoe
TripleStore: default
Postman-Token: 1cc9bfe3-1f5e-4ca9-8617-b1415ce6982c
*************************************
*************************************
Datetime: 2019-02-17T16:28:57.882810
Authorization: Basic ZG1hcnRpbjoxNipsb2NhdGVkKkZJUkUqbmluZQ==
ResultNum: 20
Cache-Control: no-cache
Accept: */*
User-Agent: PostmanRuntime/7.6.0
Connection: keep-alive
Constants: ActOfInhabitancyFacilityStreetAddress-:FacilityCityProperName-:FacilityStateProperName-
Postman-Token: 5cb5417d-9eb8-4768-9d68-3848e642b393
Host: localhost:9000
Accept-Encoding: gzip, deflate
Subjects: person
*************************************
*************************************
Datetime: 2019-02-17T16:28:57.949070
Authorization: Basic ZG1hcnRpbjoxNipsb2NhdGVkKkZJUkUqbmluZQ==
ResultNum: 20
Cache-Control: no-cache
Accept: */*
User-Agent: PostmanRuntime/7.6.0
Referer: http://localhost:9000/query
Connection: keep-alive
Constants: ActOfInhabitancyFacilityStreetAddress-:FacilityCityProperName-:FacilityStateProperName-
Postman-Token: 5cb5417d-9eb8-4768-9d68-3848e642b393
Host: localhost:9000
Accept-Encoding: gzip, deflate
Subjects: person
*************************************
*************************************
Datetime: 2019-02-17T16:31:53.664471
Accept: application/json, text/plain, */*
resultnum: 1
subjects: person
Connection: keep-alive
User-Agent: Expo/2.10.0.105122 CFNetwork/976 Darwin/18.2.0
Host: 172.31.255.231:9000
Accept-Language: en-us
Accept-Encoding: gzip, deflate
constants: ActOfInhabitancyFacilityStreetAddress-:FacilityStateProperName-:FacilityCityProperName-
*************************************
*************************************
Datetime: 2019-02-17T16:31:53.842094
Accept: application/json, text/plain, */*
resultnum: 1
subjects: person
Connection: keep-alive
User-Agent: Expo/2.10.0.105122 CFNetwork/976 Darwin/18.2.0
Host: 172.31.255.231:9000
Accept-Language: en-us
Accept-Encoding: gzip, deflate
constants: ActOfInhabitancyFacilityStreetAddress-:FacilityStateProperName-:FacilityCityProperName-
*************************************
*************************************
Datetime: 2019-02-17T16:33:21.060740
Variables: ActOfInhabitancyFacilityStreetAddress-FacilityCityProperName-FacilityStateProperName
Authorization: Basic ZG1hcnRpbjoxNipsb2NhdGVkKkZJUkUqbmluZQ==
Cache-Control: no-cache
Accept: */*
TripleStore: default
User-Agent: PostmanRuntime/7.6.0
Connection: keep-alive
Data: 6210 Guardian Gateway-Aberdeen Proving Ground-MD
Postman-Token: bd2aeb50-68f5-4125-8ea9-b1c88b0b12cf
Host: localhost:9000
Accept-Encoding: gzip, deflate
Subject: person
*************************************
*************************************
Datetime: 2019-02-17T16:33:21.507254
Accept: */*
User-Agent: PostmanRuntime/7.6.0
Referer: http://localhost:9000/update
Connection: keep-alive
Data: 6210 Guardian Gateway-Aberdeen Proving Ground-MD
Host: localhost:9000
Accept-Encoding: gzip, deflate
Subject: person
Variables: ActOfInhabitancyFacilityStreetAddress-FacilityCityProperName-FacilityStateProperName
Authorization: Basic ZG1hcnRpbjoxNipsb2NhdGVkKkZJUkUqbmluZQ==
Cache-Control: no-cache
TripleStore: default
Postman-Token: bd2aeb50-68f5-4125-8ea9-b1c88b0b12cf
*************************************
*************************************
Datetime: 2019-02-17T16:33:26.262844
Authorization: Basic ZG1hcnRpbjoxNipsb2NhdGVkKkZJUkUqbmluZQ==
ResultNum: 20
Cache-Control: no-cache
Accept: */*
User-Agent: PostmanRuntime/7.6.0
Connection: keep-alive
Constants: ActOfInhabitancyFacilityStreetAddress-:FacilityCityProperName-:FacilityStateProperName-
Postman-Token: 16785f96-13b1-492d-ac06-5c1b6479e59b
Host: localhost:9000
Accept-Encoding: gzip, deflate
Subjects: person
*************************************
*************************************
Datetime: 2019-02-17T16:33:26.325463
Authorization: Basic ZG1hcnRpbjoxNipsb2NhdGVkKkZJUkUqbmluZQ==
ResultNum: 20
Cache-Control: no-cache
Accept: */*
User-Agent: PostmanRuntime/7.6.0
Referer: http://localhost:9000/query
Connection: keep-alive
Constants: ActOfInhabitancyFacilityStreetAddress-:FacilityCityProperName-:FacilityStateProperName-
Postman-Token: 16785f96-13b1-492d-ac06-5c1b6479e59b
Host: localhost:9000
Accept-Encoding: gzip, deflate
Subjects: person
*************************************
*************************************
Datetime: 2019-02-17T16:33:58.190805
Accept: application/json, text/plain, */*
resultnum: 1
subjects: person
Connection: keep-alive
User-Agent: Expo/2.10.0.105122 CFNetwork/976 Darwin/18.2.0
Host: 172.31.255.231:9000
Accept-Language: en-us
Accept-Encoding: gzip, deflate
constants: ActOfInhabitancyFacilityStreetAddress-:FacilityStateProperName-:FacilityCityProperName-
*************************************
*************************************
Datetime: 2019-02-17T16:33:58.423180
Accept: application/json, text/plain, */*
resultnum: 1
subjects: person
Connection: keep-alive
User-Agent: Expo/2.10.0.105122 CFNetwork/976 Darwin/18.2.0
Host: 172.31.255.231:9000
Accept-Language: en-us
Accept-Encoding: gzip, deflate
constants: ActOfInhabitancyFacilityStreetAddress-:FacilityStateProperName-:FacilityCityProperName-
*************************************
